Job ID: 4951
Node: node002 echo Starting: 04/21/24 21:06:30
aballo
len 102225

  0%|          | 0/134 [00:00<?, ?it/s]
  1%|          | 1/134 [00:00<01:31,  1.46it/s]
  2%|▏         | 3/134 [00:00<00:28,  4.54it/s]
  4%|▎         | 5/134 [00:00<00:17,  7.38it/s]
  5%|▌         | 7/134 [00:01<00:12,  9.85it/s]
  7%|▋         | 9/134 [00:01<00:10, 11.89it/s]
  8%|▊         | 11/134 [00:01<00:09, 13.51it/s]
 10%|▉         | 13/134 [00:01<00:08, 14.75it/s]
 11%|█         | 15/134 [00:01<00:07, 15.67it/s]
 13%|█▎        | 17/134 [00:01<00:07, 16.37it/s]
 14%|█▍        | 19/134 [00:01<00:06, 16.87it/s]
 16%|█▌        | 21/134 [00:01<00:06, 17.24it/s]
 17%|█▋        | 23/134 [00:01<00:06, 17.48it/s]
 19%|█▊        | 25/134 [00:02<00:06, 17.66it/s]
 20%|██        | 27/134 [00:02<00:06, 17.78it/s]
 22%|██▏       | 29/134 [00:02<00:05, 17.86it/s]
 23%|██▎       | 31/134 [00:02<00:05, 17.90it/s]
 25%|██▍       | 33/134 [00:02<00:05, 17.93it/s]
 26%|██▌       | 35/134 [00:02<00:05, 17.97it/s]
 28%|██▊       | 37/134 [00:02<00:05, 17.99it/s]
 29%|██▉       | 39/134 [00:02<00:05, 18.00it/s]
 31%|███       | 41/134 [00:02<00:05, 18.03it/s]
 32%|███▏      | 43/134 [00:03<00:05, 18.04it/s]
 34%|███▎      | 45/134 [00:03<00:04, 18.04it/s]
 35%|███▌      | 47/134 [00:03<00:04, 18.03it/s]
 37%|███▋      | 49/134 [00:03<00:04, 18.05it/s]
 37%|███▋      | 49/134 [00:03<00:05, 14.40it/s]
Batch Number: 1 | Loss: 6.9353
Batch Number: 2 | Loss: 6.0072
Batch Number: 3 | Loss: 5.0989
Batch Number: 4 | Loss: 4.6069
Batch Number: 5 | Loss: 3.8734
Batch Number: 6 | Loss: 3.2882
Batch Number: 7 | Loss: 2.7567
Batch Number: 8 | Loss: 2.1879
Batch Number: 9 | Loss: 1.7872
Batch Number: 10 | Loss: 1.5159
Batch Number: 11 | Loss: 1.1435
Batch Number: 12 | Loss: 1.0667
Batch Number: 13 | Loss: 0.8476
Batch Number: 14 | Loss: 0.7964
Batch Number: 15 | Loss: 0.8976
increased
Batch Number: 16 | Loss: 0.9590
increased
Batch Number: 17 | Loss: 1.0034
increased
Batch Number: 18 | Loss: 0.9346
Batch Number: 19 | Loss: 0.9508
increased
Batch Number: 20 | Loss: 0.9180
Batch Number: 21 | Loss: 0.9087
increased
Batch Number: 22 | Loss: 0.9008
increased
Batch Number: 23 | Loss: 0.8193
Batch Number: 24 | Loss: 0.8744
increased
Batch Number: 25 | Loss: 0.7645
Batch Number: 26 | Loss: 0.8742
increased
Batch Number: 27 | Loss: 0.7893
Batch Number: 28 | Loss: 0.9313
increased
Batch Number: 29 | Loss: 0.9893
increased
Batch Number: 30 | Loss: 0.6473
Batch Number: 31 | Loss: 0.7504
increased
Batch Number: 32 | Loss: 0.8421
increased
Batch Number: 33 | Loss: 0.7851
Batch Number: 34 | Loss: 0.5751
Batch Number: 35 | Loss: 0.7351
increased
Batch Number: 36 | Loss: 0.7408
increased
Batch Number: 37 | Loss: 0.6858
Batch Number: 38 | Loss: 0.8600
increased
Batch Number: 39 | Loss: 0.8546
increased
Batch Number: 40 | Loss: 0.6959
Batch Number: 41 | Loss: 0.9100
increased
Batch Number: 42 | Loss: 0.7769
Batch Number: 43 | Loss: 0.6668
Batch Number: 44 | Loss: 0.9428
increased
Batch Number: 45 | Loss: 0.8050
Batch Number: 46 | Loss: 0.7394
Batch Number: 47 | Loss: 0.6656
Batch Number: 48 | Loss: 0.5223
Batch Number: 49 | Loss: 0.5589
increased
Batch Number: 50 | Loss: 0.5788
increased
Early stopping at epoch: 6272 batch: 50
predict masked tokens list :  [88296, 111665, 44078, 82676, 39237, 1819, 25326, 39486, 9359, 9908, 97747, 28738, 69557, 74924, 124656, 124121, 103455, 39878]
average last 5 losses: 0.6129878163337708
Ending: 04/21/24 21:07:09
