Job ID: 4982
Node: node002 echo Starting: 04/21/24 22:34:28
aballo
Initialization complete. Training on 184005 example sentences.
Batch Number: 1 | Loss: 6.9181
Batch Number: 2 | Loss: 6.0644
Batch Number: 3 | Loss: 5.3983
Batch Number: 4 | Loss: 4.5377
Batch Number: 5 | Loss: 3.9212
Batch Number: 6 | Loss: 3.2877
Batch Number: 7 | Loss: 2.7349
Batch Number: 8 | Loss: 2.3643
Batch Number: 9 | Loss: 1.8628
Batch Number: 10 | Loss: 1.3187
Batch Number: 11 | Loss: 1.1241
Batch Number: 12 | Loss: 1.1100
Batch Number: 13 | Loss: 1.0972
Batch Number: 14 | Loss: 1.0628
Batch Number: 15 | Loss: 1.0804
Batch Number: 16 | Loss: 1.0761
Batch Number: 17 | Loss: 1.1193
Batch Number: 18 | Loss: 0.9698
Batch Number: 19 | Loss: 1.0026
Batch Number: 20 | Loss: 1.0104
Batch Number: 21 | Loss: 0.9665
Batch Number: 22 | Loss: 0.9654
Batch Number: 23 | Loss: 1.0044
Batch Number: 24 | Loss: 1.0005
Batch Number: 25 | Loss: 1.0039
Batch Number: 26 | Loss: 1.0965
Batch Number: 27 | Loss: 0.9630
Batch Number: 28 | Loss: 0.8323
Batch Number: 29 | Loss: 0.9852
Batch Number: 30 | Loss: 0.9846
Batch Number: 31 | Loss: 0.8516
Batch Number: 32 | Loss: 0.9298
Batch Number: 33 | Loss: 0.8343
Batch Number: 34 | Loss: 0.7698
Batch Number: 35 | Loss: 0.7802
Batch Number: 36 | Loss: 0.9248
Batch Number: 37 | Loss: 0.7913
Batch Number: 38 | Loss: 0.8671
Batch Number: 39 | Loss: 0.9598
Batch Number: 40 | Loss: 0.7961
Batch Number: 41 | Loss: 0.9050
Batch Number: 42 | Loss: 0.8955
Batch Number: 43 | Loss: 0.7751
Batch Number: 44 | Loss: 1.0023
Batch Number: 45 | Loss: 0.8473
Batch Number: 46 | Loss: 0.7914
Batch Number: 47 | Loss: 0.8094
Batch Number: 48 | Loss: 0.6473
Batch Number: 49 | Loss: 0.6835
Batch Number: 50 | Loss: 0.5588
Batch Number: 51 | Loss: 0.7228
Batch Number: 52 | Loss: 0.9532
Batch Number: 53 | Loss: 0.9292
Batch Number: 54 | Loss: 0.5221
Batch Number: 55 | Loss: 0.6174
Batch Number: 56 | Loss: 0.8587
Batch Number: 57 | Loss: 0.9138
Batch Number: 58 | Loss: 0.7565
Batch Number: 59 | Loss: 0.3781
Batch Number: 60 | Loss: 0.4109
Batch Number: 61 | Loss: 0.3792
Batch Number: 62 | Loss: 0.8009
Batch Number: 63 | Loss: 0.6272
Batch Number: 64 | Loss: 0.6767
Batch Number: 65 | Loss: 0.7762
Batch Number: 66 | Loss: 0.5842
Batch Number: 67 | Loss: 0.7449
Batch Number: 68 | Loss: 0.7679
Batch Number: 69 | Loss: 0.8457
Batch Number: 70 | Loss: 0.5888
Batch Number: 71 | Loss: 0.7207
Batch Number: 72 | Loss: 0.6514
Batch Number: 73 | Loss: 0.6140
Batch Number: 74 | Loss: 0.6422
Batch Number: 75 | Loss: 0.8144
Batch Number: 76 | Loss: 0.3842
Batch Number: 77 | Loss: 0.5009
Batch Number: 78 | Loss: 0.8005
Batch Number: 79 | Loss: 0.5086
Batch Number: 80 | Loss: 0.7772
Batch Number: 81 | Loss: 0.7534
Batch Number: 82 | Loss: 0.2999
Batch Number: 83 | Loss: 0.6894
Batch Number: 84 | Loss: 0.6890
Batch Number: 85 | Loss: 0.9398
Batch Number: 86 | Loss: 0.7784
Batch Number: 87 | Loss: 0.7841
Batch Number: 88 | Loss: 0.5514
Batch Number: 89 | Loss: 0.4922
Batch Number: 90 | Loss: 0.7042
Batch Number: 91 | Loss: 0.3919
Batch Number: 92 | Loss: 0.4641
Batch Number: 93 | Loss: 0.5900
Batch Number: 94 | Loss: 0.4413
Batch Number: 95 | Loss: 0.3447
Batch Number: 96 | Loss: 0.5221
Batch Number: 97 | Loss: 0.6435
Batch Number: 98 | Loss: 0.5173
Batch Number: 99 | Loss: 0.6577
Batch Number: 100 | Loss: 0.8146
Batch Number: 101 | Loss: 0.7853
Batch Number: 102 | Loss: 0.6449
Batch Number: 103 | Loss: 0.5931
Batch Number: 104 | Loss: 0.8380
Batch Number: 105 | Loss: 0.8956
Batch Number: 106 | Loss: 0.3926
Batch Number: 107 | Loss: 0.8278
Batch Number: 108 | Loss: 0.5222
Batch Number: 109 | Loss: 0.5020
Batch Number: 110 | Loss: 0.6162
Batch Number: 111 | Loss: 0.7461
Batch Number: 112 | Loss: 0.7389
Batch Number: 113 | Loss: 0.8301
Batch Number: 114 | Loss: 0.6513
Batch Number: 115 | Loss: 0.2896
Batch Number: 116 | Loss: 0.7502
Batch Number: 117 | Loss: 0.7718
Batch Number: 118 | Loss: 0.6749
Batch Number: 119 | Loss: 0.9225
Batch Number: 120 | Loss: 0.5811
Batch Number: 121 | Loss: 0.6694
Batch Number: 122 | Loss: 0.4131
Batch Number: 123 | Loss: 0.5825
Batch Number: 124 | Loss: 0.8208
Batch Number: 125 | Loss: 0.4708
Batch Number: 126 | Loss: 0.6373
Batch Number: 127 | Loss: 0.5786
Batch Number: 128 | Loss: 0.3899
Batch Number: 129 | Loss: 0.7855
Batch Number: 130 | Loss: 0.4903
Batch Number: 131 | Loss: 0.5358
Batch Number: 132 | Loss: 0.6093
Batch Number: 133 | Loss: 0.9971
Batch Number: 134 | Loss: 0.4154
Batch Number: 135 | Loss: 0.7669
Batch Number: 136 | Loss: 0.6708
Batch Number: 137 | Loss: 0.4764
Batch Number: 138 | Loss: 0.6613
Batch Number: 139 | Loss: 0.7224
Batch Number: 140 | Loss: 0.5303
Batch Number: 141 | Loss: 0.6263
Batch Number: 142 | Loss: 0.7076
Batch Number: 143 | Loss: 0.6086
Batch Number: 144 | Loss: 0.8052
Batch Number: 145 | Loss: 0.7174
Batch Number: 146 | Loss: 0.7460
Batch Number: 147 | Loss: 0.9112
Batch Number: 148 | Loss: 0.6833
Batch Number: 149 | Loss: 0.8322
Batch Number: 150 | Loss: 0.5611
Batch Number: 151 | Loss: 0.5462
Batch Number: 152 | Loss: 0.6514
Batch Number: 153 | Loss: 0.7069
Batch Number: 154 | Loss: 0.8567
Batch Number: 155 | Loss: 0.4816
Batch Number: 156 | Loss: 0.5632
Batch Number: 157 | Loss: 0.6527
Batch Number: 158 | Loss: 0.6753
Batch Number: 159 | Loss: 0.4038
Batch Number: 160 | Loss: 0.3882
Batch Number: 161 | Loss: 0.5978
Batch Number: 162 | Loss: 0.4563
Batch Number: 163 | Loss: 0.6197
Batch Number: 164 | Loss: 0.3516
Batch Number: 165 | Loss: 0.6570
Batch Number: 166 | Loss: 0.4946
Batch Number: 167 | Loss: 0.6320
Batch Number: 168 | Loss: 0.4244
Batch Number: 169 | Loss: 0.6521
Batch Number: 170 | Loss: 0.4879
Batch Number: 171 | Loss: 0.5003
Batch Number: 172 | Loss: 0.6805
Batch Number: 173 | Loss: 0.7234
Batch Number: 174 | Loss: 0.5295
Batch Number: 175 | Loss: 0.6075
Batch Number: 176 | Loss: 0.4045
Batch Number: 177 | Loss: 0.7815
Batch Number: 178 | Loss: 0.5864
Batch Number: 179 | Loss: 0.5918
Batch Number: 180 | Loss: 0.4913
Batch Number: 181 | Loss: 0.4085
Batch Number: 182 | Loss: 0.6941
Batch Number: 183 | Loss: 0.6666
Batch Number: 184 | Loss: 0.4434
Batch Number: 185 | Loss: 0.7369
Batch Number: 186 | Loss: 0.4237
Batch Number: 187 | Loss: 0.6905
Batch Number: 188 | Loss: 0.3589
Batch Number: 189 | Loss: 0.5368
Batch Number: 190 | Loss: 0.3201
Batch Number: 191 | Loss: 0.5539
Batch Number: 192 | Loss: 0.5844
Batch Number: 193 | Loss: 0.5979
Batch Number: 194 | Loss: 0.6747
Batch Number: 195 | Loss: 0.4511
Batch Number: 196 | Loss: 0.5758
Batch Number: 197 | Loss: 0.4312
Batch Number: 198 | Loss: 0.4967
Batch Number: 199 | Loss: 0.3935
Batch Number: 200 | Loss: 0.4049
Batch Number: 201 | Loss: 0.5436
Batch Number: 202 | Loss: 0.9710
Batch Number: 203 | Loss: 0.5381
Batch Number: 204 | Loss: 0.6307
Batch Number: 205 | Loss: 0.4080
Batch Number: 206 | Loss: 0.6125
Batch Number: 207 | Loss: 0.5140
Batch Number: 208 | Loss: 0.2505
Batch Number: 209 | Loss: 0.3399
Batch Number: 210 | Loss: 0.6986
Batch Number: 211 | Loss: 0.5660
Batch Number: 212 | Loss: 0.7814
Batch Number: 213 | Loss: 0.5420
Batch Number: 214 | Loss: 0.7575
Batch Number: 215 | Loss: 0.4702
Batch Number: 216 | Loss: 0.7110
Batch Number: 217 | Loss: 0.7493
Batch Number: 218 | Loss: 0.9045
Batch Number: 219 | Loss: 0.4022
Batch Number: 220 | Loss: 0.3186
Batch Number: 221 | Loss: 0.2551
Batch Number: 222 | Loss: 0.7328
Batch Number: 223 | Loss: 0.7661
Batch Number: 224 | Loss: 0.6167
Batch Number: 225 | Loss: 0.5761
Batch Number: 226 | Loss: 0.4225
Batch Number: 227 | Loss: 0.8089
Batch Number: 228 | Loss: 0.4135
Batch Number: 229 | Loss: 0.5258
Batch Number: 230 | Loss: 0.7372
Batch Number: 231 | Loss: 0.5384
Batch Number: 232 | Loss: 0.6642
Batch Number: 233 | Loss: 0.6034
Batch Number: 234 | Loss: 0.4595
Batch Number: 235 | Loss: 0.7382
Batch Number: 236 | Loss: 0.4446
Batch Number: 237 | Loss: 0.3725
Batch Number: 238 | Loss: 0.5768
Batch Number: 239 | Loss: 0.9000
Batch Number: 240 | Loss: 0.2713
Initialization complete. Training on 184005 example sentences.
Batch Number: 1 | Loss: 5.5414
Batch Number: 2 | Loss: 4.5615
Batch Number: 3 | Loss: 3.6869
Batch Number: 4 | Loss: 2.9854
Batch Number: 5 | Loss: 2.3340
Batch Number: 6 | Loss: 1.5032
Batch Number: 7 | Loss: 1.1962
Batch Number: 8 | Loss: 0.9850
Batch Number: 9 | Loss: 0.9977
Batch Number: 10 | Loss: 0.9846
Batch Number: 11 | Loss: 0.9993
Batch Number: 12 | Loss: 0.9891
Batch Number: 13 | Loss: 0.9267
Batch Number: 14 | Loss: 0.8871
Batch Number: 15 | Loss: 0.9438
Batch Number: 16 | Loss: 0.9278
Batch Number: 17 | Loss: 0.9416
Batch Number: 18 | Loss: 0.8756
Batch Number: 19 | Loss: 0.8089
Batch Number: 20 | Loss: 0.9478
Batch Number: 21 | Loss: 1.0118
Batch Number: 22 | Loss: 0.8653
Batch Number: 23 | Loss: 0.8461
Batch Number: 24 | Loss: 0.8996
Batch Number: 25 | Loss: 0.8744
Batch Number: 26 | Loss: 0.8565
Batch Number: 27 | Loss: 0.7650
Batch Number: 28 | Loss: 0.9676
Batch Number: 29 | Loss: 0.8683
Batch Number: 30 | Loss: 0.7425
Batch Number: 31 | Loss: 0.6890
Batch Number: 32 | Loss: 0.7894
Batch Number: 33 | Loss: 0.7535
Batch Number: 34 | Loss: 0.6108
Batch Number: 35 | Loss: 0.6515
Batch Number: 36 | Loss: 0.7796
Batch Number: 37 | Loss: 0.6811
Batch Number: 38 | Loss: 0.8016
Batch Number: 39 | Loss: 0.8950
Batch Number: 40 | Loss: 0.6781
Batch Number: 41 | Loss: 0.7814
Batch Number: 42 | Loss: 0.8183
Batch Number: 43 | Loss: 0.6465
Batch Number: 44 | Loss: 0.9157
Batch Number: 45 | Loss: 0.8946
Batch Number: 46 | Loss: 0.8277
Batch Number: 47 | Loss: 0.7218
Batch Number: 48 | Loss: 0.5765
Batch Number: 49 | Loss: 0.5232
Batch Number: 50 | Loss: 0.3582
Batch Number: 51 | Loss: 0.7549
Batch Number: 52 | Loss: 0.9653
Batch Number: 53 | Loss: 0.7669
Batch Number: 54 | Loss: 0.3670
Batch Number: 55 | Loss: 0.5730
Batch Number: 56 | Loss: 0.9410
Batch Number: 57 | Loss: 0.7536
Batch Number: 58 | Loss: 0.8980
Batch Number: 59 | Loss: 0.3356
Batch Number: 60 | Loss: 0.3365
Batch Number: 61 | Loss: 0.4213
Batch Number: 62 | Loss: 0.7500
Batch Number: 63 | Loss: 0.6499
Batch Number: 64 | Loss: 0.6826
Batch Number: 65 | Loss: 0.7352
Batch Number: 66 | Loss: 0.4279
Batch Number: 67 | Loss: 0.6595
Batch Number: 68 | Loss: 0.6985
Batch Number: 69 | Loss: 0.8602
Batch Number: 70 | Loss: 0.6141
Batch Number: 71 | Loss: 0.6614
Batch Number: 72 | Loss: 0.6009
Batch Number: 73 | Loss: 0.5106
Batch Number: 74 | Loss: 0.5200
Batch Number: 75 | Loss: 0.7905
Batch Number: 76 | Loss: 0.2094
Batch Number: 77 | Loss: 0.4180
Batch Number: 78 | Loss: 0.8713
Batch Number: 79 | Loss: 0.6679
Batch Number: 80 | Loss: 0.7125
Batch Number: 81 | Loss: 0.7981
Batch Number: 82 | Loss: 0.2692
Batch Number: 83 | Loss: 0.7104
Batch Number: 84 | Loss: 0.5643
Batch Number: 85 | Loss: 0.9091
Batch Number: 86 | Loss: 0.5761
Batch Number: 87 | Loss: 0.8144
Batch Number: 88 | Loss: 0.5381
Batch Number: 89 | Loss: 0.5589
Batch Number: 90 | Loss: 0.6941
Batch Number: 91 | Loss: 0.5637
Batch Number: 92 | Loss: 0.4288
Batch Number: 93 | Loss: 0.5622
Batch Number: 94 | Loss: 0.3851
Batch Number: 95 | Loss: 0.3796
Batch Number: 96 | Loss: 0.5248
Batch Number: 97 | Loss: 0.6353
Batch Number: 98 | Loss: 0.5346
Batch Number: 99 | Loss: 0.5460
Batch Number: 100 | Loss: 0.7592
Batch Number: 101 | Loss: 0.7629
Batch Number: 102 | Loss: 0.5608
Batch Number: 103 | Loss: 0.6113
Batch Number: 104 | Loss: 0.8604
Batch Number: 105 | Loss: 0.7200
Batch Number: 106 | Loss: 0.4178
Batch Number: 107 | Loss: 0.9450
Batch Number: 108 | Loss: 0.3893
Batch Number: 109 | Loss: 0.4072
Batch Number: 110 | Loss: 0.5603
Batch Number: 111 | Loss: 0.7706
Batch Number: 112 | Loss: 0.6164
Batch Number: 113 | Loss: 0.8484
Batch Number: 114 | Loss: 0.5815
Batch Number: 115 | Loss: 0.4066
Batch Number: 116 | Loss: 0.6857
Batch Number: 117 | Loss: 0.6654
Batch Number: 118 | Loss: 0.4911
Batch Number: 119 | Loss: 0.7322
Batch Number: 120 | Loss: 0.6530
Batch Number: 121 | Loss: 0.6404
Batch Number: 122 | Loss: 0.4352
Batch Number: 123 | Loss: 0.7279
Batch Number: 124 | Loss: 0.8054
Batch Number: 125 | Loss: 0.5354
Batch Number: 126 | Loss: 0.5563
Batch Number: 127 | Loss: 0.5854
Batch Number: 128 | Loss: 0.4369
Batch Number: 129 | Loss: 0.7407
Batch Number: 130 | Loss: 0.5670
Batch Number: 131 | Loss: 0.5485
Batch Number: 132 | Loss: 0.4900
Batch Number: 133 | Loss: 0.9621
Batch Number: 134 | Loss: 0.3008
Batch Number: 135 | Loss: 0.6389
Batch Number: 136 | Loss: 0.6054
Batch Number: 137 | Loss: 0.4092
Batch Number: 138 | Loss: 0.6830
Batch Number: 139 | Loss: 0.5898
Batch Number: 140 | Loss: 0.5562
Batch Number: 141 | Loss: 0.5947
Batch Number: 142 | Loss: 0.5330
Batch Number: 143 | Loss: 0.7030
Batch Number: 144 | Loss: 0.7176
Batch Number: 145 | Loss: 0.7351
Batch Number: 146 | Loss: 0.7162
Batch Number: 147 | Loss: 0.7662
Batch Number: 148 | Loss: 0.6051
Batch Number: 149 | Loss: 0.8099
Batch Number: 150 | Loss: 0.5579
Batch Number: 151 | Loss: 0.5183
Batch Number: 152 | Loss: 0.5825
Batch Number: 153 | Loss: 0.7354
Batch Number: 154 | Loss: 0.5598
Batch Number: 155 | Loss: 0.3650
Batch Number: 156 | Loss: 0.5687
Batch Number: 157 | Loss: 0.5686
Batch Number: 158 | Loss: 0.6841
Batch Number: 159 | Loss: 0.4955
Batch Number: 160 | Loss: 0.4668
Batch Number: 161 | Loss: 0.6830
Batch Number: 162 | Loss: 0.5286
Batch Number: 163 | Loss: 0.3763
Batch Number: 164 | Loss: 0.2471
Batch Number: 165 | Loss: 0.4922
Batch Number: 166 | Loss: 0.3020
Batch Number: 167 | Loss: 0.4667
Batch Number: 168 | Loss: 0.4870
Batch Number: 169 | Loss: 0.4975
Batch Number: 170 | Loss: 0.3829
Batch Number: 171 | Loss: 0.4424
Batch Number: 172 | Loss: 0.4942
Batch Number: 173 | Loss: 0.6343
Batch Number: 174 | Loss: 0.4291
Batch Number: 175 | Loss: 0.4917
Batch Number: 176 | Loss: 0.5039
Batch Number: 177 | Loss: 0.7854
Batch Number: 178 | Loss: 0.7028
Batch Number: 179 | Loss: 0.4760
Batch Number: 180 | Loss: 0.6254
Batch Number: 181 | Loss: 0.4456
Batch Number: 182 | Loss: 0.5330
Batch Number: 183 | Loss: 0.7910
Batch Number: 184 | Loss: 0.3461
Batch Number: 185 | Loss: 0.5696
Batch Number: 186 | Loss: 0.5053
Batch Number: 187 | Loss: 0.6905
Batch Number: 188 | Loss: 0.2073
Batch Number: 189 | Loss: 0.5168
Batch Number: 190 | Loss: 0.5771
Batch Number: 191 | Loss: 0.3548
Batch Number: 192 | Loss: 0.4620
Batch Number: 193 | Loss: 0.5164
Batch Number: 194 | Loss: 0.7054
Batch Number: 195 | Loss: 0.5284
Batch Number: 196 | Loss: 0.5216
Batch Number: 197 | Loss: 0.4515
Batch Number: 198 | Loss: 0.4831
Batch Number: 199 | Loss: 0.4788
Batch Number: 200 | Loss: 0.3972
Batch Number: 201 | Loss: 0.4420
Batch Number: 202 | Loss: 0.6807
Batch Number: 203 | Loss: 0.6179
Batch Number: 204 | Loss: 0.5463
Batch Number: 205 | Loss: 0.3168
Batch Number: 206 | Loss: 0.6602
Batch Number: 207 | Loss: 0.5613
Batch Number: 208 | Loss: 0.2263
Batch Number: 209 | Loss: 0.4217
Batch Number: 210 | Loss: 0.5551
Batch Number: 211 | Loss: 0.6332
Batch Number: 212 | Loss: 0.8455
Batch Number: 213 | Loss: 0.5611
Batch Number: 214 | Loss: 0.6633
Batch Number: 215 | Loss: 0.4379
Batch Number: 216 | Loss: 0.6570
Batch Number: 217 | Loss: 0.6696
Batch Number: 218 | Loss: 0.7635
Batch Number: 219 | Loss: 0.4963
Batch Number: 220 | Loss: 0.2271
Batch Number: 221 | Loss: 0.3022
Batch Number: 222 | Loss: 0.5641
Batch Number: 223 | Loss: 0.5661
Batch Number: 224 | Loss: 0.6319
Batch Number: 225 | Loss: 0.6318
Batch Number: 226 | Loss: 0.6080
Batch Number: 227 | Loss: 0.6776
Batch Number: 228 | Loss: 0.3925
Batch Number: 229 | Loss: 0.4851
Batch Number: 230 | Loss: 0.6309
Batch Number: 231 | Loss: 0.7231
Batch Number: 232 | Loss: 0.5317
Batch Number: 233 | Loss: 0.6621
Batch Number: 234 | Loss: 0.4003
Batch Number: 235 | Loss: 0.6975
Batch Number: 236 | Loss: 0.4926
Batch Number: 237 | Loss: 0.4307
Batch Number: 238 | Loss: 0.5941
Batch Number: 239 | Loss: 0.7048
Batch Number: 240 | Loss: 0.3446
Initialization complete. Training on 184005 example sentences.
Batch Number: 1 | Loss: 5.7682
Batch Number: 2 | Loss: 4.8318
Batch Number: 3 | Loss: 4.1028
Batch Number: 4 | Loss: 3.2893
Batch Number: 5 | Loss: 2.6355
Batch Number: 6 | Loss: 1.9281
Batch Number: 7 | Loss: 1.5305
Batch Number: 8 | Loss: 1.2861
Batch Number: 9 | Loss: 0.9832
Batch Number: 10 | Loss: 0.9805
Batch Number: 11 | Loss: 0.9885
Batch Number: 12 | Loss: 1.0187
Batch Number: 13 | Loss: 0.9705
Batch Number: 14 | Loss: 0.9444
Batch Number: 15 | Loss: 0.9545
Batch Number: 16 | Loss: 0.9927
Batch Number: 17 | Loss: 0.9611
Batch Number: 18 | Loss: 0.8864
Batch Number: 19 | Loss: 0.8055
Batch Number: 20 | Loss: 0.8895
Batch Number: 21 | Loss: 1.0460
Batch Number: 22 | Loss: 0.8797
Batch Number: 23 | Loss: 0.9722
Batch Number: 24 | Loss: 0.8124
Batch Number: 25 | Loss: 0.8089
Batch Number: 26 | Loss: 0.9902
Batch Number: 27 | Loss: 0.6838
Batch Number: 28 | Loss: 0.9755
Batch Number: 29 | Loss: 0.9866
Batch Number: 30 | Loss: 0.7528
Batch Number: 31 | Loss: 0.7663
Batch Number: 32 | Loss: 0.8622
Batch Number: 33 | Loss: 0.7073
Batch Number: 34 | Loss: 0.5526
Batch Number: 35 | Loss: 0.5485
Batch Number: 36 | Loss: 0.8646
Batch Number: 37 | Loss: 0.8338
Batch Number: 38 | Loss: 0.7854
Batch Number: 39 | Loss: 0.8444
Batch Number: 40 | Loss: 0.7057
Batch Number: 41 | Loss: 0.8283
Batch Number: 42 | Loss: 0.8575
Batch Number: 43 | Loss: 0.7549
Batch Number: 44 | Loss: 0.9417
Batch Number: 45 | Loss: 0.9182
Batch Number: 46 | Loss: 0.8439
Batch Number: 47 | Loss: 0.6872
Batch Number: 48 | Loss: 0.5565
Batch Number: 49 | Loss: 0.4565
Batch Number: 50 | Loss: 0.3469
Batch Number: 51 | Loss: 0.7614
Batch Number: 52 | Loss: 0.9629
Batch Number: 53 | Loss: 0.8151
Batch Number: 54 | Loss: 0.3096
Batch Number: 55 | Loss: 0.4483
Batch Number: 56 | Loss: 0.9756
Batch Number: 57 | Loss: 0.8396
Batch Number: 58 | Loss: 0.7633
Batch Number: 59 | Loss: 0.3826
Batch Number: 60 | Loss: 0.2968
Batch Number: 61 | Loss: 0.5442
Batch Number: 62 | Loss: 0.8143
Batch Number: 63 | Loss: 0.5158
Batch Number: 64 | Loss: 0.6657
Batch Number: 65 | Loss: 0.9102
Batch Number: 66 | Loss: 0.5178
Batch Number: 67 | Loss: 0.9146
Batch Number: 68 | Loss: 0.6809
Batch Number: 69 | Loss: 0.8736
Batch Number: 70 | Loss: 0.6004
Batch Number: 71 | Loss: 0.6533
Batch Number: 72 | Loss: 0.5462
Batch Number: 73 | Loss: 0.6935
Batch Number: 74 | Loss: 0.4925
Batch Number: 75 | Loss: 0.7676
Batch Number: 76 | Loss: 0.4257
Batch Number: 77 | Loss: 0.6977
Batch Number: 78 | Loss: 0.7170
Batch Number: 79 | Loss: 0.5210
Batch Number: 80 | Loss: 0.6102
Batch Number: 81 | Loss: 0.8111
Batch Number: 82 | Loss: 0.2008
Batch Number: 83 | Loss: 0.7267
Batch Number: 84 | Loss: 0.6082
Batch Number: 85 | Loss: 0.8602
Batch Number: 86 | Loss: 0.6718
Batch Number: 87 | Loss: 0.7659
Batch Number: 88 | Loss: 0.4590
Batch Number: 89 | Loss: 0.4465
Batch Number: 90 | Loss: 0.6793
Batch Number: 91 | Loss: 0.5539
Batch Number: 92 | Loss: 0.4151
Batch Number: 93 | Loss: 0.6342
Batch Number: 94 | Loss: 0.4238
Batch Number: 95 | Loss: 0.4859
Batch Number: 96 | Loss: 0.4941
Batch Number: 97 | Loss: 0.5096
Batch Number: 98 | Loss: 0.5459
Batch Number: 99 | Loss: 0.6407
Batch Number: 100 | Loss: 0.6360
Batch Number: 101 | Loss: 0.7926
Batch Number: 102 | Loss: 0.5950
Batch Number: 103 | Loss: 0.5656
Batch Number: 104 | Loss: 0.7190
Batch Number: 105 | Loss: 0.8319
Batch Number: 106 | Loss: 0.3397
Batch Number: 107 | Loss: 0.9335
Batch Number: 108 | Loss: 0.5444
Batch Number: 109 | Loss: 0.5483
Batch Number: 110 | Loss: 0.6379
Batch Number: 111 | Loss: 0.7761
Batch Number: 112 | Loss: 0.5722
Batch Number: 113 | Loss: 0.7956
Batch Number: 114 | Loss: 0.6546
Batch Number: 115 | Loss: 0.1912
Batch Number: 116 | Loss: 0.7529
Batch Number: 117 | Loss: 0.6027
Batch Number: 118 | Loss: 0.6742
Batch Number: 119 | Loss: 0.7591
Batch Number: 120 | Loss: 0.6600
Batch Number: 121 | Loss: 0.7474
Batch Number: 122 | Loss: 0.3842
Batch Number: 123 | Loss: 0.6068
Batch Number: 124 | Loss: 0.7750
Batch Number: 125 | Loss: 0.4629
Batch Number: 126 | Loss: 0.6353
Batch Number: 127 | Loss: 0.4831
Batch Number: 128 | Loss: 0.4203
Batch Number: 129 | Loss: 0.7222
Batch Number: 130 | Loss: 0.7052
Batch Number: 131 | Loss: 0.5733
Batch Number: 132 | Loss: 0.6648
Batch Number: 133 | Loss: 0.8204
Batch Number: 134 | Loss: 0.5646
Batch Number: 135 | Loss: 0.6293
Batch Number: 136 | Loss: 0.4505
Batch Number: 137 | Loss: 0.3308
Batch Number: 138 | Loss: 0.6722
Batch Number: 139 | Loss: 0.5285
Batch Number: 140 | Loss: 0.5412
Batch Number: 141 | Loss: 0.5978
Batch Number: 142 | Loss: 0.5189
Batch Number: 143 | Loss: 0.7037
Batch Number: 144 | Loss: 0.7348
Batch Number: 145 | Loss: 0.6112
Batch Number: 146 | Loss: 0.7687
Batch Number: 147 | Loss: 0.7825
Batch Number: 148 | Loss: 0.6210
Batch Number: 149 | Loss: 0.8875
Batch Number: 150 | Loss: 0.5370
Batch Number: 151 | Loss: 0.5626
Batch Number: 152 | Loss: 0.6226
Batch Number: 153 | Loss: 0.8196
Batch Number: 154 | Loss: 0.7656
Batch Number: 155 | Loss: 0.5042
Batch Number: 156 | Loss: 0.5015
Batch Number: 157 | Loss: 0.6267
Batch Number: 158 | Loss: 0.7940
Batch Number: 159 | Loss: 0.5489
Batch Number: 160 | Loss: 0.4840
Batch Number: 161 | Loss: 0.7334
Batch Number: 162 | Loss: 0.4944
Batch Number: 163 | Loss: 0.4666
Batch Number: 164 | Loss: 0.3246
Batch Number: 165 | Loss: 0.6503
Batch Number: 166 | Loss: 0.4952
Batch Number: 167 | Loss: 0.6258
Batch Number: 168 | Loss: 0.5194
Batch Number: 169 | Loss: 0.6569
Batch Number: 170 | Loss: 0.3578
Batch Number: 171 | Loss: 0.5000
Batch Number: 172 | Loss: 0.6141
Batch Number: 173 | Loss: 0.7650
Batch Number: 174 | Loss: 0.5602
Batch Number: 175 | Loss: 0.6413
Batch Number: 176 | Loss: 0.5417
Batch Number: 177 | Loss: 0.6906
Batch Number: 178 | Loss: 0.5394
Batch Number: 179 | Loss: 0.5989
Batch Number: 180 | Loss: 0.6589
Batch Number: 181 | Loss: 0.3190
Batch Number: 182 | Loss: 0.6338
Batch Number: 183 | Loss: 0.5193
Batch Number: 184 | Loss: 0.4319
Batch Number: 185 | Loss: 0.8268
Batch Number: 186 | Loss: 0.3807
Batch Number: 187 | Loss: 0.6226
Batch Number: 188 | Loss: 0.3131
Batch Number: 189 | Loss: 0.4629
Batch Number: 190 | Loss: 0.4522
Batch Number: 191 | Loss: 0.6015
Batch Number: 192 | Loss: 0.5384
Batch Number: 193 | Loss: 0.4668
Batch Number: 194 | Loss: 0.6565
Batch Number: 195 | Loss: 0.2977
Batch Number: 196 | Loss: 0.5970
Batch Number: 197 | Loss: 0.5208
Batch Number: 198 | Loss: 0.6437
Batch Number: 199 | Loss: 0.4735
Batch Number: 200 | Loss: 0.4928
Batch Number: 201 | Loss: 0.5689
Batch Number: 202 | Loss: 0.7352
Batch Number: 203 | Loss: 0.6167
Batch Number: 204 | Loss: 0.6622
Batch Number: 205 | Loss: 0.5471
Batch Number: 206 | Loss: 0.6940
Batch Number: 207 | Loss: 0.5193
Batch Number: 208 | Loss: 0.2079
Batch Number: 209 | Loss: 0.4402
Batch Number: 210 | Loss: 0.8359
Batch Number: 211 | Loss: 0.6193
Batch Number: 212 | Loss: 0.7878
Batch Number: 213 | Loss: 0.5922
Batch Number: 214 | Loss: 0.6166
Batch Number: 215 | Loss: 0.3848
Batch Number: 216 | Loss: 0.6589
Batch Number: 217 | Loss: 0.7221
Batch Number: 218 | Loss: 0.7821
Batch Number: 219 | Loss: 0.4674
Batch Number: 220 | Loss: 0.3347
Batch Number: 221 | Loss: 0.3047
Batch Number: 222 | Loss: 0.7688
Batch Number: 223 | Loss: 0.6662
Batch Number: 224 | Loss: 0.5965
Batch Number: 225 | Loss: 0.5919
Batch Number: 226 | Loss: 0.5371
Batch Number: 227 | Loss: 0.7973
Batch Number: 228 | Loss: 0.4885
Batch Number: 229 | Loss: 0.4910
Batch Number: 230 | Loss: 0.7394
Batch Number: 231 | Loss: 0.6660
Batch Number: 232 | Loss: 0.7068
Batch Number: 233 | Loss: 0.5793
Batch Number: 234 | Loss: 0.5626
Batch Number: 235 | Loss: 0.6280
Batch Number: 236 | Loss: 0.4274
Batch Number: 237 | Loss: 0.3869
Batch Number: 238 | Loss: 0.6163
Batch Number: 239 | Loss: 0.8617
Batch Number: 240 | Loss: 0.4338
Initialization complete. Training on 184005 example sentences.
Batch Number: 1 | Loss: 4.6923
Batch Number: 2 | Loss: 3.9652
Batch Number: 3 | Loss: 3.3777
Batch Number: 4 | Loss: 2.5527
Batch Number: 5 | Loss: 2.1742
Batch Number: 6 | Loss: 1.6449
Batch Number: 7 | Loss: 1.2343
Batch Number: 8 | Loss: 1.1196
Batch Number: 9 | Loss: 1.0149
Batch Number: 10 | Loss: 1.0073
Batch Number: 11 | Loss: 1.0684
Batch Number: 12 | Loss: 1.0483
Batch Number: 13 | Loss: 1.0483
Batch Number: 14 | Loss: 0.9920
Batch Number: 15 | Loss: 1.0251
Batch Number: 16 | Loss: 1.0198
Batch Number: 17 | Loss: 1.0005
Batch Number: 18 | Loss: 0.9801
Batch Number: 19 | Loss: 0.9371
Batch Number: 20 | Loss: 0.9702
Batch Number: 21 | Loss: 1.0808
Batch Number: 22 | Loss: 0.8800
Batch Number: 23 | Loss: 0.8896
Batch Number: 24 | Loss: 0.9367
Batch Number: 25 | Loss: 0.9718
Batch Number: 26 | Loss: 1.0293
Batch Number: 27 | Loss: 0.7512
Batch Number: 28 | Loss: 0.9373
Batch Number: 29 | Loss: 0.9203
Batch Number: 30 | Loss: 0.8466
Batch Number: 31 | Loss: 0.8376
Batch Number: 32 | Loss: 0.8657
Batch Number: 33 | Loss: 0.8801
Batch Number: 34 | Loss: 0.7745
Batch Number: 35 | Loss: 0.7729
Batch Number: 36 | Loss: 0.8979
Batch Number: 37 | Loss: 0.7367
Batch Number: 38 | Loss: 0.8639
Batch Number: 39 | Loss: 0.9980
Batch Number: 40 | Loss: 0.6832
Batch Number: 41 | Loss: 0.7765
Batch Number: 42 | Loss: 0.8520
Batch Number: 43 | Loss: 0.7609
Batch Number: 44 | Loss: 0.9997
Batch Number: 45 | Loss: 0.8867
Batch Number: 46 | Loss: 0.8324
Batch Number: 47 | Loss: 0.7090
Batch Number: 48 | Loss: 0.6359
Batch Number: 49 | Loss: 0.5019
Batch Number: 50 | Loss: 0.6540
Batch Number: 51 | Loss: 0.7009
Batch Number: 52 | Loss: 0.9292
Batch Number: 53 | Loss: 0.7881
Batch Number: 54 | Loss: 0.5445
Batch Number: 55 | Loss: 0.6772
Batch Number: 56 | Loss: 0.8640
Batch Number: 57 | Loss: 0.8814
Batch Number: 58 | Loss: 0.9009
Batch Number: 59 | Loss: 0.3670
Batch Number: 60 | Loss: 0.5475
Batch Number: 61 | Loss: 0.3419
Batch Number: 62 | Loss: 0.6658
Batch Number: 63 | Loss: 0.4851
Batch Number: 64 | Loss: 0.6169
Batch Number: 65 | Loss: 0.8491
Batch Number: 66 | Loss: 0.5380
Batch Number: 67 | Loss: 0.7535
Batch Number: 68 | Loss: 0.7090
Batch Number: 69 | Loss: 0.8566
Batch Number: 70 | Loss: 0.5550
Batch Number: 71 | Loss: 0.7522
Batch Number: 72 | Loss: 0.5937
Batch Number: 73 | Loss: 0.5135
Batch Number: 74 | Loss: 0.4261
Batch Number: 75 | Loss: 0.8849
Batch Number: 76 | Loss: 0.2423
Batch Number: 77 | Loss: 0.5496
Batch Number: 78 | Loss: 0.8037
Batch Number: 79 | Loss: 0.7222
Batch Number: 80 | Loss: 0.8261
Batch Number: 81 | Loss: 0.8438
Batch Number: 82 | Loss: 0.4065
Batch Number: 83 | Loss: 0.6493
Batch Number: 84 | Loss: 0.5722
Batch Number: 85 | Loss: 0.9407
Batch Number: 86 | Loss: 0.8489
Batch Number: 87 | Loss: 0.8585
Batch Number: 88 | Loss: 0.7118
Batch Number: 89 | Loss: 0.5295
Batch Number: 90 | Loss: 0.7905
Batch Number: 91 | Loss: 0.4635
Batch Number: 92 | Loss: 0.3745
Batch Number: 93 | Loss: 0.6269
Batch Number: 94 | Loss: 0.3448
Batch Number: 95 | Loss: 0.4113
Batch Number: 96 | Loss: 0.5175
Batch Number: 97 | Loss: 0.6695
Batch Number: 98 | Loss: 0.6436
Batch Number: 99 | Loss: 0.7210
Batch Number: 100 | Loss: 0.6900
Batch Number: 101 | Loss: 0.7375
Batch Number: 102 | Loss: 0.5543
Batch Number: 103 | Loss: 0.5521
Batch Number: 104 | Loss: 0.8106
Batch Number: 105 | Loss: 0.7344
Batch Number: 106 | Loss: 0.4926
Batch Number: 107 | Loss: 0.8211
Batch Number: 108 | Loss: 0.5786
Batch Number: 109 | Loss: 0.4665
Batch Number: 110 | Loss: 0.6816
Batch Number: 111 | Loss: 0.7841
Batch Number: 112 | Loss: 0.5273
Batch Number: 113 | Loss: 0.7468
Batch Number: 114 | Loss: 0.4825
Batch Number: 115 | Loss: 0.2728
Batch Number: 116 | Loss: 0.6684
Batch Number: 117 | Loss: 0.5934
Batch Number: 118 | Loss: 0.6416
Batch Number: 119 | Loss: 0.8130
Batch Number: 120 | Loss: 0.5812
Batch Number: 121 | Loss: 0.4873
Batch Number: 122 | Loss: 0.3995
Batch Number: 123 | Loss: 0.5314
Batch Number: 124 | Loss: 0.5923
Batch Number: 125 | Loss: 0.5658
Batch Number: 126 | Loss: 0.5999
Batch Number: 127 | Loss: 0.5972
Batch Number: 128 | Loss: 0.3926
Batch Number: 129 | Loss: 0.7549
Batch Number: 130 | Loss: 0.5130
Batch Number: 131 | Loss: 0.5243
Batch Number: 132 | Loss: 0.6250
Batch Number: 133 | Loss: 0.6871
Batch Number: 134 | Loss: 0.5240
Batch Number: 135 | Loss: 0.5321
Batch Number: 136 | Loss: 0.6047
Batch Number: 137 | Loss: 0.4953
Batch Number: 138 | Loss: 0.6327
Batch Number: 139 | Loss: 0.5487
Batch Number: 140 | Loss: 0.5305
Batch Number: 141 | Loss: 0.5625
Batch Number: 142 | Loss: 0.7166
Batch Number: 143 | Loss: 0.6149
Batch Number: 144 | Loss: 0.7394
Batch Number: 145 | Loss: 0.8176
Batch Number: 146 | Loss: 0.7088
Batch Number: 147 | Loss: 0.6412
Batch Number: 148 | Loss: 0.5719
Batch Number: 149 | Loss: 0.8153
Batch Number: 150 | Loss: 0.5143
Batch Number: 151 | Loss: 0.4019
Batch Number: 152 | Loss: 0.7031
Batch Number: 153 | Loss: 0.7669
Batch Number: 154 | Loss: 0.5295
Batch Number: 155 | Loss: 0.3534
Batch Number: 156 | Loss: 0.5976
Batch Number: 157 | Loss: 0.5463
Batch Number: 158 | Loss: 0.7268
Batch Number: 159 | Loss: 0.5197
Batch Number: 160 | Loss: 0.3212
Batch Number: 161 | Loss: 0.5939
Batch Number: 162 | Loss: 0.4960
Batch Number: 163 | Loss: 0.3985
Batch Number: 164 | Loss: 0.3015
Batch Number: 165 | Loss: 0.5734
Batch Number: 166 | Loss: 0.3524
Batch Number: 167 | Loss: 0.6295
Batch Number: 168 | Loss: 0.4662
Batch Number: 169 | Loss: 0.5039
Batch Number: 170 | Loss: 0.6038
Batch Number: 171 | Loss: 0.4040
Batch Number: 172 | Loss: 0.4487
Batch Number: 173 | Loss: 0.5377
Batch Number: 174 | Loss: 0.2951
Batch Number: 175 | Loss: 0.5786
Batch Number: 176 | Loss: 0.5766
Batch Number: 177 | Loss: 0.7649
Batch Number: 178 | Loss: 0.5815
Batch Number: 179 | Loss: 0.5797
Batch Number: 180 | Loss: 0.5635
Batch Number: 181 | Loss: 0.5545
Batch Number: 182 | Loss: 0.6180
Batch Number: 183 | Loss: 0.5843
Batch Number: 184 | Loss: 0.5157
Batch Number: 185 | Loss: 0.5299
Batch Number: 186 | Loss: 0.4904
Batch Number: 187 | Loss: 0.8485
Batch Number: 188 | Loss: 0.4226
Batch Number: 189 | Loss: 0.4134
Batch Number: 190 | Loss: 0.4227
Batch Number: 191 | Loss: 0.3740
Batch Number: 192 | Loss: 0.6715
Batch Number: 193 | Loss: 0.2772
Batch Number: 194 | Loss: 0.6160
Batch Number: 195 | Loss: 0.5063
Batch Number: 196 | Loss: 0.4115
Batch Number: 197 | Loss: 0.5304
Batch Number: 198 | Loss: 0.5387
Batch Number: 199 | Loss: 0.5544
Batch Number: 200 | Loss: 0.3819
Batch Number: 201 | Loss: 0.4289
Batch Number: 202 | Loss: 0.6405
Batch Number: 203 | Loss: 0.6119
Batch Number: 204 | Loss: 0.5675
Batch Number: 205 | Loss: 0.3240
Batch Number: 206 | Loss: 0.7140
Batch Number: 207 | Loss: 0.5823
Batch Number: 208 | Loss: 0.2170
Batch Number: 209 | Loss: 0.2440
Batch Number: 210 | Loss: 0.6923
Batch Number: 211 | Loss: 0.5757
Batch Number: 212 | Loss: 0.7432
Batch Number: 213 | Loss: 0.5905
Batch Number: 214 | Loss: 0.7549
Batch Number: 215 | Loss: 0.4699
Batch Number: 216 | Loss: 0.6510
Batch Number: 217 | Loss: 0.6133
Batch Number: 218 | Loss: 0.8585
Batch Number: 219 | Loss: 0.4029
Batch Number: 220 | Loss: 0.4758
Batch Number: 221 | Loss: 0.3083
Batch Number: 222 | Loss: 0.7343
Batch Number: 223 | Loss: 0.6838
Batch Number: 224 | Loss: 0.5987
Batch Number: 225 | Loss: 0.6583
Batch Number: 226 | Loss: 0.4061
Batch Number: 227 | Loss: 0.6406
Batch Number: 228 | Loss: 0.5541
Batch Number: 229 | Loss: 0.4969
Batch Number: 230 | Loss: 0.5836
Batch Number: 231 | Loss: 0.6798
Batch Number: 232 | Loss: 0.5549
Batch Number: 233 | Loss: 0.5614
Batch Number: 234 | Loss: 0.3836
Batch Number: 235 | Loss: 0.4524
Batch Number: 236 | Loss: 0.5800
Batch Number: 237 | Loss: 0.3580
Batch Number: 238 | Loss: 0.5297
Batch Number: 239 | Loss: 0.7989
Batch Number: 240 | Loss: 0.2998
Initialization complete. Training on 184005 example sentences.
Batch Number: 1 | Loss: 5.1060
Batch Number: 2 | Loss: 4.2130
Batch Number: 3 | Loss: 3.4642
Batch Number: 4 | Loss: 2.7450
Batch Number: 5 | Loss: 1.9653
Batch Number: 6 | Loss: 1.3783
Batch Number: 7 | Loss: 1.0797
Batch Number: 8 | Loss: 0.8763
Batch Number: 9 | Loss: 0.9074
Batch Number: 10 | Loss: 1.0062
Batch Number: 11 | Loss: 0.8652
Batch Number: 12 | Loss: 0.7813
Batch Number: 13 | Loss: 0.8314
Batch Number: 14 | Loss: 0.8474
Batch Number: 15 | Loss: 0.8747
Batch Number: 16 | Loss: 0.9113
Batch Number: 17 | Loss: 0.8636
Batch Number: 18 | Loss: 0.8386
Batch Number: 19 | Loss: 0.8481
Batch Number: 20 | Loss: 0.9511
Batch Number: 21 | Loss: 0.8521
Batch Number: 22 | Loss: 0.7907
Batch Number: 23 | Loss: 0.8340
Batch Number: 24 | Loss: 0.8872
Batch Number: 25 | Loss: 0.8541
Batch Number: 26 | Loss: 0.8987
Batch Number: 27 | Loss: 0.7546
Batch Number: 28 | Loss: 0.9027
Batch Number: 29 | Loss: 0.8060
Batch Number: 30 | Loss: 0.6186
Batch Number: 31 | Loss: 0.6706
Batch Number: 32 | Loss: 0.7940
Batch Number: 33 | Loss: 0.7824
Batch Number: 34 | Loss: 0.5216
Batch Number: 35 | Loss: 0.6886
Batch Number: 36 | Loss: 0.7869
Batch Number: 37 | Loss: 0.5672
Batch Number: 38 | Loss: 0.7881
Batch Number: 39 | Loss: 0.8198
Batch Number: 40 | Loss: 0.7440
Batch Number: 41 | Loss: 0.7243
Batch Number: 42 | Loss: 0.7917
Batch Number: 43 | Loss: 0.5151
Batch Number: 44 | Loss: 0.8587
Batch Number: 45 | Loss: 0.8259
Batch Number: 46 | Loss: 0.6896
Batch Number: 47 | Loss: 0.6065
Batch Number: 48 | Loss: 0.4663
Batch Number: 49 | Loss: 0.4549
Batch Number: 50 | Loss: 0.2468
Batch Number: 51 | Loss: 0.6770
Batch Number: 52 | Loss: 0.9081
Batch Number: 53 | Loss: 0.8850
Batch Number: 54 | Loss: 0.3230
Batch Number: 55 | Loss: 0.6740
Batch Number: 56 | Loss: 0.8988
Batch Number: 57 | Loss: 0.8115
Batch Number: 58 | Loss: 0.9414
Batch Number: 59 | Loss: 0.5363
Batch Number: 60 | Loss: 0.3118
Batch Number: 61 | Loss: 0.4258
Batch Number: 62 | Loss: 0.7563
Batch Number: 63 | Loss: 0.4185
Batch Number: 64 | Loss: 0.6458
Batch Number: 65 | Loss: 0.8335
Batch Number: 66 | Loss: 0.4271
Batch Number: 67 | Loss: 0.6743
Batch Number: 68 | Loss: 0.8597
Batch Number: 69 | Loss: 0.8358
Batch Number: 70 | Loss: 0.7115
Batch Number: 71 | Loss: 0.7351
Batch Number: 72 | Loss: 0.5761
Batch Number: 73 | Loss: 0.5168
Batch Number: 74 | Loss: 0.5367
Batch Number: 75 | Loss: 0.9147
Batch Number: 76 | Loss: 0.2638
Batch Number: 77 | Loss: 0.4634
Batch Number: 78 | Loss: 0.7250
Batch Number: 79 | Loss: 0.5051
Batch Number: 80 | Loss: 0.6105
Batch Number: 81 | Loss: 0.7976
Batch Number: 82 | Loss: 0.3426
Batch Number: 83 | Loss: 0.6826
Batch Number: 84 | Loss: 0.5812
Batch Number: 85 | Loss: 0.8187
Batch Number: 86 | Loss: 0.6350
Batch Number: 87 | Loss: 0.8530
Batch Number: 88 | Loss: 0.5757
Batch Number: 89 | Loss: 0.6687
Batch Number: 90 | Loss: 0.6887
Batch Number: 91 | Loss: 0.5699
Batch Number: 92 | Loss: 0.3117
Batch Number: 93 | Loss: 0.6516
Batch Number: 94 | Loss: 0.3400
Batch Number: 95 | Loss: 0.3133
Batch Number: 96 | Loss: 0.4624
Batch Number: 97 | Loss: 0.5819
Batch Number: 98 | Loss: 0.6295
Batch Number: 99 | Loss: 0.6002
Batch Number: 100 | Loss: 0.7183
Batch Number: 101 | Loss: 0.7445
Batch Number: 102 | Loss: 0.5249
Batch Number: 103 | Loss: 0.6528
Batch Number: 104 | Loss: 0.7784
Batch Number: 105 | Loss: 0.6901
Batch Number: 106 | Loss: 0.4508
Batch Number: 107 | Loss: 0.8000
Batch Number: 108 | Loss: 0.5257
Batch Number: 109 | Loss: 0.3415
Batch Number: 110 | Loss: 0.4905
Batch Number: 111 | Loss: 0.6019
Batch Number: 112 | Loss: 0.4537
Batch Number: 113 | Loss: 0.7368
Batch Number: 114 | Loss: 0.6259
Batch Number: 115 | Loss: 0.3596
Batch Number: 116 | Loss: 0.7204
Batch Number: 117 | Loss: 0.7131
Batch Number: 118 | Loss: 0.6392
Batch Number: 119 | Loss: 0.7550
Batch Number: 120 | Loss: 0.6377
Batch Number: 121 | Loss: 0.6274
Batch Number: 122 | Loss: 0.3894
Batch Number: 123 | Loss: 0.6083
Batch Number: 124 | Loss: 0.5916
Batch Number: 125 | Loss: 0.7093
Batch Number: 126 | Loss: 0.5789
Batch Number: 127 | Loss: 0.4114
Batch Number: 128 | Loss: 0.3522
Batch Number: 129 | Loss: 0.6899
Batch Number: 130 | Loss: 0.5550
Batch Number: 131 | Loss: 0.3840
Batch Number: 132 | Loss: 0.5196
Batch Number: 133 | Loss: 0.8119
Batch Number: 134 | Loss: 0.5073
Batch Number: 135 | Loss: 0.6527
Batch Number: 136 | Loss: 0.7277
Batch Number: 137 | Loss: 0.3211
Batch Number: 138 | Loss: 0.7461
Batch Number: 139 | Loss: 0.6089
Batch Number: 140 | Loss: 0.5421
Batch Number: 141 | Loss: 0.5722
Batch Number: 142 | Loss: 0.5915
Batch Number: 143 | Loss: 0.6661
Batch Number: 144 | Loss: 0.7484
Batch Number: 145 | Loss: 0.6162
Batch Number: 146 | Loss: 0.7512
Batch Number: 147 | Loss: 0.5463
Batch Number: 148 | Loss: 0.5787
Batch Number: 149 | Loss: 0.8972
Batch Number: 150 | Loss: 0.5109
Batch Number: 151 | Loss: 0.3525
Batch Number: 152 | Loss: 0.6745
Batch Number: 153 | Loss: 0.9362
Batch Number: 154 | Loss: 0.6005
Batch Number: 155 | Loss: 0.3621
Batch Number: 156 | Loss: 0.6313
Batch Number: 157 | Loss: 0.5805
Batch Number: 158 | Loss: 0.7568
Batch Number: 159 | Loss: 0.5142
Batch Number: 160 | Loss: 0.5319
Batch Number: 161 | Loss: 0.7617
Batch Number: 162 | Loss: 0.4704
Batch Number: 163 | Loss: 0.5277
Batch Number: 164 | Loss: 0.2418
Batch Number: 165 | Loss: 0.5608
Batch Number: 166 | Loss: 0.2669
Batch Number: 167 | Loss: 0.5978
Batch Number: 168 | Loss: 0.4979
Batch Number: 169 | Loss: 0.5283
Batch Number: 170 | Loss: 0.3045
Batch Number: 171 | Loss: 0.3502
Batch Number: 172 | Loss: 0.6196
Batch Number: 173 | Loss: 0.7039
Batch Number: 174 | Loss: 0.4585
Batch Number: 175 | Loss: 0.6547
Batch Number: 176 | Loss: 0.4469
Batch Number: 177 | Loss: 0.7136
Batch Number: 178 | Loss: 0.5139
Batch Number: 179 | Loss: 0.5130
Batch Number: 180 | Loss: 0.3689
Batch Number: 181 | Loss: 0.5880
Batch Number: 182 | Loss: 0.7290
Batch Number: 183 | Loss: 0.5455
Batch Number: 184 | Loss: 0.4813
Batch Number: 185 | Loss: 0.6145
Batch Number: 186 | Loss: 0.4715
Batch Number: 187 | Loss: 0.6671
Batch Number: 188 | Loss: 0.2673
Batch Number: 189 | Loss: 0.5233
Batch Number: 190 | Loss: 0.4025
Batch Number: 191 | Loss: 0.4368
Batch Number: 192 | Loss: 0.5086
Batch Number: 193 | Loss: 0.3663
Batch Number: 194 | Loss: 0.4937
Batch Number: 195 | Loss: 0.3593
Batch Number: 196 | Loss: 0.5375
Batch Number: 197 | Loss: 0.4764
Batch Number: 198 | Loss: 0.4728
Batch Number: 199 | Loss: 0.3146
Batch Number: 200 | Loss: 0.4627
Batch Number: 201 | Loss: 0.3776
Batch Number: 202 | Loss: 0.6903
Batch Number: 203 | Loss: 0.6052
Batch Number: 204 | Loss: 0.5265
Batch Number: 205 | Loss: 0.5613
Batch Number: 206 | Loss: 0.5826
Batch Number: 207 | Loss: 0.4811
Batch Number: 208 | Loss: 0.2224
Batch Number: 209 | Loss: 0.3078
Batch Number: 210 | Loss: 0.6195
Batch Number: 211 | Loss: 0.4799
Batch Number: 212 | Loss: 0.7461
Batch Number: 213 | Loss: 0.6272
Batch Number: 214 | Loss: 0.7031
Batch Number: 215 | Loss: 0.2817
Batch Number: 216 | Loss: 0.5459
Batch Number: 217 | Loss: 0.5168
Batch Number: 218 | Loss: 0.8144
Batch Number: 219 | Loss: 0.4743
Batch Number: 220 | Loss: 0.3715
Batch Number: 221 | Loss: 0.2736
Batch Number: 222 | Loss: 0.5639
Batch Number: 223 | Loss: 0.6872
Batch Number: 224 | Loss: 0.6148
Batch Number: 225 | Loss: 0.4751
Batch Number: 226 | Loss: 0.4698
Batch Number: 227 | Loss: 0.6826
Batch Number: 228 | Loss: 0.4334
Batch Number: 229 | Loss: 0.5942
Batch Number: 230 | Loss: 0.5817
Batch Number: 231 | Loss: 0.4590
Batch Number: 232 | Loss: 0.7890
Batch Number: 233 | Loss: 0.5354
Batch Number: 234 | Loss: 0.4433
Batch Number: 235 | Loss: 0.6294
Batch Number: 236 | Loss: 0.5232
Batch Number: 237 | Loss: 0.3681
Batch Number: 238 | Loss: 0.4796
Batch Number: 239 | Loss: 0.7496
Batch Number: 240 | Loss: 0.2903
Initialization complete. Training on 184005 example sentences.
Batch Number: 1 | Loss: 5.9833
Batch Number: 2 | Loss: 5.1828
Batch Number: 3 | Loss: 4.4358
Batch Number: 4 | Loss: 3.6633
Batch Number: 5 | Loss: 2.8592
Batch Number: 6 | Loss: 2.2278
Batch Number: 7 | Loss: 1.5022
Batch Number: 8 | Loss: 1.1105
Batch Number: 9 | Loss: 1.0064
Batch Number: 10 | Loss: 0.9918
Batch Number: 11 | Loss: 0.9771
Batch Number: 12 | Loss: 1.0218
Batch Number: 13 | Loss: 0.9093
Batch Number: 14 | Loss: 0.8748
Batch Number: 15 | Loss: 0.8386
Batch Number: 16 | Loss: 0.9214
Batch Number: 17 | Loss: 0.8701
Batch Number: 18 | Loss: 0.8840
Batch Number: 19 | Loss: 0.8225
Batch Number: 20 | Loss: 0.9688
Batch Number: 21 | Loss: 0.9519
Batch Number: 22 | Loss: 0.9143
Batch Number: 23 | Loss: 0.9826
Batch Number: 24 | Loss: 0.8661
Batch Number: 25 | Loss: 0.8981
Batch Number: 26 | Loss: 0.9061
Batch Number: 27 | Loss: 0.8664
Batch Number: 28 | Loss: 0.9343
Batch Number: 29 | Loss: 1.0447
Batch Number: 30 | Loss: 0.6893
Batch Number: 31 | Loss: 0.6900
Batch Number: 32 | Loss: 0.8208
Batch Number: 33 | Loss: 0.9126
Batch Number: 34 | Loss: 0.5928
Batch Number: 35 | Loss: 0.6843
Batch Number: 36 | Loss: 0.8975
Batch Number: 37 | Loss: 0.5992
Batch Number: 38 | Loss: 0.8138
Batch Number: 39 | Loss: 0.8964
Batch Number: 40 | Loss: 0.6469
Batch Number: 41 | Loss: 0.8636
Batch Number: 42 | Loss: 0.8565
Batch Number: 43 | Loss: 0.4743
Batch Number: 44 | Loss: 1.0092
Batch Number: 45 | Loss: 0.9346
Batch Number: 46 | Loss: 0.7322
Batch Number: 47 | Loss: 0.6872
Batch Number: 48 | Loss: 0.2764
Batch Number: 49 | Loss: 0.4686
Batch Number: 50 | Loss: 0.5940
Batch Number: 51 | Loss: 0.8191
Batch Number: 52 | Loss: 0.8714
Batch Number: 53 | Loss: 0.9420
Batch Number: 54 | Loss: 0.4282
Batch Number: 55 | Loss: 0.7118
Batch Number: 56 | Loss: 0.9803
Batch Number: 57 | Loss: 0.8400
Batch Number: 58 | Loss: 0.8658
Batch Number: 59 | Loss: 0.4880
Batch Number: 60 | Loss: 0.2774
Batch Number: 61 | Loss: 0.5182
Batch Number: 62 | Loss: 0.8249
Batch Number: 63 | Loss: 0.5083
Batch Number: 64 | Loss: 0.6393
Batch Number: 65 | Loss: 0.9209
Batch Number: 66 | Loss: 0.5577
Batch Number: 67 | Loss: 0.6395
Batch Number: 68 | Loss: 0.5977
Batch Number: 69 | Loss: 0.7800
Batch Number: 70 | Loss: 0.6524
Batch Number: 71 | Loss: 0.6535
Batch Number: 72 | Loss: 0.6574
Batch Number: 73 | Loss: 0.5795
Batch Number: 74 | Loss: 0.5764
Batch Number: 75 | Loss: 0.8236
Batch Number: 76 | Loss: 0.2785
Batch Number: 77 | Loss: 0.6000
Batch Number: 78 | Loss: 0.8433
Batch Number: 79 | Loss: 0.5562
Batch Number: 80 | Loss: 0.6721
Batch Number: 81 | Loss: 0.8579
Batch Number: 82 | Loss: 0.2978
Batch Number: 83 | Loss: 0.6063
Batch Number: 84 | Loss: 0.6061
Batch Number: 85 | Loss: 0.9263
Batch Number: 86 | Loss: 0.5897
Batch Number: 87 | Loss: 0.8861
Batch Number: 88 | Loss: 0.6418
Batch Number: 89 | Loss: 0.5871
Batch Number: 90 | Loss: 0.6888
Batch Number: 91 | Loss: 0.4955
Batch Number: 92 | Loss: 0.4735
Batch Number: 93 | Loss: 0.7153
Batch Number: 94 | Loss: 0.3200
Batch Number: 95 | Loss: 0.5004
Batch Number: 96 | Loss: 0.4933
Batch Number: 97 | Loss: 0.5906
Batch Number: 98 | Loss: 0.4579
Batch Number: 99 | Loss: 0.5409
Batch Number: 100 | Loss: 0.7974
Batch Number: 101 | Loss: 0.7762
Batch Number: 102 | Loss: 0.4617
Batch Number: 103 | Loss: 0.5897
Batch Number: 104 | Loss: 0.6738
Batch Number: 105 | Loss: 0.7875
Batch Number: 106 | Loss: 0.4684
Batch Number: 107 | Loss: 0.8680
Batch Number: 108 | Loss: 0.6590
Batch Number: 109 | Loss: 0.4742
Batch Number: 110 | Loss: 0.7238
Batch Number: 111 | Loss: 0.7540
Batch Number: 112 | Loss: 0.5009
Batch Number: 113 | Loss: 0.8380
Batch Number: 114 | Loss: 0.4991
Batch Number: 115 | Loss: 0.3727
Batch Number: 116 | Loss: 0.7056
Batch Number: 117 | Loss: 0.6123
Batch Number: 118 | Loss: 0.5158
Batch Number: 119 | Loss: 0.8411
Batch Number: 120 | Loss: 0.5863
Batch Number: 121 | Loss: 0.5700
Batch Number: 122 | Loss: 0.5132
Batch Number: 123 | Loss: 0.5830
Batch Number: 124 | Loss: 0.5918
Batch Number: 125 | Loss: 0.5005
Batch Number: 126 | Loss: 0.5791
Batch Number: 127 | Loss: 0.5193
Batch Number: 128 | Loss: 0.3520
Batch Number: 129 | Loss: 0.7719
Batch Number: 130 | Loss: 0.6349
Batch Number: 131 | Loss: 0.4937
Batch Number: 132 | Loss: 0.5580
Batch Number: 133 | Loss: 0.9416
Batch Number: 134 | Loss: 0.4960
Batch Number: 135 | Loss: 0.5944
Batch Number: 136 | Loss: 0.6978
Batch Number: 137 | Loss: 0.5161
Batch Number: 138 | Loss: 0.6435
Batch Number: 139 | Loss: 0.5076
Batch Number: 140 | Loss: 0.5442
Batch Number: 141 | Loss: 0.5344
Batch Number: 142 | Loss: 0.5184
Batch Number: 143 | Loss: 0.7210
Batch Number: 144 | Loss: 0.7839
Batch Number: 145 | Loss: 0.5739
Batch Number: 146 | Loss: 0.8851
Batch Number: 147 | Loss: 0.7541
Batch Number: 148 | Loss: 0.6609
Batch Number: 149 | Loss: 0.8055
Batch Number: 150 | Loss: 0.5446
Batch Number: 151 | Loss: 0.4996
Batch Number: 152 | Loss: 0.6777
Batch Number: 153 | Loss: 0.7637
Batch Number: 154 | Loss: 0.6109
Batch Number: 155 | Loss: 0.3304
Batch Number: 156 | Loss: 0.5756
Batch Number: 157 | Loss: 0.5581
Batch Number: 158 | Loss: 0.6420
Batch Number: 159 | Loss: 0.4690
Batch Number: 160 | Loss: 0.5986
Batch Number: 161 | Loss: 0.7511
Batch Number: 162 | Loss: 0.6044
Batch Number: 163 | Loss: 0.5939
Batch Number: 164 | Loss: 0.2931
Batch Number: 165 | Loss: 0.5084
Batch Number: 166 | Loss: 0.3100
Batch Number: 167 | Loss: 0.6227
Batch Number: 168 | Loss: 0.3958
Batch Number: 169 | Loss: 0.6057
Batch Number: 170 | Loss: 0.4344
Batch Number: 171 | Loss: 0.4814
Batch Number: 172 | Loss: 0.5588
Batch Number: 173 | Loss: 0.5730
Batch Number: 174 | Loss: 0.4050
Batch Number: 175 | Loss: 0.7509
Batch Number: 176 | Loss: 0.3656
Batch Number: 177 | Loss: 0.6531
Batch Number: 178 | Loss: 0.5027
Batch Number: 179 | Loss: 0.6908
Batch Number: 180 | Loss: 0.6904
Batch Number: 181 | Loss: 0.3508
Batch Number: 182 | Loss: 0.7389
Batch Number: 183 | Loss: 0.7133
Batch Number: 184 | Loss: 0.4051
Batch Number: 185 | Loss: 0.7643
Batch Number: 186 | Loss: 0.5529
Batch Number: 187 | Loss: 0.7135
Batch Number: 188 | Loss: 0.2517
Batch Number: 189 | Loss: 0.4680
Batch Number: 190 | Loss: 0.3977
Batch Number: 191 | Loss: 0.5154
Batch Number: 192 | Loss: 0.4980
Batch Number: 193 | Loss: 0.4010
Batch Number: 194 | Loss: 0.4974
Batch Number: 195 | Loss: 0.3642
Batch Number: 196 | Loss: 0.6350
Batch Number: 197 | Loss: 0.4184
Batch Number: 198 | Loss: 0.6505
Batch Number: 199 | Loss: 0.4147
Batch Number: 200 | Loss: 0.4510
Batch Number: 201 | Loss: 0.4728
Batch Number: 202 | Loss: 0.6767
Batch Number: 203 | Loss: 0.5574
Batch Number: 204 | Loss: 0.6244
Batch Number: 205 | Loss: 0.5597
Batch Number: 206 | Loss: 0.5727
Batch Number: 207 | Loss: 0.4992
Batch Number: 208 | Loss: 0.2992
Batch Number: 209 | Loss: 0.4702
Batch Number: 210 | Loss: 0.6825
Batch Number: 211 | Loss: 0.6142
Batch Number: 212 | Loss: 0.7537
Batch Number: 213 | Loss: 0.5762
Batch Number: 214 | Loss: 0.7925
Batch Number: 215 | Loss: 0.4018
Batch Number: 216 | Loss: 0.7311
Batch Number: 217 | Loss: 0.6515
Batch Number: 218 | Loss: 0.8087
Batch Number: 219 | Loss: 0.4131
Batch Number: 220 | Loss: 0.2511
Batch Number: 221 | Loss: 0.2331
Batch Number: 222 | Loss: 0.8731
Batch Number: 223 | Loss: 0.6591
Batch Number: 224 | Loss: 0.5825
Batch Number: 225 | Loss: 0.6284
Batch Number: 226 | Loss: 0.4731
Batch Number: 227 | Loss: 0.7196
Batch Number: 228 | Loss: 0.5048
Batch Number: 229 | Loss: 0.4806
Batch Number: 230 | Loss: 0.7643
Batch Number: 231 | Loss: 0.5535
Batch Number: 232 | Loss: 0.6461
Batch Number: 233 | Loss: 0.6917
Batch Number: 234 | Loss: 0.4964
Batch Number: 235 | Loss: 0.6842
Batch Number: 236 | Loss: 0.3808
Batch Number: 237 | Loss: 0.4821
Batch Number: 238 | Loss: 0.4658
Batch Number: 239 | Loss: 0.8029
Batch Number: 240 | Loss: 0.4699
Initialization complete. Training on 184005 example sentences.
Batch Number: 1 | Loss: 6.2764
Batch Number: 2 | Loss: 5.3864
Batch Number: 3 | Loss: 4.6507
Batch Number: 4 | Loss: 4.0209
Batch Number: 5 | Loss: 3.4065
Batch Number: 6 | Loss: 2.7358
Batch Number: 7 | Loss: 2.2268
Batch Number: 8 | Loss: 1.7972
Batch Number: 9 | Loss: 1.2898
Batch Number: 10 | Loss: 1.1521
Batch Number: 11 | Loss: 1.0434
Batch Number: 12 | Loss: 0.9872
Batch Number: 13 | Loss: 0.9314
Batch Number: 14 | Loss: 0.9423
Batch Number: 15 | Loss: 0.8447
Batch Number: 16 | Loss: 1.0880
Batch Number: 17 | Loss: 0.9935
Batch Number: 18 | Loss: 0.9157
Batch Number: 19 | Loss: 0.8946
Batch Number: 20 | Loss: 0.9457
Batch Number: 21 | Loss: 1.1066
Batch Number: 22 | Loss: 0.8774
Batch Number: 23 | Loss: 0.9522
Batch Number: 24 | Loss: 0.9061
Batch Number: 25 | Loss: 0.8574
Batch Number: 26 | Loss: 0.9038
Batch Number: 27 | Loss: 0.8335
Batch Number: 28 | Loss: 0.9789
Batch Number: 29 | Loss: 1.0255
Batch Number: 30 | Loss: 0.7252
Batch Number: 31 | Loss: 0.7361
Batch Number: 32 | Loss: 0.9517
Batch Number: 33 | Loss: 0.8147
Batch Number: 34 | Loss: 0.5551
Batch Number: 35 | Loss: 0.5408
Batch Number: 36 | Loss: 0.8594
Batch Number: 37 | Loss: 0.7968
Batch Number: 38 | Loss: 0.9702
Batch Number: 39 | Loss: 0.9149
Batch Number: 40 | Loss: 0.7145
Batch Number: 41 | Loss: 0.7899
Batch Number: 42 | Loss: 0.8496
Batch Number: 43 | Loss: 0.6609
Batch Number: 44 | Loss: 1.0047
Batch Number: 45 | Loss: 0.9897
Batch Number: 46 | Loss: 0.8388
Batch Number: 47 | Loss: 0.6224
Batch Number: 48 | Loss: 0.5999
Batch Number: 49 | Loss: 0.6187
Batch Number: 50 | Loss: 0.4952
Batch Number: 51 | Loss: 0.7905
Batch Number: 52 | Loss: 1.0608
Batch Number: 53 | Loss: 0.8839
Batch Number: 54 | Loss: 0.4420
Batch Number: 55 | Loss: 0.8381
Batch Number: 56 | Loss: 0.9553
Batch Number: 57 | Loss: 0.8920
Batch Number: 58 | Loss: 0.8619
Batch Number: 59 | Loss: 0.3847
Batch Number: 60 | Loss: 0.5324
Batch Number: 61 | Loss: 0.4907
Batch Number: 62 | Loss: 0.8603
Batch Number: 63 | Loss: 0.5735
Batch Number: 64 | Loss: 0.7324
Batch Number: 65 | Loss: 0.7587
Batch Number: 66 | Loss: 0.5011
Batch Number: 67 | Loss: 0.8009
Batch Number: 68 | Loss: 0.9477
Batch Number: 69 | Loss: 0.8613
Batch Number: 70 | Loss: 0.6792
Batch Number: 71 | Loss: 0.7385
Batch Number: 72 | Loss: 0.6462
Batch Number: 73 | Loss: 0.6237
Batch Number: 74 | Loss: 0.5345
Batch Number: 75 | Loss: 0.8783
Batch Number: 76 | Loss: 0.1600
Batch Number: 77 | Loss: 0.6064
Batch Number: 78 | Loss: 0.8258
Batch Number: 79 | Loss: 0.7089
Batch Number: 80 | Loss: 0.5774
Batch Number: 81 | Loss: 0.8352
Batch Number: 82 | Loss: 0.4446
Batch Number: 83 | Loss: 0.7221
Batch Number: 84 | Loss: 0.7071
Batch Number: 85 | Loss: 1.0045
Batch Number: 86 | Loss: 0.6631
Batch Number: 87 | Loss: 0.9587
Batch Number: 88 | Loss: 0.4171
Batch Number: 89 | Loss: 0.5095
Batch Number: 90 | Loss: 0.8850
Batch Number: 91 | Loss: 0.5358
Batch Number: 92 | Loss: 0.4001
Batch Number: 93 | Loss: 0.5621
Batch Number: 94 | Loss: 0.2892
Batch Number: 95 | Loss: 0.3698
Batch Number: 96 | Loss: 0.3744
Batch Number: 97 | Loss: 0.6985
Batch Number: 98 | Loss: 0.6494
Batch Number: 99 | Loss: 0.8421
Batch Number: 100 | Loss: 0.7536
Batch Number: 101 | Loss: 0.7644
Batch Number: 102 | Loss: 0.6721
Batch Number: 103 | Loss: 0.5582
Batch Number: 104 | Loss: 0.8589
Batch Number: 105 | Loss: 0.8655
Batch Number: 106 | Loss: 0.4601
Batch Number: 107 | Loss: 0.9287
Batch Number: 108 | Loss: 0.4749
Batch Number: 109 | Loss: 0.6545
Batch Number: 110 | Loss: 0.7020
Batch Number: 111 | Loss: 0.8670
Batch Number: 112 | Loss: 0.4454
Batch Number: 113 | Loss: 0.8661
Batch Number: 114 | Loss: 0.6916
Batch Number: 115 | Loss: 0.3357
Batch Number: 116 | Loss: 0.7037
Batch Number: 117 | Loss: 0.6209
Batch Number: 118 | Loss: 0.5640
Batch Number: 119 | Loss: 0.9131
Batch Number: 120 | Loss: 0.6819
Batch Number: 121 | Loss: 0.5728
Batch Number: 122 | Loss: 0.4028
Batch Number: 123 | Loss: 0.6316
Batch Number: 124 | Loss: 0.9203
Batch Number: 125 | Loss: 0.5291
Batch Number: 126 | Loss: 0.4818
Batch Number: 127 | Loss: 0.6162
Batch Number: 128 | Loss: 0.4926
Batch Number: 129 | Loss: 0.7479
Batch Number: 130 | Loss: 0.4843
Batch Number: 131 | Loss: 0.6642
Batch Number: 132 | Loss: 0.5305
Batch Number: 133 | Loss: 0.8317
Batch Number: 134 | Loss: 0.6106
Batch Number: 135 | Loss: 0.6255
Batch Number: 136 | Loss: 0.6872
Batch Number: 137 | Loss: 0.5556
Batch Number: 138 | Loss: 0.7205
Batch Number: 139 | Loss: 0.5030
Batch Number: 140 | Loss: 0.7936
Batch Number: 141 | Loss: 0.6682
Batch Number: 142 | Loss: 0.7688
Batch Number: 143 | Loss: 0.7824
Batch Number: 144 | Loss: 0.8819
Batch Number: 145 | Loss: 0.7046
Batch Number: 146 | Loss: 0.7043
Batch Number: 147 | Loss: 0.8262
Batch Number: 148 | Loss: 0.6420
Batch Number: 149 | Loss: 0.9991
Batch Number: 150 | Loss: 0.5859
Batch Number: 151 | Loss: 0.4731
Batch Number: 152 | Loss: 0.8193
Batch Number: 153 | Loss: 0.7665
Batch Number: 154 | Loss: 0.5878
Batch Number: 155 | Loss: 0.4431
Batch Number: 156 | Loss: 0.5771
Batch Number: 157 | Loss: 0.5546
Batch Number: 158 | Loss: 0.8816
Batch Number: 159 | Loss: 0.5234
Batch Number: 160 | Loss: 0.5682
Batch Number: 161 | Loss: 0.8488
Batch Number: 162 | Loss: 0.6028
Batch Number: 163 | Loss: 0.3877
Batch Number: 164 | Loss: 0.2198
Batch Number: 165 | Loss: 0.6078
Batch Number: 166 | Loss: 0.4661
Batch Number: 167 | Loss: 0.6721
Batch Number: 168 | Loss: 0.4932
Batch Number: 169 | Loss: 0.6665
Batch Number: 170 | Loss: 0.6068
Batch Number: 171 | Loss: 0.4584
Batch Number: 172 | Loss: 0.6897
Batch Number: 173 | Loss: 0.6977
Batch Number: 174 | Loss: 0.3861
Batch Number: 175 | Loss: 0.6836
Batch Number: 176 | Loss: 0.5998
Batch Number: 177 | Loss: 0.7996
Batch Number: 178 | Loss: 0.6151
Batch Number: 179 | Loss: 0.5595
Batch Number: 180 | Loss: 0.5884
Batch Number: 181 | Loss: 0.3416
Batch Number: 182 | Loss: 0.6845
Batch Number: 183 | Loss: 0.5415
Batch Number: 184 | Loss: 0.5354
Batch Number: 185 | Loss: 0.8366
Batch Number: 186 | Loss: 0.4695
Batch Number: 187 | Loss: 0.7810
Batch Number: 188 | Loss: 0.3884
Batch Number: 189 | Loss: 0.5212
Batch Number: 190 | Loss: 0.3620
Batch Number: 191 | Loss: 0.3895
Batch Number: 192 | Loss: 0.6648
Batch Number: 193 | Loss: 0.5053
Batch Number: 194 | Loss: 0.5635
Batch Number: 195 | Loss: 0.5853
Batch Number: 196 | Loss: 0.6599
Batch Number: 197 | Loss: 0.5969
Batch Number: 198 | Loss: 0.6467
Batch Number: 199 | Loss: 0.5324
Batch Number: 200 | Loss: 0.4079
Batch Number: 201 | Loss: 0.4278
Batch Number: 202 | Loss: 0.7754
Batch Number: 203 | Loss: 0.6967
Batch Number: 204 | Loss: 0.5862
Batch Number: 205 | Loss: 0.3680
Batch Number: 206 | Loss: 0.7120
Batch Number: 207 | Loss: 0.4582
Batch Number: 208 | Loss: 0.2701
Batch Number: 209 | Loss: 0.2859
Batch Number: 210 | Loss: 0.7316
Batch Number: 211 | Loss: 0.6643
Batch Number: 212 | Loss: 0.8398
Batch Number: 213 | Loss: 0.6565
Batch Number: 214 | Loss: 0.7084
Batch Number: 215 | Loss: 0.4506
Batch Number: 216 | Loss: 0.6704
Batch Number: 217 | Loss: 0.7251
Batch Number: 218 | Loss: 0.7894
Batch Number: 219 | Loss: 0.3835
Batch Number: 220 | Loss: 0.3757
Batch Number: 221 | Loss: 0.3437
Batch Number: 222 | Loss: 0.8494
Batch Number: 223 | Loss: 0.6335
Batch Number: 224 | Loss: 0.6588
Batch Number: 225 | Loss: 0.4820
Batch Number: 226 | Loss: 0.4968
Batch Number: 227 | Loss: 0.7378
Batch Number: 228 | Loss: 0.5134
Batch Number: 229 | Loss: 0.5348
Batch Number: 230 | Loss: 0.7815
Batch Number: 231 | Loss: 0.5669
Batch Number: 232 | Loss: 0.6988
Batch Number: 233 | Loss: 0.6803
Batch Number: 234 | Loss: 0.4038
Batch Number: 235 | Loss: 0.5604
Batch Number: 236 | Loss: 0.6283
Batch Number: 237 | Loss: 0.3515
Batch Number: 238 | Loss: 0.5896
Batch Number: 239 | Loss: 0.8555
Batch Number: 240 | Loss: 0.4924
Initialization complete. Training on 184005 example sentences.
Batch Number: 1 | Loss: 6.3117
Batch Number: 2 | Loss: 5.7485
Batch Number: 3 | Loss: 4.7385
Batch Number: 4 | Loss: 3.9355
Batch Number: 5 | Loss: 3.3660
Batch Number: 6 | Loss: 2.5912
Batch Number: 7 | Loss: 1.8983
Batch Number: 8 | Loss: 1.3849
Batch Number: 9 | Loss: 1.1124
Batch Number: 10 | Loss: 0.9852
Batch Number: 11 | Loss: 0.9699
Batch Number: 12 | Loss: 1.0127
Batch Number: 13 | Loss: 0.9629
Batch Number: 14 | Loss: 0.9770
Batch Number: 15 | Loss: 1.0487
Batch Number: 16 | Loss: 0.8812
Batch Number: 17 | Loss: 0.8814
Batch Number: 18 | Loss: 0.9300
Batch Number: 19 | Loss: 0.8831
Batch Number: 20 | Loss: 0.9560
Batch Number: 21 | Loss: 1.0346
Batch Number: 22 | Loss: 0.9380
Batch Number: 23 | Loss: 0.8599
Batch Number: 24 | Loss: 0.9719
Batch Number: 25 | Loss: 0.9915
Batch Number: 26 | Loss: 0.9118
Batch Number: 27 | Loss: 0.9954
Batch Number: 28 | Loss: 0.9495
Batch Number: 29 | Loss: 1.0308
Batch Number: 30 | Loss: 0.8603
Batch Number: 31 | Loss: 0.8451
Batch Number: 32 | Loss: 0.9246
Batch Number: 33 | Loss: 0.9103
Batch Number: 34 | Loss: 0.7488
Batch Number: 35 | Loss: 0.8257
Batch Number: 36 | Loss: 0.8868
Batch Number: 37 | Loss: 0.7532
Batch Number: 38 | Loss: 0.8920
Batch Number: 39 | Loss: 0.8801
Batch Number: 40 | Loss: 0.7612
Batch Number: 41 | Loss: 0.9011
Batch Number: 42 | Loss: 0.9657
Batch Number: 43 | Loss: 0.6976
Batch Number: 44 | Loss: 0.9201
Batch Number: 45 | Loss: 0.8312
Batch Number: 46 | Loss: 0.7853
Batch Number: 47 | Loss: 0.7708
Batch Number: 48 | Loss: 0.7779
Batch Number: 49 | Loss: 0.7066
Batch Number: 50 | Loss: 0.6772
Batch Number: 51 | Loss: 0.7057
Batch Number: 52 | Loss: 0.9724
Batch Number: 53 | Loss: 0.9054
Batch Number: 54 | Loss: 0.5256
Batch Number: 55 | Loss: 0.7448
Batch Number: 56 | Loss: 0.9830
Batch Number: 57 | Loss: 0.8504
Batch Number: 58 | Loss: 0.9146
Batch Number: 59 | Loss: 0.5977
Batch Number: 60 | Loss: 0.4242
Batch Number: 61 | Loss: 0.6374
Batch Number: 62 | Loss: 0.8770
Batch Number: 63 | Loss: 0.6076
Batch Number: 64 | Loss: 0.7666
Batch Number: 65 | Loss: 0.9134
Batch Number: 66 | Loss: 0.6225
Batch Number: 67 | Loss: 0.8605
Batch Number: 68 | Loss: 0.8009
Batch Number: 69 | Loss: 0.8379
Batch Number: 70 | Loss: 0.6139
Batch Number: 71 | Loss: 0.6492
Batch Number: 72 | Loss: 0.7225
Batch Number: 73 | Loss: 0.5535
Batch Number: 74 | Loss: 0.6448
Batch Number: 75 | Loss: 0.8186
Batch Number: 76 | Loss: 0.2610
Batch Number: 77 | Loss: 0.4741
Batch Number: 78 | Loss: 0.8285
Batch Number: 79 | Loss: 0.4656
Batch Number: 80 | Loss: 0.7048
Batch Number: 81 | Loss: 0.8460
Batch Number: 82 | Loss: 0.3577
Batch Number: 83 | Loss: 0.6411
Batch Number: 84 | Loss: 0.5548
Batch Number: 85 | Loss: 0.9023
Batch Number: 86 | Loss: 0.7235
Batch Number: 87 | Loss: 1.0075
Batch Number: 88 | Loss: 0.5468
Batch Number: 89 | Loss: 0.5885
Batch Number: 90 | Loss: 0.8517
Batch Number: 91 | Loss: 0.5103
Batch Number: 92 | Loss: 0.3294
Batch Number: 93 | Loss: 0.6783
Batch Number: 94 | Loss: 0.4424
Batch Number: 95 | Loss: 0.4216
Batch Number: 96 | Loss: 0.3741
Batch Number: 97 | Loss: 0.7272
Batch Number: 98 | Loss: 0.4869
Batch Number: 99 | Loss: 0.6752
Batch Number: 100 | Loss: 0.8091
Batch Number: 101 | Loss: 0.8085
Batch Number: 102 | Loss: 0.5806
Batch Number: 103 | Loss: 0.5905
Batch Number: 104 | Loss: 0.7978
Batch Number: 105 | Loss: 0.7443
Batch Number: 106 | Loss: 0.4542
Batch Number: 107 | Loss: 0.8460
Batch Number: 108 | Loss: 0.4800
Batch Number: 109 | Loss: 0.3322
Batch Number: 110 | Loss: 0.6529
Batch Number: 111 | Loss: 0.6954
Batch Number: 112 | Loss: 0.7210
Batch Number: 113 | Loss: 0.7968
Batch Number: 114 | Loss: 0.6761
Batch Number: 115 | Loss: 0.3777
Batch Number: 116 | Loss: 0.7256
Batch Number: 117 | Loss: 0.6999
Batch Number: 118 | Loss: 0.5422
Batch Number: 119 | Loss: 0.8219
Batch Number: 120 | Loss: 0.8087
Batch Number: 121 | Loss: 0.5530
Batch Number: 122 | Loss: 0.5069
Batch Number: 123 | Loss: 0.6905
Batch Number: 124 | Loss: 0.7419
Batch Number: 125 | Loss: 0.4577
Batch Number: 126 | Loss: 0.6453
Batch Number: 127 | Loss: 0.4595
Batch Number: 128 | Loss: 0.4413
Batch Number: 129 | Loss: 0.8643
Batch Number: 130 | Loss: 0.7138
Batch Number: 131 | Loss: 0.5528
Batch Number: 132 | Loss: 0.6069
Batch Number: 133 | Loss: 0.7007
Batch Number: 134 | Loss: 0.4671
Batch Number: 135 | Loss: 0.6444
Batch Number: 136 | Loss: 0.6456
Batch Number: 137 | Loss: 0.6075
Batch Number: 138 | Loss: 0.7356
Batch Number: 139 | Loss: 0.5982
Batch Number: 140 | Loss: 0.4342
Batch Number: 141 | Loss: 0.4720
Batch Number: 142 | Loss: 0.6045
Batch Number: 143 | Loss: 0.7381
Batch Number: 144 | Loss: 0.6738
Batch Number: 145 | Loss: 0.6661
Batch Number: 146 | Loss: 0.9241
Batch Number: 147 | Loss: 0.7345
Batch Number: 148 | Loss: 0.6113
Batch Number: 149 | Loss: 0.8203
Batch Number: 150 | Loss: 0.5226
Batch Number: 151 | Loss: 0.5097
Batch Number: 152 | Loss: 0.6560
Batch Number: 153 | Loss: 0.7674
Batch Number: 154 | Loss: 0.7251
Batch Number: 155 | Loss: 0.4516
Batch Number: 156 | Loss: 0.6315
Batch Number: 157 | Loss: 0.5169
Batch Number: 158 | Loss: 0.7201
Batch Number: 159 | Loss: 0.4450
Batch Number: 160 | Loss: 0.3030
Batch Number: 161 | Loss: 0.6447
Batch Number: 162 | Loss: 0.5858
Batch Number: 163 | Loss: 0.5238
Batch Number: 164 | Loss: 0.2729
Batch Number: 165 | Loss: 0.6093
Batch Number: 166 | Loss: 0.3619
Batch Number: 167 | Loss: 0.6860
Batch Number: 168 | Loss: 0.4511
Batch Number: 169 | Loss: 0.4926
Batch Number: 170 | Loss: 0.4039
Batch Number: 171 | Loss: 0.4583
Batch Number: 172 | Loss: 0.6306
Batch Number: 173 | Loss: 0.5757
Batch Number: 174 | Loss: 0.4501
Batch Number: 175 | Loss: 0.5558
Batch Number: 176 | Loss: 0.5787
Batch Number: 177 | Loss: 0.5927
Batch Number: 178 | Loss: 0.5876
Batch Number: 179 | Loss: 0.5841
Batch Number: 180 | Loss: 0.6624
Batch Number: 181 | Loss: 0.5568
Batch Number: 182 | Loss: 0.6350
Batch Number: 183 | Loss: 0.5867
Batch Number: 184 | Loss: 0.3896
Batch Number: 185 | Loss: 0.4943
Batch Number: 186 | Loss: 0.4747
Batch Number: 187 | Loss: 0.6968
Batch Number: 188 | Loss: 0.2854
Batch Number: 189 | Loss: 0.4075
Batch Number: 190 | Loss: 0.3302
Batch Number: 191 | Loss: 0.4176
Batch Number: 192 | Loss: 0.6684
Batch Number: 193 | Loss: 0.2278
Batch Number: 194 | Loss: 0.6543
Batch Number: 195 | Loss: 0.3369
Batch Number: 196 | Loss: 0.5634
Batch Number: 197 | Loss: 0.4887
Batch Number: 198 | Loss: 0.5816
Batch Number: 199 | Loss: 0.4192
Batch Number: 200 | Loss: 0.4024
Batch Number: 201 | Loss: 0.5870
Batch Number: 202 | Loss: 0.6516
Batch Number: 203 | Loss: 0.6476
Batch Number: 204 | Loss: 0.5400
Batch Number: 205 | Loss: 0.5290
Batch Number: 206 | Loss: 0.6620
Batch Number: 207 | Loss: 0.4755
Batch Number: 208 | Loss: 0.1964
Batch Number: 209 | Loss: 0.3144
Batch Number: 210 | Loss: 0.6525
Batch Number: 211 | Loss: 0.4216
Batch Number: 212 | Loss: 0.7200
Batch Number: 213 | Loss: 0.5931
Batch Number: 214 | Loss: 0.7121
Batch Number: 215 | Loss: 0.3120
Batch Number: 216 | Loss: 0.7129
Batch Number: 217 | Loss: 0.8446
Batch Number: 218 | Loss: 0.8918
Batch Number: 219 | Loss: 0.4657
Batch Number: 220 | Loss: 0.5107
Batch Number: 221 | Loss: 0.3386
Batch Number: 222 | Loss: 0.6994
Batch Number: 223 | Loss: 0.6044
Batch Number: 224 | Loss: 0.5128
Batch Number: 225 | Loss: 0.6018
Batch Number: 226 | Loss: 0.4185
Batch Number: 227 | Loss: 0.5552
Batch Number: 228 | Loss: 0.4025
Batch Number: 229 | Loss: 0.4164
Batch Number: 230 | Loss: 0.6811
Batch Number: 231 | Loss: 0.5163
Batch Number: 232 | Loss: 0.7644
Batch Number: 233 | Loss: 0.4948
Batch Number: 234 | Loss: 0.4104
Batch Number: 235 | Loss: 0.5325
Batch Number: 236 | Loss: 0.4886
Batch Number: 237 | Loss: 0.2876
Batch Number: 238 | Loss: 0.5908
Batch Number: 239 | Loss: 0.7699
Batch Number: 240 | Loss: 0.2036
Initialization complete. Training on 184005 example sentences.
Batch Number: 1 | Loss: 6.6691
Batch Number: 2 | Loss: 6.1944
Batch Number: 3 | Loss: 5.1620
Batch Number: 4 | Loss: 4.2298
Batch Number: 5 | Loss: 3.4763
Batch Number: 6 | Loss: 2.8431
Batch Number: 7 | Loss: 2.2202
Batch Number: 8 | Loss: 2.0172
Batch Number: 9 | Loss: 1.4593
Batch Number: 10 | Loss: 1.2398
Batch Number: 11 | Loss: 1.0793
Batch Number: 12 | Loss: 1.0905
Batch Number: 13 | Loss: 0.9614
Batch Number: 14 | Loss: 0.9217
Batch Number: 15 | Loss: 0.9784
Batch Number: 16 | Loss: 0.9896
Batch Number: 17 | Loss: 0.9112
Batch Number: 18 | Loss: 0.8749
Batch Number: 19 | Loss: 0.9433
Batch Number: 20 | Loss: 0.9555
Batch Number: 21 | Loss: 0.9709
Batch Number: 22 | Loss: 0.9349
Batch Number: 23 | Loss: 0.9220
Batch Number: 24 | Loss: 0.8159
Batch Number: 25 | Loss: 1.0171
Batch Number: 26 | Loss: 0.9590
Batch Number: 27 | Loss: 0.8530
Batch Number: 28 | Loss: 0.9289
Batch Number: 29 | Loss: 1.0376
Batch Number: 30 | Loss: 0.7868
Batch Number: 31 | Loss: 0.7913
Batch Number: 32 | Loss: 0.9245
Batch Number: 33 | Loss: 0.9502
Batch Number: 34 | Loss: 0.7536
Batch Number: 35 | Loss: 0.7549
Batch Number: 36 | Loss: 0.8745
Batch Number: 37 | Loss: 0.7087
Batch Number: 38 | Loss: 0.8762
Batch Number: 39 | Loss: 0.9459
Batch Number: 40 | Loss: 0.8255
Batch Number: 41 | Loss: 0.8636
Batch Number: 42 | Loss: 0.8035
Batch Number: 43 | Loss: 0.7866
Batch Number: 44 | Loss: 1.0347
Batch Number: 45 | Loss: 0.8913
Batch Number: 46 | Loss: 0.8053
Batch Number: 47 | Loss: 0.6724
Batch Number: 48 | Loss: 0.6196
Batch Number: 49 | Loss: 0.6818
Batch Number: 50 | Loss: 0.5691
Batch Number: 51 | Loss: 0.7742
Batch Number: 52 | Loss: 1.0140
Batch Number: 53 | Loss: 0.9256
Batch Number: 54 | Loss: 0.5338
Batch Number: 55 | Loss: 0.7463
Batch Number: 56 | Loss: 0.9363
Batch Number: 57 | Loss: 0.8373
Batch Number: 58 | Loss: 0.8625
Batch Number: 59 | Loss: 0.5277
Batch Number: 60 | Loss: 0.5589
Batch Number: 61 | Loss: 0.4587
Batch Number: 62 | Loss: 0.9083
Batch Number: 63 | Loss: 0.3367
Batch Number: 64 | Loss: 0.6968
Batch Number: 65 | Loss: 0.8258
Batch Number: 66 | Loss: 0.5623
Batch Number: 67 | Loss: 0.8405
Batch Number: 68 | Loss: 0.7824
Batch Number: 69 | Loss: 0.9076
Batch Number: 70 | Loss: 0.5514
Batch Number: 71 | Loss: 0.6632
Batch Number: 72 | Loss: 0.5370
Batch Number: 73 | Loss: 0.4417
Batch Number: 74 | Loss: 0.5610
Batch Number: 75 | Loss: 0.9763
Batch Number: 76 | Loss: 0.4912
Batch Number: 77 | Loss: 0.5088
Batch Number: 78 | Loss: 0.8146
Batch Number: 79 | Loss: 0.5695
Batch Number: 80 | Loss: 0.8262
Batch Number: 81 | Loss: 0.8697
Batch Number: 82 | Loss: 0.2821
Batch Number: 83 | Loss: 0.7624
Batch Number: 84 | Loss: 0.5986
Batch Number: 85 | Loss: 0.8898
Batch Number: 86 | Loss: 0.5766
Batch Number: 87 | Loss: 0.8008
Batch Number: 88 | Loss: 0.6060
Batch Number: 89 | Loss: 0.6924
Batch Number: 90 | Loss: 0.7687
Batch Number: 91 | Loss: 0.5444
Batch Number: 92 | Loss: 0.5348
Batch Number: 93 | Loss: 0.7542
Batch Number: 94 | Loss: 0.3969
Batch Number: 95 | Loss: 0.5169
Batch Number: 96 | Loss: 0.5324
Batch Number: 97 | Loss: 0.7486
Batch Number: 98 | Loss: 0.5188
Batch Number: 99 | Loss: 0.7182
Batch Number: 100 | Loss: 0.7270
Batch Number: 101 | Loss: 0.8289
Batch Number: 102 | Loss: 0.5328
Batch Number: 103 | Loss: 0.6712
Batch Number: 104 | Loss: 0.7983
Batch Number: 105 | Loss: 0.7220
Batch Number: 106 | Loss: 0.4489
Batch Number: 107 | Loss: 0.8656
Batch Number: 108 | Loss: 0.5198
Batch Number: 109 | Loss: 0.5050
Batch Number: 110 | Loss: 0.6425
Batch Number: 111 | Loss: 0.6606
Batch Number: 112 | Loss: 0.7081
Batch Number: 113 | Loss: 0.7111
Batch Number: 114 | Loss: 0.7093
Batch Number: 115 | Loss: 0.3994
Batch Number: 116 | Loss: 0.8914
Batch Number: 117 | Loss: 0.6828
Batch Number: 118 | Loss: 0.4282
Batch Number: 119 | Loss: 0.7494
Batch Number: 120 | Loss: 0.7201
Batch Number: 121 | Loss: 0.6013
Batch Number: 122 | Loss: 0.4668
Batch Number: 123 | Loss: 0.4191
Batch Number: 124 | Loss: 0.8496
Batch Number: 125 | Loss: 0.5357
Batch Number: 126 | Loss: 0.5507
Batch Number: 127 | Loss: 0.5336
Batch Number: 128 | Loss: 0.3479
Batch Number: 129 | Loss: 0.8410
Batch Number: 130 | Loss: 0.6821
Batch Number: 131 | Loss: 0.3670
Batch Number: 132 | Loss: 0.6657
Batch Number: 133 | Loss: 0.9639
Batch Number: 134 | Loss: 0.5677
Batch Number: 135 | Loss: 0.7791
Batch Number: 136 | Loss: 0.6944
Batch Number: 137 | Loss: 0.5266
Batch Number: 138 | Loss: 0.7161
Batch Number: 139 | Loss: 0.5514
Batch Number: 140 | Loss: 0.5578
Batch Number: 141 | Loss: 0.6242
Batch Number: 142 | Loss: 0.6678
Batch Number: 143 | Loss: 0.5331
Batch Number: 144 | Loss: 0.7504
Batch Number: 145 | Loss: 0.6730
Batch Number: 146 | Loss: 0.7690
Batch Number: 147 | Loss: 0.6610
Batch Number: 148 | Loss: 0.7051
Batch Number: 149 | Loss: 0.9093
Batch Number: 150 | Loss: 0.6252
Batch Number: 151 | Loss: 0.4881
Batch Number: 152 | Loss: 0.8095
Batch Number: 153 | Loss: 0.8437
Batch Number: 154 | Loss: 0.6651
Batch Number: 155 | Loss: 0.4885
Batch Number: 156 | Loss: 0.5278
Batch Number: 157 | Loss: 0.6176
Batch Number: 158 | Loss: 0.7858
Batch Number: 159 | Loss: 0.6178
Batch Number: 160 | Loss: 0.4843
Batch Number: 161 | Loss: 0.6379
Batch Number: 162 | Loss: 0.6310
Batch Number: 163 | Loss: 0.5604
Batch Number: 164 | Loss: 0.2634
Batch Number: 165 | Loss: 0.6814
Batch Number: 166 | Loss: 0.4341
Batch Number: 167 | Loss: 0.5832
Batch Number: 168 | Loss: 0.5618
Batch Number: 169 | Loss: 0.6378
Batch Number: 170 | Loss: 0.3931
Batch Number: 171 | Loss: 0.5231
Batch Number: 172 | Loss: 0.5612
Batch Number: 173 | Loss: 0.7511
Batch Number: 174 | Loss: 0.4354
Batch Number: 175 | Loss: 0.5806
Batch Number: 176 | Loss: 0.5789
Batch Number: 177 | Loss: 0.8253
Batch Number: 178 | Loss: 0.6104
Batch Number: 179 | Loss: 0.5935
Batch Number: 180 | Loss: 0.4206
Batch Number: 181 | Loss: 0.5260
Batch Number: 182 | Loss: 0.6558
Batch Number: 183 | Loss: 0.6898
Batch Number: 184 | Loss: 0.4040
Batch Number: 185 | Loss: 0.6898
Batch Number: 186 | Loss: 0.3919
Batch Number: 187 | Loss: 0.6009
Batch Number: 188 | Loss: 0.3136
Batch Number: 189 | Loss: 0.4675
Batch Number: 190 | Loss: 0.4634
Batch Number: 191 | Loss: 0.5250
Batch Number: 192 | Loss: 0.7203
Batch Number: 193 | Loss: 0.4466
Batch Number: 194 | Loss: 0.6024
Batch Number: 195 | Loss: 0.4817
Batch Number: 196 | Loss: 0.5005
Batch Number: 197 | Loss: 0.5498
Batch Number: 198 | Loss: 0.4853
Batch Number: 199 | Loss: 0.3955
Batch Number: 200 | Loss: 0.4845
Batch Number: 201 | Loss: 0.4619
Batch Number: 202 | Loss: 0.6882
Batch Number: 203 | Loss: 0.6229
Batch Number: 204 | Loss: 0.4378
Batch Number: 205 | Loss: 0.4474
Batch Number: 206 | Loss: 0.6811
Batch Number: 207 | Loss: 0.5622
Batch Number: 208 | Loss: 0.2995
Batch Number: 209 | Loss: 0.4484
Batch Number: 210 | Loss: 0.5775
Batch Number: 211 | Loss: 0.5473
Batch Number: 212 | Loss: 0.8022
Batch Number: 213 | Loss: 0.5621
Batch Number: 214 | Loss: 0.6122
Batch Number: 215 | Loss: 0.2777
Batch Number: 216 | Loss: 0.6478
Batch Number: 217 | Loss: 0.7306
Batch Number: 218 | Loss: 0.7662
Batch Number: 219 | Loss: 0.4286
Batch Number: 220 | Loss: 0.3555
Batch Number: 221 | Loss: 0.2686
Batch Number: 222 | Loss: 0.7342
Batch Number: 223 | Loss: 0.6045
Batch Number: 224 | Loss: 0.5479
Batch Number: 225 | Loss: 0.5452
Batch Number: 226 | Loss: 0.5172
Batch Number: 227 | Loss: 0.6867
Batch Number: 228 | Loss: 0.5672
Batch Number: 229 | Loss: 0.4361
Batch Number: 230 | Loss: 0.7266
Batch Number: 231 | Loss: 0.6833
Batch Number: 232 | Loss: 0.6430
Batch Number: 233 | Loss: 0.4978
Batch Number: 234 | Loss: 0.4646
Batch Number: 235 | Loss: 0.7197
Batch Number: 236 | Loss: 0.5774
Batch Number: 237 | Loss: 0.5396
Batch Number: 238 | Loss: 0.6587
Batch Number: 239 | Loss: 0.8196
Batch Number: 240 | Loss: 0.3285
Initialization complete. Training on 184005 example sentences.
Batch Number: 1 | Loss: 6.7385
Batch Number: 2 | Loss: 6.1361
Batch Number: 3 | Loss: 5.3385
Batch Number: 4 | Loss: 4.5571
Batch Number: 5 | Loss: 3.8790
Batch Number: 6 | Loss: 3.3803
Batch Number: 7 | Loss: 2.6776
Batch Number: 8 | Loss: 2.6642
Batch Number: 9 | Loss: 1.9353
Batch Number: 10 | Loss: 1.5003
Batch Number: 11 | Loss: 1.2536
Batch Number: 12 | Loss: 1.0380
Batch Number: 13 | Loss: 1.1088
Batch Number: 14 | Loss: 1.1579
Batch Number: 15 | Loss: 1.0393
Batch Number: 16 | Loss: 1.0288
Batch Number: 17 | Loss: 1.0412
Batch Number: 18 | Loss: 1.1440
Batch Number: 19 | Loss: 1.1532
Batch Number: 20 | Loss: 1.0940
Batch Number: 21 | Loss: 1.0203
Batch Number: 22 | Loss: 1.0686
Batch Number: 23 | Loss: 1.1036
Batch Number: 24 | Loss: 1.1113
Batch Number: 25 | Loss: 1.0709
Batch Number: 26 | Loss: 1.0674
Batch Number: 27 | Loss: 1.0238
Batch Number: 28 | Loss: 0.9933
Batch Number: 29 | Loss: 0.9747
Batch Number: 30 | Loss: 0.9613
Batch Number: 31 | Loss: 0.9952
Batch Number: 32 | Loss: 1.0176
Batch Number: 33 | Loss: 1.0029
Batch Number: 34 | Loss: 1.0553
Batch Number: 35 | Loss: 0.9446
Batch Number: 36 | Loss: 0.9061
Batch Number: 37 | Loss: 0.9576
Batch Number: 38 | Loss: 0.9143
Batch Number: 39 | Loss: 0.8832
Batch Number: 40 | Loss: 0.8822
Batch Number: 41 | Loss: 0.9621
Batch Number: 42 | Loss: 0.9953
Batch Number: 43 | Loss: 0.8774
Batch Number: 44 | Loss: 0.9211
Batch Number: 45 | Loss: 0.8804
Batch Number: 46 | Loss: 0.9538
Batch Number: 47 | Loss: 0.8292
Batch Number: 48 | Loss: 0.8215
Batch Number: 49 | Loss: 0.8593
Batch Number: 50 | Loss: 0.7716
Batch Number: 51 | Loss: 0.8047
Batch Number: 52 | Loss: 0.9394
Batch Number: 53 | Loss: 0.8158
Batch Number: 54 | Loss: 0.7715
Batch Number: 55 | Loss: 0.8369
Batch Number: 56 | Loss: 0.8953
Batch Number: 57 | Loss: 0.8955
Batch Number: 58 | Loss: 0.9731
Batch Number: 59 | Loss: 0.7243
Batch Number: 60 | Loss: 0.5784
Batch Number: 61 | Loss: 0.5689
Batch Number: 62 | Loss: 0.8572
Batch Number: 63 | Loss: 0.6993
Batch Number: 64 | Loss: 0.7198
Batch Number: 65 | Loss: 0.8196
Batch Number: 66 | Loss: 0.6707
Batch Number: 67 | Loss: 0.7919
Batch Number: 68 | Loss: 0.7743
Batch Number: 69 | Loss: 0.7361
Batch Number: 70 | Loss: 0.6737
Batch Number: 71 | Loss: 0.7805
Batch Number: 72 | Loss: 0.7529
Batch Number: 73 | Loss: 0.7091
Batch Number: 74 | Loss: 0.6799
Batch Number: 75 | Loss: 0.9146
Batch Number: 76 | Loss: 0.4098
Batch Number: 77 | Loss: 0.6146
Batch Number: 78 | Loss: 0.8612
Batch Number: 79 | Loss: 0.7109
Batch Number: 80 | Loss: 0.7771
Batch Number: 81 | Loss: 0.7994
Batch Number: 82 | Loss: 0.2373
Batch Number: 83 | Loss: 0.7248
Batch Number: 84 | Loss: 0.5811
Batch Number: 85 | Loss: 0.9297
Batch Number: 86 | Loss: 0.7657
Batch Number: 87 | Loss: 0.8554
Batch Number: 88 | Loss: 0.6296
Batch Number: 89 | Loss: 0.5770
Batch Number: 90 | Loss: 0.7740
Batch Number: 91 | Loss: 0.4603
Batch Number: 92 | Loss: 0.3020
Batch Number: 93 | Loss: 0.6559
Batch Number: 94 | Loss: 0.3915
Batch Number: 95 | Loss: 0.2790
Batch Number: 96 | Loss: 0.4815
Batch Number: 97 | Loss: 0.6361
Batch Number: 98 | Loss: 0.6177
Batch Number: 99 | Loss: 0.7557
Batch Number: 100 | Loss: 0.7945
Batch Number: 101 | Loss: 0.8171
Batch Number: 102 | Loss: 0.6289
Batch Number: 103 | Loss: 0.6221
Batch Number: 104 | Loss: 0.6917
Batch Number: 105 | Loss: 0.7243
Batch Number: 106 | Loss: 0.3237
Batch Number: 107 | Loss: 0.8961
Batch Number: 108 | Loss: 0.3995
Batch Number: 109 | Loss: 0.4302
Batch Number: 110 | Loss: 0.6357
Batch Number: 111 | Loss: 0.7734
Batch Number: 112 | Loss: 0.5781
Batch Number: 113 | Loss: 0.7782
Batch Number: 114 | Loss: 0.6904
Batch Number: 115 | Loss: 0.3300
Batch Number: 116 | Loss: 0.7008
Batch Number: 117 | Loss: 0.7729
Batch Number: 118 | Loss: 0.6034
Batch Number: 119 | Loss: 0.9086
Batch Number: 120 | Loss: 0.6109
Batch Number: 121 | Loss: 0.5231
Batch Number: 122 | Loss: 0.4905
Batch Number: 123 | Loss: 0.6492
Batch Number: 124 | Loss: 0.8033
Batch Number: 125 | Loss: 0.6830
Batch Number: 126 | Loss: 0.6760
Batch Number: 127 | Loss: 0.7034
Batch Number: 128 | Loss: 0.4948
Batch Number: 129 | Loss: 0.8048
Batch Number: 130 | Loss: 0.6190
Batch Number: 131 | Loss: 0.5814
Batch Number: 132 | Loss: 0.6940
Batch Number: 133 | Loss: 0.9206
Batch Number: 134 | Loss: 0.5926
Batch Number: 135 | Loss: 0.6196
Batch Number: 136 | Loss: 0.5678
Batch Number: 137 | Loss: 0.5513
Batch Number: 138 | Loss: 0.6845
Batch Number: 139 | Loss: 0.4505
Batch Number: 140 | Loss: 0.6296
Batch Number: 141 | Loss: 0.6371
Batch Number: 142 | Loss: 0.5688
Batch Number: 143 | Loss: 0.7210
Batch Number: 144 | Loss: 0.7426
Batch Number: 145 | Loss: 0.6592
Batch Number: 146 | Loss: 0.7883
Batch Number: 147 | Loss: 0.8533
Batch Number: 148 | Loss: 0.7215
Batch Number: 149 | Loss: 0.8068
Batch Number: 150 | Loss: 0.5891
Batch Number: 151 | Loss: 0.3964
Batch Number: 152 | Loss: 0.6985
Batch Number: 153 | Loss: 0.8377
Batch Number: 154 | Loss: 0.4520
Batch Number: 155 | Loss: 0.3853
Batch Number: 156 | Loss: 0.7582
Batch Number: 157 | Loss: 0.6535
Batch Number: 158 | Loss: 0.8236
Batch Number: 159 | Loss: 0.4816
Batch Number: 160 | Loss: 0.4825
Batch Number: 161 | Loss: 0.6707
Batch Number: 162 | Loss: 0.5666
Batch Number: 163 | Loss: 0.4145
Batch Number: 164 | Loss: 0.2112
Batch Number: 165 | Loss: 0.6610
Batch Number: 166 | Loss: 0.3853
Batch Number: 167 | Loss: 0.6673
Batch Number: 168 | Loss: 0.4980
Batch Number: 169 | Loss: 0.6645
Batch Number: 170 | Loss: 0.5314
Batch Number: 171 | Loss: 0.5450
Batch Number: 172 | Loss: 0.6493
Batch Number: 173 | Loss: 0.6975
Batch Number: 174 | Loss: 0.4845
Batch Number: 175 | Loss: 0.7178
Batch Number: 176 | Loss: 0.5103
Batch Number: 177 | Loss: 0.7422
Batch Number: 178 | Loss: 0.5331
Batch Number: 179 | Loss: 0.5438
Batch Number: 180 | Loss: 0.5490
Batch Number: 181 | Loss: 0.4996
Batch Number: 182 | Loss: 0.6478
Batch Number: 183 | Loss: 0.6318
Batch Number: 184 | Loss: 0.4908
Batch Number: 185 | Loss: 0.7266
Batch Number: 186 | Loss: 0.5331
Batch Number: 187 | Loss: 0.6879
Batch Number: 188 | Loss: 0.3084
Batch Number: 189 | Loss: 0.5505
Batch Number: 190 | Loss: 0.4242
Batch Number: 191 | Loss: 0.4100
Batch Number: 192 | Loss: 0.5686
Batch Number: 193 | Loss: 0.3350
Batch Number: 194 | Loss: 0.5538
Batch Number: 195 | Loss: 0.4531
Batch Number: 196 | Loss: 0.5510
Batch Number: 197 | Loss: 0.6030
Batch Number: 198 | Loss: 0.6120
Batch Number: 199 | Loss: 0.5441
Batch Number: 200 | Loss: 0.4890
Batch Number: 201 | Loss: 0.4430
Batch Number: 202 | Loss: 0.6698
Batch Number: 203 | Loss: 0.7080
Batch Number: 204 | Loss: 0.7674
Batch Number: 205 | Loss: 0.4574
Batch Number: 206 | Loss: 0.7958
Batch Number: 207 | Loss: 0.5257
Batch Number: 208 | Loss: 0.3325
Batch Number: 209 | Loss: 0.2594
Batch Number: 210 | Loss: 0.7460
Batch Number: 211 | Loss: 0.6060
Batch Number: 212 | Loss: 0.7479
Batch Number: 213 | Loss: 0.6245
Batch Number: 214 | Loss: 0.6619
Batch Number: 215 | Loss: 0.5937
Batch Number: 216 | Loss: 0.5907
Batch Number: 217 | Loss: 0.7301
Batch Number: 218 | Loss: 0.7816
Batch Number: 219 | Loss: 0.5089
Batch Number: 220 | Loss: 0.3399
Batch Number: 221 | Loss: 0.3140
Batch Number: 222 | Loss: 0.7266
Batch Number: 223 | Loss: 0.5984
Batch Number: 224 | Loss: 0.5150
Batch Number: 225 | Loss: 0.5258
Batch Number: 226 | Loss: 0.5191
Batch Number: 227 | Loss: 0.5996
Batch Number: 228 | Loss: 0.5420
Batch Number: 229 | Loss: 0.3632
Batch Number: 230 | Loss: 0.7246
Batch Number: 231 | Loss: 0.6530
Batch Number: 232 | Loss: 0.5784
Batch Number: 233 | Loss: 0.6375
Batch Number: 234 | Loss: 0.4958
Batch Number: 235 | Loss: 0.6070
Batch Number: 236 | Loss: 0.4903
Batch Number: 237 | Loss: 0.3614
Batch Number: 238 | Loss: 0.4825
Batch Number: 239 | Loss: 0.8151
Batch Number: 240 | Loss: 0.3686
paper: 0.5134033584594727
us: 0.5320325648784637
Ending: 04/21/24 22:37:37
