Job ID: 4979
Node: node002 echo Starting: 04/21/24 22:25:28
aballo
Initialization complete. Training on 184005 example sentences.
Batch Number: 1 | Loss: 5.8087
predict masked tokens list :  [64097, 91281, 21333, 79773, 10951, 128827, 21349, 25762, 57011, 13502, 96233, 103720, 109693, 27168, 111206, 35106, 27168, 33292, 109783, 17295, 10329, 68863, 2176, 116185, 62538, 10443, 16360, 14092, 108403, 62538, 41548, 8398, 31087, 118604, 65792, 119734, 97096, 62538, 10443, 91136, 96578, 31087, 31087, 121495, 109078, 64980, 118604, 1429, 31087, 16360, 31087]
Initialization complete. Training on 184005 example sentences.
Batch Number: 1 | Loss: 6.2625
predict masked tokens list :  [8259, 32200, 40608, 16284, 129039, 115582, 84415, 116554, 16284, 88602, 75481, 2775, 78821, 21846, 66124, 52633, 124643, 87399, 68694, 124643, 116684, 116684, 116684, 65153, 116684, 3258, 52633, 116684, 116684, 124643, 110243, 116684, 101297, 7736, 124643, 116684, 124643, 116684, 68694, 116684, 68694, 116684]
Initialization complete. Training on 184005 example sentences.
Batch Number: 1 | Loss: 5.0049
predict masked tokens list :  [3513, 31810, 61733, 79697, 88620, 25830, 15001, 26548, 52071, 67404, 61733, 60640, 111068, 59067, 31426, 8509, 127995, 32260, 32367, 123638, 120494, 64369, 111068, 118461, 123638, 54105, 121453, 123638, 54105, 54105, 54105, 122811, 111296, 111296, 853, 75076, 96722, 16367, 58777, 96663, 64369, 75076, 64369, 52613, 98463, 54105]
Initialization complete. Training on 184005 example sentences.
Batch Number: 1 | Loss: 5.5944
predict masked tokens list :  [18825, 96727, 126988, 88360, 97478, 46133, 1399, 71561, 4400, 16293, 28057, 9070, 16382, 18825, 9070, 47887, 36836, 18825, 9070, 9070, 13548, 130660, 114403, 35240, 85865, 125879, 85865, 35240, 100437, 6891, 1286, 43247, 85865, 18330, 31231, 125879, 128537, 80829, 35240, 85865, 122706, 18330, 35240, 125879, 55404, 85799, 130660]
Initialization complete. Training on 184005 example sentences.
Batch Number: 1 | Loss: 6.9045
predict masked tokens list :  [74350, 27364, 118569, 102413, 112836, 48486, 43708, 66279, 39197, 112836, 59311, 61739, 24707, 6087, 60114, 7701, 50590, 7701, 27409, 129103, 7701, 7701, 85064, 126154, 129103, 110821, 7701, 126154, 97533, 15629, 50590, 15629, 126154, 39197, 39197, 15629, 7701, 114109, 51602, 50590, 88412, 117711]
Initialization complete. Training on 184005 example sentences.
Batch Number: 1 | Loss: 7.9932
predict masked tokens list :  [78145, 112904, 58931, 100582, 58931, 103673, 72207, 75873, 75959, 48437, 103673, 4653, 58931, 103673, 61443, 34424, 59571, 122928, 120149, 100582, 94825, 100582, 30366, 58931, 123023, 113190, 96460, 18567, 68676, 101228, 121630, 72171, 32678, 113848, 127885, 101228, 44247, 68676, 528, 55336, 72171, 96460, 528, 114649, 60404, 99370, 127885, 68676, 109606, 6915, 528, 96460, 109606]
Initialization complete. Training on 184005 example sentences.
Batch Number: 1 | Loss: 6.9415
predict masked tokens list :  [37776, 66156, 108113, 104541, 110125, 92778, 89044, 26317, 73233, 89646, 11245, 73233, 37638, 118359, 74418, 125070, 90175, 45243, 485, 108341, 125070, 125070, 99886, 115765, 112092, 22553, 22225, 107430, 123803, 112092, 123803, 54959, 91678, 112958, 83385, 99886, 123803, 26752, 123803, 29631, 29631, 35661, 112092, 112092, 103494, 29631, 67892, 29631, 15007]
Initialization complete. Training on 184005 example sentences.
Batch Number: 1 | Loss: 6.5143
predict masked tokens list :  [20567, 105267, 123950, 29909, 17748, 79768, 86886, 26847, 58651, 36812, 69562, 114661, 64020, 69343, 123471, 89922, 44636, 30735, 64136, 64136, 95505, 64136, 44636, 61730, 103168, 123471, 37647, 91073, 95505, 67510, 123471, 44630, 64136, 103168, 95505, 103798, 95505, 44636, 75719, 61004, 95505, 95505, 61004]
Initialization complete. Training on 184005 example sentences.
Batch Number: 1 | Loss: 7.1125
predict masked tokens list :  [18638, 103631, 11456, 78379, 122728, 82716, 32097, 130608, 66929, 99901, 40625, 8027, 93138, 78379, 129800, 125917, 88403, 68677, 27554, 76125, 36723, 71689, 94568, 97132, 90255, 125917, 125917, 120884, 125917, 125917, 125917, 24, 60457, 24, 99300, 106164, 125917, 125917, 41932, 24, 38462, 124802, 118815, 24821, 24, 96759, 60457, 125917, 78216, 125917, 24]
Initialization complete. Training on 184005 example sentences.
Batch Number: 1 | Loss: 5.1798
predict masked tokens list :  [55330, 28425, 40156, 56410, 110915, 39347, 88621, 109367, 129367, 30021, 115815, 94010, 77146, 55330, 124638, 88621, 106471, 19878, 19878, 19878, 127185, 19878, 19878, 12051, 40900, 70787, 12051, 124640, 122794, 15569, 19878, 40900, 24676, 71088, 12051, 19878, 12051, 12051, 24676, 34844, 122794, 12051, 19878]
paper: 1.1830039596557618
us: 1.349654312133789
Ending: 04/21/24 22:26:21
