Job ID: 4978
Node: node002 echo Starting: 04/21/24 22:20:53
aballo
Initialization complete. Training on 184005 example sentences.
Batch Number: 1 | Loss: 7.1920
predict masked tokens list :  [370, 53702, 121206, 75519, 41523, 2578, 56649, 64744, 17015, 113348, 11640, 94876, 53518, 118519, 56523, 94806, 81917, 17985, 93348, 120549, 54932, 11455, 109853, 124598, 109785, 33592, 109853, 109785, 120549, 33592, 109853, 109853, 81917, 109754, 124598, 120549, 120549, 120549, 304, 120549, 109785, 120549, 124598]
Initialization complete. Training on 184005 example sentences.
Batch Number: 1 | Loss: 6.0214
predict masked tokens list :  [35381, 85596, 80725, 15792, 80725, 127627, 58436, 74663, 42669, 119203, 94979, 66766, 106983, 77887, 77887, 106983, 19341, 85596, 77887, 77887, 58967, 77887, 77887, 106983, 106983, 106983, 77887, 77887, 106983, 35254, 87668, 58967, 106983, 15526, 87668, 77887, 119478, 77887, 106983]
Initialization complete. Training on 184005 example sentences.
Batch Number: 1 | Loss: 5.8057
predict masked tokens list :  [8145, 80198, 7355, 85667, 70563, 76633, 52220, 24904, 66892, 81485, 75721, 103510, 107322, 121339, 121339, 60371, 80574, 122762, 75721, 98495, 35650, 120371, 64839, 52265, 8191, 80653, 130203, 1978, 25397, 81485, 127712, 90507, 76531, 107996, 25397, 81485, 51673, 25397, 25397, 25397, 80376, 51673, 51673, 90507, 51673, 9370, 25397, 51673, 117971, 51673, 18383, 71244, 41054, 10391, 25397]
Initialization complete. Training on 184005 example sentences.
Batch Number: 1 | Loss: 5.7648
predict masked tokens list :  [106933, 84585, 31848, 63046, 10831, 45067, 16205, 90479, 92150, 1718, 23435, 27281, 118584, 118584, 118584, 118584, 79672, 118584, 18395, 98344, 48653, 106433, 115103, 5579, 118584, 79617, 118584, 118584, 118584, 118584, 118584, 79617, 118584, 118584, 118584]
Initialization complete. Training on 184005 example sentences.
Batch Number: 1 | Loss: 6.5493
predict masked tokens list :  [110833, 51635, 86529, 17430, 101558, 106252, 98907, 72099, 122991, 17430, 102895, 86529, 55891, 101558, 24763, 90836, 122514, 63302, 104675, 125755, 128971, 55891, 44840, 101558, 107750, 11813, 11813, 13879, 107750, 11813, 107750, 27821, 107750, 105427, 117747, 107750, 57549, 67327, 42662, 107750, 36249, 11813, 31028, 107750, 87658, 57549, 46094, 36249, 107750, 107750, 11813]
Initialization complete. Training on 184005 example sentences.
Batch Number: 1 | Loss: 9.0855
predict masked tokens list :  [116085, 115985, 75501, 31786, 65283, 83140, 31786, 48142, 126458, 97826, 89738, 97826, 46833, 2192, 100100, 106075, 83140, 81896, 83140, 62061, 100100, 83140, 100100, 83140, 83140, 13405, 81896, 61067, 83140, 83140, 83140, 71924, 103274, 83140, 104476, 100100, 100100, 83140, 83140, 83140, 83140]
Initialization complete. Training on 184005 example sentences.
Batch Number: 1 | Loss: 5.5083
predict masked tokens list :  [13898, 107634, 91419, 126397, 112744, 31237, 86753, 83915, 34787, 69436, 78317, 53583, 47144, 118312, 102034, 76352, 53583, 13317, 121866, 53583, 121866, 53583, 53583, 53583, 13898, 34454, 121866, 53583, 53583, 53583, 21202, 39934, 53583, 121866, 32372, 53583, 53583, 53583, 53583, 51771, 118608, 13317, 53583]
Initialization complete. Training on 184005 example sentences.
Batch Number: 1 | Loss: 7.5632
predict masked tokens list :  [96332, 7107, 49876, 40879, 34036, 36689, 37200, 52811, 38545, 49876, 25270, 96332, 19901, 96332, 49876, 62096, 49876, 114805, 110886, 694, 99992, 60413, 87119, 32171, 125246, 99863, 122689, 125246, 122689, 114805, 107178, 25995, 87119, 57870, 41671, 122689, 122689, 125246, 25995, 41536, 32637, 25995, 122689, 100131]
Initialization complete. Training on 184005 example sentences.
Batch Number: 1 | Loss: 6.1941
predict masked tokens list :  [88751, 125174, 47374, 113819, 113819, 113819, 113819, 69718, 30814, 69718, 69718, 73988, 103566, 69718, 64920, 51706, 67591, 69718, 69718, 69718, 67562, 69718, 107081, 15209, 69718, 73988, 69718, 59369, 69718, 69718]
Initialization complete. Training on 184005 example sentences.
Batch Number: 1 | Loss: 5.9491
predict masked tokens list :  [78616, 23552, 109759, 92471, 127776, 76425, 56565, 82221, 80284, 120527, 14085, 98697, 56565, 36323, 17998, 9644, 89032, 86803, 17998, 8023, 120527, 92471, 30287, 28052, 18439, 59628, 47384, 52258, 52258, 12888, 97742, 93210, 91998, 82499, 104336, 28052, 28052, 85976, 85976, 52258, 85078, 71750, 85976, 59628, 28052, 85976, 85976, 56369, 30287]
paper: 1.2533313179016115
us: 1.3720069694519044
Ending: 04/21/24 22:21:43
