Job ID: 4983
Node: node002 echo Starting: 04/21/24 22:39:15
aballo
Initialization complete. Training on 184005 example sentences.
Batch Number: 1 | Loss: 6.5489
Batch Number: 2 | Loss: 5.6139
Batch Number: 3 | Loss: 4.5928
Batch Number: 4 | Loss: 3.9395
Batch Number: 5 | Loss: 3.2781
Batch Number: 6 | Loss: 2.5459
Batch Number: 7 | Loss: 1.9322
Batch Number: 8 | Loss: 1.5207
Batch Number: 9 | Loss: 1.3092
Batch Number: 10 | Loss: 1.0803
Batch Number: 11 | Loss: 1.1228
Batch Number: 12 | Loss: 1.0170
Batch Number: 13 | Loss: 1.1071
Batch Number: 14 | Loss: 1.0570
Batch Number: 15 | Loss: 1.0585
Batch Number: 16 | Loss: 0.9482
Batch Number: 17 | Loss: 1.1141
Batch Number: 18 | Loss: 1.0339
Batch Number: 19 | Loss: 1.0157
Batch Number: 20 | Loss: 1.0058
Batch Number: 21 | Loss: 0.9739
Batch Number: 22 | Loss: 0.9538
Batch Number: 23 | Loss: 0.9549
Batch Number: 24 | Loss: 0.9423
Batch Number: 25 | Loss: 0.9482
Batch Number: 26 | Loss: 1.0262
Batch Number: 27 | Loss: 0.9207
Batch Number: 28 | Loss: 1.0374
Batch Number: 29 | Loss: 0.9582
Batch Number: 30 | Loss: 0.9032
Batch Number: 31 | Loss: 0.8918
Batch Number: 32 | Loss: 0.9397
Batch Number: 33 | Loss: 0.9152
Batch Number: 34 | Loss: 0.9008
Batch Number: 35 | Loss: 0.8418
Batch Number: 36 | Loss: 0.9850
Batch Number: 37 | Loss: 0.8906
Batch Number: 38 | Loss: 0.9472
Batch Number: 39 | Loss: 0.9938
Batch Number: 40 | Loss: 0.8161
Batch Number: 41 | Loss: 1.0375
Batch Number: 42 | Loss: 0.9956
Batch Number: 43 | Loss: 0.8056
Batch Number: 44 | Loss: 0.9109
Batch Number: 45 | Loss: 0.9320
Batch Number: 46 | Loss: 0.9058
Batch Number: 47 | Loss: 0.8687
Batch Number: 48 | Loss: 0.6880
Batch Number: 49 | Loss: 0.6489
Batch Number: 50 | Loss: 0.6345
Batch Number: 51 | Loss: 0.7787
Batch Number: 52 | Loss: 1.0590
Batch Number: 53 | Loss: 0.8987
Batch Number: 54 | Loss: 0.6059
Batch Number: 55 | Loss: 0.9660
Batch Number: 56 | Loss: 0.9538
Batch Number: 57 | Loss: 0.8730
Batch Number: 58 | Loss: 0.8704
Batch Number: 59 | Loss: 0.4932
Batch Number: 60 | Loss: 0.4575
Batch Number: 61 | Loss: 0.5404
Batch Number: 62 | Loss: 0.8151
Batch Number: 63 | Loss: 0.4262
Batch Number: 64 | Loss: 0.6904
Batch Number: 65 | Loss: 0.9448
Batch Number: 66 | Loss: 0.5366
Batch Number: 67 | Loss: 0.8207
Batch Number: 68 | Loss: 0.7013
Batch Number: 69 | Loss: 0.9035
Batch Number: 70 | Loss: 0.5200
Batch Number: 71 | Loss: 0.6803
Batch Number: 72 | Loss: 0.6495
Batch Number: 73 | Loss: 0.6218
Batch Number: 74 | Loss: 0.5792
Batch Number: 75 | Loss: 0.9723
Batch Number: 76 | Loss: 0.4421
Batch Number: 77 | Loss: 0.6146
Batch Number: 78 | Loss: 0.7516
Batch Number: 79 | Loss: 0.5185
Batch Number: 80 | Loss: 0.7932
Batch Number: 81 | Loss: 0.9263
Batch Number: 82 | Loss: 0.2690
Batch Number: 83 | Loss: 0.8108
Batch Number: 84 | Loss: 0.6402
Batch Number: 85 | Loss: 0.9812
Batch Number: 86 | Loss: 0.8641
Batch Number: 87 | Loss: 0.9056
Batch Number: 88 | Loss: 0.5184
Batch Number: 89 | Loss: 0.7242
Batch Number: 90 | Loss: 0.8947
Batch Number: 91 | Loss: 0.5023
Batch Number: 92 | Loss: 0.4477
Batch Number: 93 | Loss: 0.7430
Batch Number: 94 | Loss: 0.4022
Batch Number: 95 | Loss: 0.5407
Batch Number: 96 | Loss: 0.5354
Batch Number: 97 | Loss: 0.5794
Batch Number: 98 | Loss: 0.6546
Batch Number: 99 | Loss: 0.6488
Batch Number: 100 | Loss: 0.7925
Batch Number: 101 | Loss: 0.8139
Batch Number: 102 | Loss: 0.5985
Batch Number: 103 | Loss: 0.6487
Batch Number: 104 | Loss: 0.7498
Batch Number: 105 | Loss: 0.8065
Batch Number: 106 | Loss: 0.4574
Batch Number: 107 | Loss: 0.8517
Batch Number: 108 | Loss: 0.5265
Batch Number: 109 | Loss: 0.5022
Batch Number: 110 | Loss: 0.6970
Batch Number: 111 | Loss: 0.6449
Batch Number: 112 | Loss: 0.6301
Batch Number: 113 | Loss: 0.8438
Batch Number: 114 | Loss: 0.6763
Batch Number: 115 | Loss: 0.3594
Batch Number: 116 | Loss: 0.6785
Batch Number: 117 | Loss: 0.7639
Batch Number: 118 | Loss: 0.7131
Batch Number: 119 | Loss: 0.6926
Batch Number: 120 | Loss: 0.7635
Batch Number: 121 | Loss: 0.6088
Batch Number: 122 | Loss: 0.4716
Batch Number: 123 | Loss: 0.5969
Batch Number: 124 | Loss: 0.6543
Batch Number: 125 | Loss: 0.5789
Batch Number: 126 | Loss: 0.6173
Batch Number: 127 | Loss: 0.4503
Batch Number: 128 | Loss: 0.4422
Batch Number: 129 | Loss: 0.8422
Batch Number: 130 | Loss: 0.6885
Batch Number: 131 | Loss: 0.5867
Batch Number: 132 | Loss: 0.6897
Batch Number: 133 | Loss: 0.9671
Batch Number: 134 | Loss: 0.5310
Batch Number: 135 | Loss: 0.6915
Batch Number: 136 | Loss: 0.7600
Batch Number: 137 | Loss: 0.6053
Batch Number: 138 | Loss: 0.7317
Batch Number: 139 | Loss: 0.5739
Batch Number: 140 | Loss: 0.6267
Batch Number: 141 | Loss: 0.6177
Batch Number: 142 | Loss: 0.6738
Batch Number: 143 | Loss: 0.7583
Batch Number: 144 | Loss: 0.7613
Batch Number: 145 | Loss: 0.6886
Batch Number: 146 | Loss: 0.8341
Batch Number: 147 | Loss: 0.7745
Batch Number: 148 | Loss: 0.7610
Batch Number: 149 | Loss: 1.0015
Batch Number: 150 | Loss: 0.5654
Batch Number: 151 | Loss: 0.4617
Batch Number: 152 | Loss: 0.7073
Batch Number: 153 | Loss: 0.8245
Batch Number: 154 | Loss: 0.6467
Batch Number: 155 | Loss: 0.4418
Batch Number: 156 | Loss: 0.5905
Batch Number: 157 | Loss: 0.5188
Batch Number: 158 | Loss: 0.7542
Batch Number: 159 | Loss: 0.4705
Batch Number: 160 | Loss: 0.3801
Batch Number: 161 | Loss: 0.7695
Batch Number: 162 | Loss: 0.6716
Batch Number: 163 | Loss: 0.5776
Batch Number: 164 | Loss: 0.3002
Batch Number: 165 | Loss: 0.6097
Batch Number: 166 | Loss: 0.4675
Batch Number: 167 | Loss: 0.6729
Batch Number: 168 | Loss: 0.5096
Batch Number: 169 | Loss: 0.7467
Batch Number: 170 | Loss: 0.5908
Batch Number: 171 | Loss: 0.3511
Batch Number: 172 | Loss: 0.6988
Batch Number: 173 | Loss: 0.7427
Batch Number: 174 | Loss: 0.4147
Batch Number: 175 | Loss: 0.6707
Batch Number: 176 | Loss: 0.5116
Batch Number: 177 | Loss: 0.7898
Batch Number: 178 | Loss: 0.5826
Batch Number: 179 | Loss: 0.5694
Batch Number: 180 | Loss: 0.5225
Batch Number: 181 | Loss: 0.4038
Batch Number: 182 | Loss: 0.7168
Batch Number: 183 | Loss: 0.5400
Batch Number: 184 | Loss: 0.4372
Batch Number: 185 | Loss: 0.7624
Batch Number: 186 | Loss: 0.5583
Batch Number: 187 | Loss: 0.7460
Batch Number: 188 | Loss: 0.3502
Batch Number: 189 | Loss: 0.5681
Batch Number: 190 | Loss: 0.2913
Batch Number: 191 | Loss: 0.5055
Batch Number: 192 | Loss: 0.6442
Batch Number: 193 | Loss: 0.5429
Batch Number: 194 | Loss: 0.5499
Batch Number: 195 | Loss: 0.5889
Batch Number: 196 | Loss: 0.5827
Batch Number: 197 | Loss: 0.5651
Batch Number: 198 | Loss: 0.6473
Batch Number: 199 | Loss: 0.5296
Batch Number: 200 | Loss: 0.4531
Batch Number: 201 | Loss: 0.5168
Batch Number: 202 | Loss: 0.7205
Batch Number: 203 | Loss: 0.7055
Batch Number: 204 | Loss: 0.5824
Batch Number: 205 | Loss: 0.4250
Batch Number: 206 | Loss: 0.6958
Batch Number: 207 | Loss: 0.5648
Batch Number: 208 | Loss: 0.4085
Batch Number: 209 | Loss: 0.3701
Batch Number: 210 | Loss: 0.6396
Batch Number: 211 | Loss: 0.6698
Batch Number: 212 | Loss: 0.7137
Batch Number: 213 | Loss: 0.6827
Batch Number: 214 | Loss: 0.6451
Batch Number: 215 | Loss: 0.3897
Batch Number: 216 | Loss: 0.6958
Batch Number: 217 | Loss: 0.7672
Batch Number: 218 | Loss: 0.8854
Batch Number: 219 | Loss: 0.4701
Batch Number: 220 | Loss: 0.3064
Batch Number: 221 | Loss: 0.3497
Batch Number: 222 | Loss: 0.7790
Batch Number: 223 | Loss: 0.7031
Batch Number: 224 | Loss: 0.5072
Batch Number: 225 | Loss: 0.6731
Batch Number: 226 | Loss: 0.5698
Batch Number: 227 | Loss: 0.8150
Batch Number: 228 | Loss: 0.4588
Batch Number: 229 | Loss: 0.4941
Batch Number: 230 | Loss: 0.7408
Batch Number: 231 | Loss: 0.6171
Batch Number: 232 | Loss: 0.6146
Batch Number: 233 | Loss: 0.5787
Batch Number: 234 | Loss: 0.5397
Batch Number: 235 | Loss: 0.5448
Batch Number: 236 | Loss: 0.4324
Batch Number: 237 | Loss: 0.4123
Batch Number: 238 | Loss: 0.5637
Batch Number: 239 | Loss: 0.8381
Batch Number: 240 | Loss: 0.3668
Initialization complete. Training on 184005 example sentences.
Batch Number: 1 | Loss: 7.5316
Batch Number: 2 | Loss: 6.8037
Batch Number: 3 | Loss: 5.9689
Batch Number: 4 | Loss: 5.2970
Batch Number: 5 | Loss: 4.6485
Batch Number: 6 | Loss: 4.0448
Batch Number: 7 | Loss: 3.3326
Batch Number: 8 | Loss: 2.8519
Batch Number: 9 | Loss: 2.3640
Batch Number: 10 | Loss: 1.9754
Batch Number: 11 | Loss: 1.5147
Batch Number: 12 | Loss: 1.2747
Batch Number: 13 | Loss: 1.0548
Batch Number: 14 | Loss: 0.8982
Batch Number: 15 | Loss: 0.8929
Batch Number: 16 | Loss: 1.0002
Batch Number: 17 | Loss: 0.9243
Batch Number: 18 | Loss: 0.8095
Batch Number: 19 | Loss: 0.8015
Batch Number: 20 | Loss: 0.9152
Batch Number: 21 | Loss: 0.9723
Batch Number: 22 | Loss: 0.9782
Batch Number: 23 | Loss: 0.8401
Batch Number: 24 | Loss: 0.7904
Batch Number: 25 | Loss: 0.8972
Batch Number: 26 | Loss: 0.9374
Batch Number: 27 | Loss: 0.6739
Batch Number: 28 | Loss: 0.9091
Batch Number: 29 | Loss: 1.0101
Batch Number: 30 | Loss: 0.6405
Batch Number: 31 | Loss: 0.7385
Batch Number: 32 | Loss: 0.8301
Batch Number: 33 | Loss: 0.7348
Batch Number: 34 | Loss: 0.3461
Batch Number: 35 | Loss: 0.5840
Batch Number: 36 | Loss: 0.7473
Batch Number: 37 | Loss: 0.5644
Batch Number: 38 | Loss: 0.6829
Batch Number: 39 | Loss: 0.8052
Batch Number: 40 | Loss: 0.6955
Batch Number: 41 | Loss: 0.8853
Batch Number: 42 | Loss: 1.0101
Batch Number: 43 | Loss: 0.6051
Batch Number: 44 | Loss: 1.0306
Batch Number: 45 | Loss: 0.6936
Batch Number: 46 | Loss: 0.8207
Batch Number: 47 | Loss: 0.6527
Batch Number: 48 | Loss: 0.4781
Batch Number: 49 | Loss: 0.4745
Batch Number: 50 | Loss: 0.5038
Batch Number: 51 | Loss: 0.7971
Batch Number: 52 | Loss: 0.9766
Batch Number: 53 | Loss: 0.8370
Batch Number: 54 | Loss: 0.3329
Batch Number: 55 | Loss: 0.6092
Batch Number: 56 | Loss: 0.9100
Batch Number: 57 | Loss: 0.8725
Batch Number: 58 | Loss: 0.9859
Batch Number: 59 | Loss: 0.4229
Batch Number: 60 | Loss: 0.4124
Batch Number: 61 | Loss: 0.4753
Batch Number: 62 | Loss: 0.9162
Batch Number: 63 | Loss: 0.5478
Batch Number: 64 | Loss: 0.7643
Batch Number: 65 | Loss: 0.7940
Batch Number: 66 | Loss: 0.4990
Batch Number: 67 | Loss: 0.7913
Batch Number: 68 | Loss: 0.7834
Batch Number: 69 | Loss: 0.8817
Batch Number: 70 | Loss: 0.5832
Batch Number: 71 | Loss: 0.6876
Batch Number: 72 | Loss: 0.5761
Batch Number: 73 | Loss: 0.5675
Batch Number: 74 | Loss: 0.4662
Batch Number: 75 | Loss: 0.9825
Batch Number: 76 | Loss: 0.2726
Batch Number: 77 | Loss: 0.5693
Batch Number: 78 | Loss: 0.7811
Batch Number: 79 | Loss: 0.6733
Batch Number: 80 | Loss: 0.7241
Batch Number: 81 | Loss: 0.7968
Batch Number: 82 | Loss: 0.2750
Batch Number: 83 | Loss: 0.6875
Batch Number: 84 | Loss: 0.7762
Batch Number: 85 | Loss: 0.9385
Batch Number: 86 | Loss: 0.7856
Batch Number: 87 | Loss: 0.9002
Batch Number: 88 | Loss: 0.5799
Batch Number: 89 | Loss: 0.6805
Batch Number: 90 | Loss: 0.7773
Batch Number: 91 | Loss: 0.4813
Batch Number: 92 | Loss: 0.4914
Batch Number: 93 | Loss: 0.5514
Batch Number: 94 | Loss: 0.4115
Batch Number: 95 | Loss: 0.4974
Batch Number: 96 | Loss: 0.3615
Batch Number: 97 | Loss: 0.5634
Batch Number: 98 | Loss: 0.5477
Batch Number: 99 | Loss: 0.7787
Batch Number: 100 | Loss: 0.7416
Batch Number: 101 | Loss: 0.6874
Batch Number: 102 | Loss: 0.4828
Batch Number: 103 | Loss: 0.5957
Batch Number: 104 | Loss: 0.7828
Batch Number: 105 | Loss: 0.7661
Batch Number: 106 | Loss: 0.4405
Batch Number: 107 | Loss: 0.9597
Batch Number: 108 | Loss: 0.5379
Batch Number: 109 | Loss: 0.4799
Batch Number: 110 | Loss: 0.5872
Batch Number: 111 | Loss: 0.7942
Batch Number: 112 | Loss: 0.5202
Batch Number: 113 | Loss: 0.6814
Batch Number: 114 | Loss: 0.5515
Batch Number: 115 | Loss: 0.4525
Batch Number: 116 | Loss: 0.6906
Batch Number: 117 | Loss: 0.6444
Batch Number: 118 | Loss: 0.6419
Batch Number: 119 | Loss: 0.7694
Batch Number: 120 | Loss: 0.6116
Batch Number: 121 | Loss: 0.6989
Batch Number: 122 | Loss: 0.4533
Batch Number: 123 | Loss: 0.6906
Batch Number: 124 | Loss: 0.7059
Batch Number: 125 | Loss: 0.6553
Batch Number: 126 | Loss: 0.6509
Batch Number: 127 | Loss: 0.5201
Batch Number: 128 | Loss: 0.3861
Batch Number: 129 | Loss: 0.8195
Batch Number: 130 | Loss: 0.7089
Batch Number: 131 | Loss: 0.5251
Batch Number: 132 | Loss: 0.6125
Batch Number: 133 | Loss: 0.7688
Batch Number: 134 | Loss: 0.4217
Batch Number: 135 | Loss: 0.7624
Batch Number: 136 | Loss: 0.6753
Batch Number: 137 | Loss: 0.5759
Batch Number: 138 | Loss: 0.7316
Batch Number: 139 | Loss: 0.5346
Batch Number: 140 | Loss: 0.5400
Batch Number: 141 | Loss: 0.6766
Batch Number: 142 | Loss: 0.7078
Batch Number: 143 | Loss: 0.6663
Batch Number: 144 | Loss: 0.7652
Batch Number: 145 | Loss: 0.7445
Batch Number: 146 | Loss: 0.7333
Batch Number: 147 | Loss: 0.8355
Batch Number: 148 | Loss: 0.5531
Batch Number: 149 | Loss: 0.8713
Batch Number: 150 | Loss: 0.4925
Batch Number: 151 | Loss: 0.4616
Batch Number: 152 | Loss: 0.8207
Batch Number: 153 | Loss: 0.7323
Batch Number: 154 | Loss: 0.7106
Batch Number: 155 | Loss: 0.3900
Batch Number: 156 | Loss: 0.5260
Batch Number: 157 | Loss: 0.5940
Batch Number: 158 | Loss: 0.7388
Batch Number: 159 | Loss: 0.5019
Batch Number: 160 | Loss: 0.3735
Batch Number: 161 | Loss: 0.7945
Batch Number: 162 | Loss: 0.5281
Batch Number: 163 | Loss: 0.4987
Batch Number: 164 | Loss: 0.4093
Batch Number: 165 | Loss: 0.5275
Batch Number: 166 | Loss: 0.4302
Batch Number: 167 | Loss: 0.5789
Batch Number: 168 | Loss: 0.4296
Batch Number: 169 | Loss: 0.6180
Batch Number: 170 | Loss: 0.4325
Batch Number: 171 | Loss: 0.4532
Batch Number: 172 | Loss: 0.6796
Batch Number: 173 | Loss: 0.6485
Batch Number: 174 | Loss: 0.4014
Batch Number: 175 | Loss: 0.6821
Batch Number: 176 | Loss: 0.4870
Batch Number: 177 | Loss: 0.6952
Batch Number: 178 | Loss: 0.5984
Batch Number: 179 | Loss: 0.5327
Batch Number: 180 | Loss: 0.6102
Batch Number: 181 | Loss: 0.4835
Batch Number: 182 | Loss: 0.8100
Batch Number: 183 | Loss: 0.6027
Batch Number: 184 | Loss: 0.3643
Batch Number: 185 | Loss: 0.7929
Batch Number: 186 | Loss: 0.2900
Batch Number: 187 | Loss: 0.6898
Batch Number: 188 | Loss: 0.1464
Batch Number: 189 | Loss: 0.5154
Batch Number: 190 | Loss: 0.2652
Batch Number: 191 | Loss: 0.6079
Batch Number: 192 | Loss: 0.6249
Batch Number: 193 | Loss: 0.5207
Batch Number: 194 | Loss: 0.6602
Batch Number: 195 | Loss: 0.6041
Batch Number: 196 | Loss: 0.6089
Batch Number: 197 | Loss: 0.3833
Batch Number: 198 | Loss: 0.5478
Batch Number: 199 | Loss: 0.4805
Batch Number: 200 | Loss: 0.6166
Batch Number: 201 | Loss: 0.4330
Batch Number: 202 | Loss: 0.7273
Batch Number: 203 | Loss: 0.6737
Batch Number: 204 | Loss: 0.6522
Batch Number: 205 | Loss: 0.5097
Batch Number: 206 | Loss: 0.6313
Batch Number: 207 | Loss: 0.5546
Batch Number: 208 | Loss: 0.2502
Batch Number: 209 | Loss: 0.3992
Batch Number: 210 | Loss: 0.6102
Batch Number: 211 | Loss: 0.5004
Batch Number: 212 | Loss: 0.8524
Batch Number: 213 | Loss: 0.5296
Batch Number: 214 | Loss: 0.5496
Batch Number: 215 | Loss: 0.3970
Batch Number: 216 | Loss: 0.6604
Batch Number: 217 | Loss: 0.7115
Batch Number: 218 | Loss: 0.9495
Batch Number: 219 | Loss: 0.4291
Batch Number: 220 | Loss: 0.3511
Batch Number: 221 | Loss: 0.3170
Batch Number: 222 | Loss: 0.7800
Batch Number: 223 | Loss: 0.6579
Batch Number: 224 | Loss: 0.5097
Batch Number: 225 | Loss: 0.7656
Batch Number: 226 | Loss: 0.5215
Batch Number: 227 | Loss: 0.6866
Batch Number: 228 | Loss: 0.5836
Batch Number: 229 | Loss: 0.4659
Batch Number: 230 | Loss: 0.7403
Batch Number: 231 | Loss: 0.5557
Batch Number: 232 | Loss: 0.5318
Batch Number: 233 | Loss: 0.5172
Batch Number: 234 | Loss: 0.4033
Batch Number: 235 | Loss: 0.6376
Batch Number: 236 | Loss: 0.3539
Batch Number: 237 | Loss: 0.4456
Batch Number: 238 | Loss: 0.5902
Batch Number: 239 | Loss: 0.7827
Batch Number: 240 | Loss: 0.4183
Initialization complete. Training on 184005 example sentences.
Batch Number: 1 | Loss: 6.5396
Batch Number: 2 | Loss: 5.4085
Batch Number: 3 | Loss: 4.5930
Batch Number: 4 | Loss: 3.8387
Batch Number: 5 | Loss: 3.0621
Batch Number: 6 | Loss: 2.3258
Batch Number: 7 | Loss: 1.7903
Batch Number: 8 | Loss: 1.4163
Batch Number: 9 | Loss: 1.0707
Batch Number: 10 | Loss: 1.0345
Batch Number: 11 | Loss: 0.9924
Batch Number: 12 | Loss: 0.9443
Batch Number: 13 | Loss: 0.9265
Batch Number: 14 | Loss: 0.9576
Batch Number: 15 | Loss: 0.9521
Batch Number: 16 | Loss: 0.9419
Batch Number: 17 | Loss: 0.9071
Batch Number: 18 | Loss: 0.8774
Batch Number: 19 | Loss: 0.8654
Batch Number: 20 | Loss: 0.9821
Batch Number: 21 | Loss: 0.9697
Batch Number: 22 | Loss: 0.8090
Batch Number: 23 | Loss: 0.9549
Batch Number: 24 | Loss: 0.8868
Batch Number: 25 | Loss: 0.8983
Batch Number: 26 | Loss: 0.9200
Batch Number: 27 | Loss: 0.7622
Batch Number: 28 | Loss: 0.9971
Batch Number: 29 | Loss: 0.9921
Batch Number: 30 | Loss: 0.7038
Batch Number: 31 | Loss: 0.8527
Batch Number: 32 | Loss: 0.8821
Batch Number: 33 | Loss: 0.7441
Batch Number: 34 | Loss: 0.6672
Batch Number: 35 | Loss: 0.7459
Batch Number: 36 | Loss: 0.8386
Batch Number: 37 | Loss: 0.7203
Batch Number: 38 | Loss: 0.7473
Batch Number: 39 | Loss: 0.8665
Batch Number: 40 | Loss: 0.7356
Batch Number: 41 | Loss: 0.7468
Batch Number: 42 | Loss: 0.8830
Batch Number: 43 | Loss: 0.5909
Batch Number: 44 | Loss: 0.9371
Batch Number: 45 | Loss: 0.8328
Batch Number: 46 | Loss: 0.8561
Batch Number: 47 | Loss: 0.6458
Batch Number: 48 | Loss: 0.5441
Batch Number: 49 | Loss: 0.5598
Batch Number: 50 | Loss: 0.4523
Batch Number: 51 | Loss: 0.7406
Batch Number: 52 | Loss: 1.0244
Batch Number: 53 | Loss: 0.8526
Batch Number: 54 | Loss: 0.4850
Batch Number: 55 | Loss: 0.6571
Batch Number: 56 | Loss: 0.9016
Batch Number: 57 | Loss: 0.9599
Batch Number: 58 | Loss: 0.7741
Batch Number: 59 | Loss: 0.5287
Batch Number: 60 | Loss: 0.4533
Batch Number: 61 | Loss: 0.4623
Batch Number: 62 | Loss: 0.7680
Batch Number: 63 | Loss: 0.4669
Batch Number: 64 | Loss: 0.6606
Batch Number: 65 | Loss: 0.8843
Batch Number: 66 | Loss: 0.5039
Batch Number: 67 | Loss: 0.8377
Batch Number: 68 | Loss: 0.6743
Batch Number: 69 | Loss: 0.8503
Batch Number: 70 | Loss: 0.5065
Batch Number: 71 | Loss: 0.6762
Batch Number: 72 | Loss: 0.6520
Batch Number: 73 | Loss: 0.6583
Batch Number: 74 | Loss: 0.4598
Batch Number: 75 | Loss: 0.8748
Batch Number: 76 | Loss: 0.3467
Batch Number: 77 | Loss: 0.5212
Batch Number: 78 | Loss: 0.6688
Batch Number: 79 | Loss: 0.5895
Batch Number: 80 | Loss: 0.6056
Batch Number: 81 | Loss: 0.7463
Batch Number: 82 | Loss: 0.2975
Batch Number: 83 | Loss: 0.6511
Batch Number: 84 | Loss: 0.6353
Batch Number: 85 | Loss: 0.8172
Batch Number: 86 | Loss: 0.7441
Batch Number: 87 | Loss: 0.8715
Batch Number: 88 | Loss: 0.5185
Batch Number: 89 | Loss: 0.4999
Batch Number: 90 | Loss: 0.7381
Batch Number: 91 | Loss: 0.4264
Batch Number: 92 | Loss: 0.3347
Batch Number: 93 | Loss: 0.6451
Batch Number: 94 | Loss: 0.2185
Batch Number: 95 | Loss: 0.4182
Batch Number: 96 | Loss: 0.4819
Batch Number: 97 | Loss: 0.5612
Batch Number: 98 | Loss: 0.5051
Batch Number: 99 | Loss: 0.6802
Batch Number: 100 | Loss: 0.7483
Batch Number: 101 | Loss: 0.7285
Batch Number: 102 | Loss: 0.5119
Batch Number: 103 | Loss: 0.5719
Batch Number: 104 | Loss: 0.7660
Batch Number: 105 | Loss: 0.9239
Batch Number: 106 | Loss: 0.2995
Batch Number: 107 | Loss: 0.8461
Batch Number: 108 | Loss: 0.5534
Batch Number: 109 | Loss: 0.6061
Batch Number: 110 | Loss: 0.5992
Batch Number: 111 | Loss: 0.7585
Batch Number: 112 | Loss: 0.5116
Batch Number: 113 | Loss: 0.7155
Batch Number: 114 | Loss: 0.6873
Batch Number: 115 | Loss: 0.2350
Batch Number: 116 | Loss: 0.7327
Batch Number: 117 | Loss: 0.6793
Batch Number: 118 | Loss: 0.5837
Batch Number: 119 | Loss: 0.8380
Batch Number: 120 | Loss: 0.5932
Batch Number: 121 | Loss: 0.6243
Batch Number: 122 | Loss: 0.5242
Batch Number: 123 | Loss: 0.6314
Batch Number: 124 | Loss: 0.7472
Batch Number: 125 | Loss: 0.4074
Batch Number: 126 | Loss: 0.5324
Batch Number: 127 | Loss: 0.4448
Batch Number: 128 | Loss: 0.5249
Batch Number: 129 | Loss: 0.8127
Batch Number: 130 | Loss: 0.5735
Batch Number: 131 | Loss: 0.5505
Batch Number: 132 | Loss: 0.5958
Batch Number: 133 | Loss: 0.7088
Batch Number: 134 | Loss: 0.4811
Batch Number: 135 | Loss: 0.6504
Batch Number: 136 | Loss: 0.6143
Batch Number: 137 | Loss: 0.4211
Batch Number: 138 | Loss: 0.6900
Batch Number: 139 | Loss: 0.4040
Batch Number: 140 | Loss: 0.6142
Batch Number: 141 | Loss: 0.6461
Batch Number: 142 | Loss: 0.5293
Batch Number: 143 | Loss: 0.6428
Batch Number: 144 | Loss: 0.7790
Batch Number: 145 | Loss: 0.5943
Batch Number: 146 | Loss: 0.7966
Batch Number: 147 | Loss: 0.8203
Batch Number: 148 | Loss: 0.5347
Batch Number: 149 | Loss: 0.8554
Batch Number: 150 | Loss: 0.4974
Batch Number: 151 | Loss: 0.4993
Batch Number: 152 | Loss: 0.6178
Batch Number: 153 | Loss: 0.5763
Batch Number: 154 | Loss: 0.5526
Batch Number: 155 | Loss: 0.3726
Batch Number: 156 | Loss: 0.4788
Batch Number: 157 | Loss: 0.6264
Batch Number: 158 | Loss: 0.7318
Batch Number: 159 | Loss: 0.4442
Batch Number: 160 | Loss: 0.4730
Batch Number: 161 | Loss: 0.6438
Batch Number: 162 | Loss: 0.6494
Batch Number: 163 | Loss: 0.2572
Batch Number: 164 | Loss: 0.1461
Batch Number: 165 | Loss: 0.6508
Batch Number: 166 | Loss: 0.4033
Batch Number: 167 | Loss: 0.5346
Batch Number: 168 | Loss: 0.5280
Batch Number: 169 | Loss: 0.6778
Batch Number: 170 | Loss: 0.3823
Batch Number: 171 | Loss: 0.4004
Batch Number: 172 | Loss: 0.5805
Batch Number: 173 | Loss: 0.7494
Batch Number: 174 | Loss: 0.3591
Batch Number: 175 | Loss: 0.6205
Batch Number: 176 | Loss: 0.4943
Batch Number: 177 | Loss: 0.5324
Batch Number: 178 | Loss: 0.5738
Batch Number: 179 | Loss: 0.5517
Batch Number: 180 | Loss: 0.5376
Batch Number: 181 | Loss: 0.5630
Batch Number: 182 | Loss: 0.7629
Batch Number: 183 | Loss: 0.6728
Batch Number: 184 | Loss: 0.4577
Batch Number: 185 | Loss: 0.8325
Batch Number: 186 | Loss: 0.3646
Batch Number: 187 | Loss: 0.6557
Batch Number: 188 | Loss: 0.2850
Batch Number: 189 | Loss: 0.5053
Batch Number: 190 | Loss: 0.4066
Batch Number: 191 | Loss: 0.6257
Batch Number: 192 | Loss: 0.6412
Batch Number: 193 | Loss: 0.4372
Batch Number: 194 | Loss: 0.5446
Batch Number: 195 | Loss: 0.3917
Batch Number: 196 | Loss: 0.4366
Batch Number: 197 | Loss: 0.4941
Batch Number: 198 | Loss: 0.5261
Batch Number: 199 | Loss: 0.3683
Batch Number: 200 | Loss: 0.5123
Batch Number: 201 | Loss: 0.3656
Batch Number: 202 | Loss: 0.7805
Batch Number: 203 | Loss: 0.6375
Batch Number: 204 | Loss: 0.4715
Batch Number: 205 | Loss: 0.3896
Batch Number: 206 | Loss: 0.6399
Batch Number: 207 | Loss: 0.5365
Batch Number: 208 | Loss: 0.2422
Batch Number: 209 | Loss: 0.4663
Batch Number: 210 | Loss: 0.4832
Batch Number: 211 | Loss: 0.7382
Batch Number: 212 | Loss: 0.7289
Batch Number: 213 | Loss: 0.6832
Batch Number: 214 | Loss: 0.5850
Batch Number: 215 | Loss: 0.2833
Batch Number: 216 | Loss: 0.6352
Batch Number: 217 | Loss: 0.6722
Batch Number: 218 | Loss: 0.7392
Batch Number: 219 | Loss: 0.2961
Batch Number: 220 | Loss: 0.2736
Batch Number: 221 | Loss: 0.3593
Batch Number: 222 | Loss: 0.7707
Batch Number: 223 | Loss: 0.7653
Batch Number: 224 | Loss: 0.5023
Batch Number: 225 | Loss: 0.5998
Batch Number: 226 | Loss: 0.4623
Batch Number: 227 | Loss: 0.6633
Batch Number: 228 | Loss: 0.4053
Batch Number: 229 | Loss: 0.5313
Batch Number: 230 | Loss: 0.8422
Batch Number: 231 | Loss: 0.5859
Batch Number: 232 | Loss: 0.5812
Batch Number: 233 | Loss: 0.5634
Batch Number: 234 | Loss: 0.4442
Batch Number: 235 | Loss: 0.6177
Batch Number: 236 | Loss: 0.3911
Batch Number: 237 | Loss: 0.2498
Batch Number: 238 | Loss: 0.6444
Batch Number: 239 | Loss: 0.7288
Batch Number: 240 | Loss: 0.3619
Initialization complete. Training on 184005 example sentences.
Batch Number: 1 | Loss: 4.7445
Batch Number: 2 | Loss: 4.1730
Batch Number: 3 | Loss: 3.4493
Batch Number: 4 | Loss: 2.7868
Batch Number: 5 | Loss: 2.3698
Batch Number: 6 | Loss: 1.5933
Batch Number: 7 | Loss: 1.2544
Batch Number: 8 | Loss: 1.1646
Batch Number: 9 | Loss: 1.0078
Batch Number: 10 | Loss: 0.9585
Batch Number: 11 | Loss: 1.0849
Batch Number: 12 | Loss: 0.9796
Batch Number: 13 | Loss: 1.0242
Batch Number: 14 | Loss: 1.0204
Batch Number: 15 | Loss: 0.9758
Batch Number: 16 | Loss: 0.9681
Batch Number: 17 | Loss: 0.9809
Batch Number: 18 | Loss: 0.9373
Batch Number: 19 | Loss: 0.9313
Batch Number: 20 | Loss: 1.0017
Batch Number: 21 | Loss: 1.0295
Batch Number: 22 | Loss: 0.9033
Batch Number: 23 | Loss: 1.0160
Batch Number: 24 | Loss: 0.9087
Batch Number: 25 | Loss: 0.9541
Batch Number: 26 | Loss: 0.9516
Batch Number: 27 | Loss: 0.8823
Batch Number: 28 | Loss: 1.0292
Batch Number: 29 | Loss: 0.9570
Batch Number: 30 | Loss: 0.7763
Batch Number: 31 | Loss: 0.8744
Batch Number: 32 | Loss: 0.9183
Batch Number: 33 | Loss: 0.8485
Batch Number: 34 | Loss: 0.7352
Batch Number: 35 | Loss: 0.7827
Batch Number: 36 | Loss: 0.8727
Batch Number: 37 | Loss: 0.7874
Batch Number: 38 | Loss: 0.9726
Batch Number: 39 | Loss: 0.9419
Batch Number: 40 | Loss: 0.7468
Batch Number: 41 | Loss: 0.9426
Batch Number: 42 | Loss: 0.9166
Batch Number: 43 | Loss: 0.7321
Batch Number: 44 | Loss: 0.9005
Batch Number: 45 | Loss: 0.7855
Batch Number: 46 | Loss: 0.7365
Batch Number: 47 | Loss: 0.6588
Batch Number: 48 | Loss: 0.6486
Batch Number: 49 | Loss: 0.6423
Batch Number: 50 | Loss: 0.4683
Batch Number: 51 | Loss: 0.8419
Batch Number: 52 | Loss: 0.9945
Batch Number: 53 | Loss: 0.8882
Batch Number: 54 | Loss: 0.4762
Batch Number: 55 | Loss: 0.7153
Batch Number: 56 | Loss: 0.9092
Batch Number: 57 | Loss: 0.9104
Batch Number: 58 | Loss: 0.9583
Batch Number: 59 | Loss: 0.5131
Batch Number: 60 | Loss: 0.5044
Batch Number: 61 | Loss: 0.4830
Batch Number: 62 | Loss: 0.7440
Batch Number: 63 | Loss: 0.4795
Batch Number: 64 | Loss: 0.7464
Batch Number: 65 | Loss: 0.7644
Batch Number: 66 | Loss: 0.5529
Batch Number: 67 | Loss: 0.6678
Batch Number: 68 | Loss: 0.6447
Batch Number: 69 | Loss: 0.8311
Batch Number: 70 | Loss: 0.6202
Batch Number: 71 | Loss: 0.6515
Batch Number: 72 | Loss: 0.5283
Batch Number: 73 | Loss: 0.6117
Batch Number: 74 | Loss: 0.4444
Batch Number: 75 | Loss: 0.7681
Batch Number: 76 | Loss: 0.3146
Batch Number: 77 | Loss: 0.4834
Batch Number: 78 | Loss: 0.7032
Batch Number: 79 | Loss: 0.6005
Batch Number: 80 | Loss: 0.6519
Batch Number: 81 | Loss: 0.7742
Batch Number: 82 | Loss: 0.3545
Batch Number: 83 | Loss: 0.5438
Batch Number: 84 | Loss: 0.7226
Batch Number: 85 | Loss: 0.9097
Batch Number: 86 | Loss: 0.7822
Batch Number: 87 | Loss: 0.7636
Batch Number: 88 | Loss: 0.5755
Batch Number: 89 | Loss: 0.4489
Batch Number: 90 | Loss: 0.6675
Batch Number: 91 | Loss: 0.3912
Batch Number: 92 | Loss: 0.5085
Batch Number: 93 | Loss: 0.6861
Batch Number: 94 | Loss: 0.3038
Batch Number: 95 | Loss: 0.2413
Batch Number: 96 | Loss: 0.4538
Batch Number: 97 | Loss: 0.5105
Batch Number: 98 | Loss: 0.5306
Batch Number: 99 | Loss: 0.6111
Batch Number: 100 | Loss: 0.7572
Batch Number: 101 | Loss: 0.7636
Batch Number: 102 | Loss: 0.5060
Batch Number: 103 | Loss: 0.5633
Batch Number: 104 | Loss: 0.6848
Batch Number: 105 | Loss: 0.7746
Batch Number: 106 | Loss: 0.4887
Batch Number: 107 | Loss: 0.8998
Batch Number: 108 | Loss: 0.5177
Batch Number: 109 | Loss: 0.4620
Batch Number: 110 | Loss: 0.5053
Batch Number: 111 | Loss: 0.7943
Batch Number: 112 | Loss: 0.5015
Batch Number: 113 | Loss: 0.7943
Batch Number: 114 | Loss: 0.6786
Batch Number: 115 | Loss: 0.4898
Batch Number: 116 | Loss: 0.6726
Batch Number: 117 | Loss: 0.6605
Batch Number: 118 | Loss: 0.6077
Batch Number: 119 | Loss: 0.7583
Batch Number: 120 | Loss: 0.6870
Batch Number: 121 | Loss: 0.5821
Batch Number: 122 | Loss: 0.4520
Batch Number: 123 | Loss: 0.5201
Batch Number: 124 | Loss: 0.6275
Batch Number: 125 | Loss: 0.4906
Batch Number: 126 | Loss: 0.5233
Batch Number: 127 | Loss: 0.7154
Batch Number: 128 | Loss: 0.4931
Batch Number: 129 | Loss: 0.7135
Batch Number: 130 | Loss: 0.5558
Batch Number: 131 | Loss: 0.4322
Batch Number: 132 | Loss: 0.6938
Batch Number: 133 | Loss: 0.8454
Batch Number: 134 | Loss: 0.4382
Batch Number: 135 | Loss: 0.5140
Batch Number: 136 | Loss: 0.6375
Batch Number: 137 | Loss: 0.4747
Batch Number: 138 | Loss: 0.7133
Batch Number: 139 | Loss: 0.5147
Batch Number: 140 | Loss: 0.5167
Batch Number: 141 | Loss: 0.6156
Batch Number: 142 | Loss: 0.7671
Batch Number: 143 | Loss: 0.6342
Batch Number: 144 | Loss: 0.7004
Batch Number: 145 | Loss: 0.7149
Batch Number: 146 | Loss: 0.7227
Batch Number: 147 | Loss: 0.7305
Batch Number: 148 | Loss: 0.5125
Batch Number: 149 | Loss: 0.7107
Batch Number: 150 | Loss: 0.6139
Batch Number: 151 | Loss: 0.4405
Batch Number: 152 | Loss: 0.6543
Batch Number: 153 | Loss: 0.6680
Batch Number: 154 | Loss: 0.6684
Batch Number: 155 | Loss: 0.3803
Batch Number: 156 | Loss: 0.5655
Batch Number: 157 | Loss: 0.6297
Batch Number: 158 | Loss: 0.7313
Batch Number: 159 | Loss: 0.5750
Batch Number: 160 | Loss: 0.5310
Batch Number: 161 | Loss: 0.5385
Batch Number: 162 | Loss: 0.4679
Batch Number: 163 | Loss: 0.4596
Batch Number: 164 | Loss: 0.3110
Batch Number: 165 | Loss: 0.3984
Batch Number: 166 | Loss: 0.1519
Batch Number: 167 | Loss: 0.5599
Batch Number: 168 | Loss: 0.4173
Batch Number: 169 | Loss: 0.6703
Batch Number: 170 | Loss: 0.5380
Batch Number: 171 | Loss: 0.3852
Batch Number: 172 | Loss: 0.5642
Batch Number: 173 | Loss: 0.6536
Batch Number: 174 | Loss: 0.4773
Batch Number: 175 | Loss: 0.6230
Batch Number: 176 | Loss: 0.4222
Batch Number: 177 | Loss: 0.7500
Batch Number: 178 | Loss: 0.4645
Batch Number: 179 | Loss: 0.4342
Batch Number: 180 | Loss: 0.5770
Batch Number: 181 | Loss: 0.4688
Batch Number: 182 | Loss: 0.7878
Batch Number: 183 | Loss: 0.5755
Batch Number: 184 | Loss: 0.3277
Batch Number: 185 | Loss: 0.6561
Batch Number: 186 | Loss: 0.3471
Batch Number: 187 | Loss: 0.7213
Batch Number: 188 | Loss: 0.3657
Batch Number: 189 | Loss: 0.4879
Batch Number: 190 | Loss: 0.3323
Batch Number: 191 | Loss: 0.4290
Batch Number: 192 | Loss: 0.6381
Batch Number: 193 | Loss: 0.4056
Batch Number: 194 | Loss: 0.5471
Batch Number: 195 | Loss: 0.4448
Batch Number: 196 | Loss: 0.4385
Batch Number: 197 | Loss: 0.3864
Batch Number: 198 | Loss: 0.5160
Batch Number: 199 | Loss: 0.3920
Batch Number: 200 | Loss: 0.6217
Batch Number: 201 | Loss: 0.3831
Batch Number: 202 | Loss: 0.5474
Batch Number: 203 | Loss: 0.5717
Batch Number: 204 | Loss: 0.6530
Batch Number: 205 | Loss: 0.4926
Batch Number: 206 | Loss: 0.6881
Batch Number: 207 | Loss: 0.5034
Batch Number: 208 | Loss: 0.1975
Batch Number: 209 | Loss: 0.4060
Batch Number: 210 | Loss: 0.5903
Batch Number: 211 | Loss: 0.4088
Batch Number: 212 | Loss: 0.7254
Batch Number: 213 | Loss: 0.5138
Batch Number: 214 | Loss: 0.6413
Batch Number: 215 | Loss: 0.3126
Batch Number: 216 | Loss: 0.5777
Batch Number: 217 | Loss: 0.6882
Batch Number: 218 | Loss: 0.8239
Batch Number: 219 | Loss: 0.4633
Batch Number: 220 | Loss: 0.2857
Batch Number: 221 | Loss: 0.1603
Batch Number: 222 | Loss: 0.7742
Batch Number: 223 | Loss: 0.6869
Batch Number: 224 | Loss: 0.5638
Batch Number: 225 | Loss: 0.5486
Batch Number: 226 | Loss: 0.4596
Batch Number: 227 | Loss: 0.6696
Batch Number: 228 | Loss: 0.4903
Batch Number: 229 | Loss: 0.4045
Batch Number: 230 | Loss: 0.7653
Batch Number: 231 | Loss: 0.6045
Batch Number: 232 | Loss: 0.6021
Batch Number: 233 | Loss: 0.5988
Batch Number: 234 | Loss: 0.4770
Batch Number: 235 | Loss: 0.7519
Batch Number: 236 | Loss: 0.5284
Batch Number: 237 | Loss: 0.4669
Batch Number: 238 | Loss: 0.5474
Batch Number: 239 | Loss: 0.8115
Batch Number: 240 | Loss: 0.4522
Initialization complete. Training on 184005 example sentences.
Batch Number: 1 | Loss: 5.5260
Batch Number: 2 | Loss: 4.6440
Batch Number: 3 | Loss: 3.7623
Batch Number: 4 | Loss: 3.3065
Batch Number: 5 | Loss: 2.6805
Batch Number: 6 | Loss: 2.2415
Batch Number: 7 | Loss: 1.6180
Batch Number: 8 | Loss: 1.2794
Batch Number: 9 | Loss: 1.1274
Batch Number: 10 | Loss: 0.9965
Batch Number: 11 | Loss: 0.9719
Batch Number: 12 | Loss: 0.9802
Batch Number: 13 | Loss: 0.9508
Batch Number: 14 | Loss: 0.8720
Batch Number: 15 | Loss: 0.9020
Batch Number: 16 | Loss: 1.0320
Batch Number: 17 | Loss: 0.9108
Batch Number: 18 | Loss: 0.9409
Batch Number: 19 | Loss: 0.9292
Batch Number: 20 | Loss: 1.0103
Batch Number: 21 | Loss: 0.9895
Batch Number: 22 | Loss: 0.8615
Batch Number: 23 | Loss: 0.8953
Batch Number: 24 | Loss: 0.9480
Batch Number: 25 | Loss: 0.9339
Batch Number: 26 | Loss: 0.8239
Batch Number: 27 | Loss: 0.7271
Batch Number: 28 | Loss: 0.9244
Batch Number: 29 | Loss: 0.9004
Batch Number: 30 | Loss: 0.6928
Batch Number: 31 | Loss: 0.8406
Batch Number: 32 | Loss: 0.7927
Batch Number: 33 | Loss: 0.6562
Batch Number: 34 | Loss: 0.5067
Batch Number: 35 | Loss: 0.6058
Batch Number: 36 | Loss: 0.7945
Batch Number: 37 | Loss: 0.6942
Batch Number: 38 | Loss: 0.7959
Batch Number: 39 | Loss: 0.7685
Batch Number: 40 | Loss: 0.4190
Batch Number: 41 | Loss: 0.6992
Batch Number: 42 | Loss: 0.7854
Batch Number: 43 | Loss: 0.5803
Batch Number: 44 | Loss: 0.9837
Batch Number: 45 | Loss: 0.7626
Batch Number: 46 | Loss: 0.6034
Batch Number: 47 | Loss: 0.7205
Batch Number: 48 | Loss: 0.4859
Batch Number: 49 | Loss: 0.4387
Batch Number: 50 | Loss: 0.4066
Batch Number: 51 | Loss: 0.6529
Batch Number: 52 | Loss: 0.9246
Batch Number: 53 | Loss: 0.8695
Batch Number: 54 | Loss: 0.2363
Batch Number: 55 | Loss: 0.6796
Batch Number: 56 | Loss: 0.9192
Batch Number: 57 | Loss: 0.7693
Batch Number: 58 | Loss: 0.8075
Batch Number: 59 | Loss: 0.2876
Batch Number: 60 | Loss: 0.3332
Batch Number: 61 | Loss: 0.5185
Batch Number: 62 | Loss: 0.7732
Batch Number: 63 | Loss: 0.4968
Batch Number: 64 | Loss: 0.6766
Batch Number: 65 | Loss: 0.8166
Batch Number: 66 | Loss: 0.4087
Batch Number: 67 | Loss: 0.6049
Batch Number: 68 | Loss: 0.6981
Batch Number: 69 | Loss: 0.9154
Batch Number: 70 | Loss: 0.6649
Batch Number: 71 | Loss: 0.7978
Batch Number: 72 | Loss: 0.5139
Batch Number: 73 | Loss: 0.5674
Batch Number: 74 | Loss: 0.4563
Batch Number: 75 | Loss: 0.8682
Batch Number: 76 | Loss: 0.3122
Batch Number: 77 | Loss: 0.5543
Batch Number: 78 | Loss: 0.7136
Batch Number: 79 | Loss: 0.5642
Batch Number: 80 | Loss: 0.6597
Batch Number: 81 | Loss: 0.8666
Batch Number: 82 | Loss: 0.3134
Batch Number: 83 | Loss: 0.6736
Batch Number: 84 | Loss: 0.5549
Batch Number: 85 | Loss: 0.9197
Batch Number: 86 | Loss: 0.6796
Batch Number: 87 | Loss: 0.8383
Batch Number: 88 | Loss: 0.7501
Batch Number: 89 | Loss: 0.6154
Batch Number: 90 | Loss: 0.7613
Batch Number: 91 | Loss: 0.3880
Batch Number: 92 | Loss: 0.4634
Batch Number: 93 | Loss: 0.6673
Batch Number: 94 | Loss: 0.3624
Batch Number: 95 | Loss: 0.4067
Batch Number: 96 | Loss: 0.3792
Batch Number: 97 | Loss: 0.6173
Batch Number: 98 | Loss: 0.4738
Batch Number: 99 | Loss: 0.6362
Batch Number: 100 | Loss: 0.7277
Batch Number: 101 | Loss: 0.7944
Batch Number: 102 | Loss: 0.5803
Batch Number: 103 | Loss: 0.5998
Batch Number: 104 | Loss: 0.7572
Batch Number: 105 | Loss: 0.7275
Batch Number: 106 | Loss: 0.4293
Batch Number: 107 | Loss: 0.7901
Batch Number: 108 | Loss: 0.6003
Batch Number: 109 | Loss: 0.3937
Batch Number: 110 | Loss: 0.5630
Batch Number: 111 | Loss: 0.8239
Batch Number: 112 | Loss: 0.5869
Batch Number: 113 | Loss: 1.0030
Batch Number: 114 | Loss: 0.6117
Batch Number: 115 | Loss: 0.2645
Batch Number: 116 | Loss: 0.6406
Batch Number: 117 | Loss: 0.6278
Batch Number: 118 | Loss: 0.5277
Batch Number: 119 | Loss: 0.8645
Batch Number: 120 | Loss: 0.4884
Batch Number: 121 | Loss: 0.5482
Batch Number: 122 | Loss: 0.3329
Batch Number: 123 | Loss: 0.5763
Batch Number: 124 | Loss: 0.6794
Batch Number: 125 | Loss: 0.4871
Batch Number: 126 | Loss: 0.5235
Batch Number: 127 | Loss: 0.5249
Batch Number: 128 | Loss: 0.4226
Batch Number: 129 | Loss: 0.7909
Batch Number: 130 | Loss: 0.7565
Batch Number: 131 | Loss: 0.5728
Batch Number: 132 | Loss: 0.5002
Batch Number: 133 | Loss: 0.7989
Batch Number: 134 | Loss: 0.5448
Batch Number: 135 | Loss: 0.5462
Batch Number: 136 | Loss: 0.6431
Batch Number: 137 | Loss: 0.3865
Batch Number: 138 | Loss: 0.6222
Batch Number: 139 | Loss: 0.3507
Batch Number: 140 | Loss: 0.5505
Batch Number: 141 | Loss: 0.6030
Batch Number: 142 | Loss: 0.5709
Batch Number: 143 | Loss: 0.5417
Batch Number: 144 | Loss: 0.6784
Batch Number: 145 | Loss: 0.5887
Batch Number: 146 | Loss: 0.7231
Batch Number: 147 | Loss: 0.6958
Batch Number: 148 | Loss: 0.5786
Batch Number: 149 | Loss: 0.7711
Batch Number: 150 | Loss: 0.4545
Batch Number: 151 | Loss: 0.5164
Batch Number: 152 | Loss: 0.5722
Batch Number: 153 | Loss: 0.7250
Batch Number: 154 | Loss: 0.6317
Batch Number: 155 | Loss: 0.3639
Batch Number: 156 | Loss: 0.4514
Batch Number: 157 | Loss: 0.5397
Batch Number: 158 | Loss: 0.8367
Batch Number: 159 | Loss: 0.3525
Batch Number: 160 | Loss: 0.3982
Batch Number: 161 | Loss: 0.6972
Batch Number: 162 | Loss: 0.5297
Batch Number: 163 | Loss: 0.2842
Batch Number: 164 | Loss: 0.2211
Batch Number: 165 | Loss: 0.5848
Batch Number: 166 | Loss: 0.3718
Batch Number: 167 | Loss: 0.7187
Batch Number: 168 | Loss: 0.4748
Batch Number: 169 | Loss: 0.5805
Batch Number: 170 | Loss: 0.4399
Batch Number: 171 | Loss: 0.4504
Batch Number: 172 | Loss: 0.5504
Batch Number: 173 | Loss: 0.7150
Batch Number: 174 | Loss: 0.4445
Batch Number: 175 | Loss: 0.6990
Batch Number: 176 | Loss: 0.4279
Batch Number: 177 | Loss: 0.7058
Batch Number: 178 | Loss: 0.6596
Batch Number: 179 | Loss: 0.6059
Batch Number: 180 | Loss: 0.5263
Batch Number: 181 | Loss: 0.4578
Batch Number: 182 | Loss: 0.7401
Batch Number: 183 | Loss: 0.6923
Batch Number: 184 | Loss: 0.3894
Batch Number: 185 | Loss: 0.6382
Batch Number: 186 | Loss: 0.3868
Batch Number: 187 | Loss: 0.6201
Batch Number: 188 | Loss: 0.2741
Batch Number: 189 | Loss: 0.5467
Batch Number: 190 | Loss: 0.3811
Batch Number: 191 | Loss: 0.4905
Batch Number: 192 | Loss: 0.4978
Batch Number: 193 | Loss: 0.3507
Batch Number: 194 | Loss: 0.5181
Batch Number: 195 | Loss: 0.4256
Batch Number: 196 | Loss: 0.5953
Batch Number: 197 | Loss: 0.4810
Batch Number: 198 | Loss: 0.5380
Batch Number: 199 | Loss: 0.4406
Batch Number: 200 | Loss: 0.3590
Batch Number: 201 | Loss: 0.4182
Batch Number: 202 | Loss: 0.8450
Batch Number: 203 | Loss: 0.6466
Batch Number: 204 | Loss: 0.5279
Batch Number: 205 | Loss: 0.4439
Batch Number: 206 | Loss: 0.6790
Batch Number: 207 | Loss: 0.6095
Batch Number: 208 | Loss: 0.1951
Batch Number: 209 | Loss: 0.3466
Batch Number: 210 | Loss: 0.6798
Batch Number: 211 | Loss: 0.5563
Batch Number: 212 | Loss: 0.6495
Batch Number: 213 | Loss: 0.5641
Batch Number: 214 | Loss: 0.5475
Batch Number: 215 | Loss: 0.4164
Batch Number: 216 | Loss: 0.7233
Batch Number: 217 | Loss: 0.6588
Batch Number: 218 | Loss: 0.8297
Batch Number: 219 | Loss: 0.4689
Batch Number: 220 | Loss: 0.2094
Batch Number: 221 | Loss: 0.2515
Batch Number: 222 | Loss: 0.7226
Batch Number: 223 | Loss: 0.6132
Batch Number: 224 | Loss: 0.7097
Batch Number: 225 | Loss: 0.5533
Batch Number: 226 | Loss: 0.4722
Batch Number: 227 | Loss: 0.7677
Batch Number: 228 | Loss: 0.4026
Batch Number: 229 | Loss: 0.4076
Batch Number: 230 | Loss: 0.7309
Batch Number: 231 | Loss: 0.5055
Batch Number: 232 | Loss: 0.5044
Batch Number: 233 | Loss: 0.6799
Batch Number: 234 | Loss: 0.4379
Batch Number: 235 | Loss: 0.4684
Batch Number: 236 | Loss: 0.5332
Batch Number: 237 | Loss: 0.4906
Batch Number: 238 | Loss: 0.5563
Batch Number: 239 | Loss: 0.9430
Batch Number: 240 | Loss: 0.4509
Initialization complete. Training on 184005 example sentences.
Batch Number: 1 | Loss: 8.6166
Batch Number: 2 | Loss: 7.5849
Batch Number: 3 | Loss: 7.1042
Batch Number: 4 | Loss: 6.2945
Batch Number: 5 | Loss: 5.6539
Batch Number: 6 | Loss: 4.9058
Batch Number: 7 | Loss: 4.2903
Batch Number: 8 | Loss: 3.9275
Batch Number: 9 | Loss: 3.1961
Batch Number: 10 | Loss: 2.6130
Batch Number: 11 | Loss: 2.1581
Batch Number: 12 | Loss: 1.5151
Batch Number: 13 | Loss: 1.1977
Batch Number: 14 | Loss: 1.0582
Batch Number: 15 | Loss: 0.9629
Batch Number: 16 | Loss: 1.1102
Batch Number: 17 | Loss: 0.8640
Batch Number: 18 | Loss: 1.0025
Batch Number: 19 | Loss: 1.0055
Batch Number: 20 | Loss: 1.0380
Batch Number: 21 | Loss: 0.9755
Batch Number: 22 | Loss: 1.0165
Batch Number: 23 | Loss: 0.9406
Batch Number: 24 | Loss: 0.9212
Batch Number: 25 | Loss: 0.8784
Batch Number: 26 | Loss: 0.9233
Batch Number: 27 | Loss: 0.7932
Batch Number: 28 | Loss: 0.9934
Batch Number: 29 | Loss: 0.9321
Batch Number: 30 | Loss: 0.8737
Batch Number: 31 | Loss: 0.9016
Batch Number: 32 | Loss: 0.8104
Batch Number: 33 | Loss: 0.8112
Batch Number: 34 | Loss: 0.6781
Batch Number: 35 | Loss: 0.8293
Batch Number: 36 | Loss: 0.8808
Batch Number: 37 | Loss: 0.7920
Batch Number: 38 | Loss: 0.7902
Batch Number: 39 | Loss: 0.9587
Batch Number: 40 | Loss: 0.7949
Batch Number: 41 | Loss: 0.8593
Batch Number: 42 | Loss: 0.8028
Batch Number: 43 | Loss: 0.7345
Batch Number: 44 | Loss: 0.8689
Batch Number: 45 | Loss: 0.8948
Batch Number: 46 | Loss: 0.7522
Batch Number: 47 | Loss: 0.6365
Batch Number: 48 | Loss: 0.6462
Batch Number: 49 | Loss: 0.5801
Batch Number: 50 | Loss: 0.6190
Batch Number: 51 | Loss: 0.7119
Batch Number: 52 | Loss: 0.9189
Batch Number: 53 | Loss: 1.0244
Batch Number: 54 | Loss: 0.3913
Batch Number: 55 | Loss: 0.8236
Batch Number: 56 | Loss: 0.8729
Batch Number: 57 | Loss: 0.6791
Batch Number: 58 | Loss: 0.8838
Batch Number: 59 | Loss: 0.4438
Batch Number: 60 | Loss: 0.4580
Batch Number: 61 | Loss: 0.5983
Batch Number: 62 | Loss: 0.7115
Batch Number: 63 | Loss: 0.4418
Batch Number: 64 | Loss: 0.6764
Batch Number: 65 | Loss: 0.7646
Batch Number: 66 | Loss: 0.6170
Batch Number: 67 | Loss: 0.8061
Batch Number: 68 | Loss: 0.7689
Batch Number: 69 | Loss: 0.7796
Batch Number: 70 | Loss: 0.6882
Batch Number: 71 | Loss: 0.7821
Batch Number: 72 | Loss: 0.6986
Batch Number: 73 | Loss: 0.5694
Batch Number: 74 | Loss: 0.5185
Batch Number: 75 | Loss: 0.7805
Batch Number: 76 | Loss: 0.2587
Batch Number: 77 | Loss: 0.5839
Batch Number: 78 | Loss: 0.7566
Batch Number: 79 | Loss: 0.5505
Batch Number: 80 | Loss: 0.5859
Batch Number: 81 | Loss: 0.8510
Batch Number: 82 | Loss: 0.2504
Batch Number: 83 | Loss: 0.6218
Batch Number: 84 | Loss: 0.5814
Batch Number: 85 | Loss: 0.8980
Batch Number: 86 | Loss: 0.7205
Batch Number: 87 | Loss: 0.7917
Batch Number: 88 | Loss: 0.4626
Batch Number: 89 | Loss: 0.5033
Batch Number: 90 | Loss: 0.6286
Batch Number: 91 | Loss: 0.3019
Batch Number: 92 | Loss: 0.3863
Batch Number: 93 | Loss: 0.6919
Batch Number: 94 | Loss: 0.3943
Batch Number: 95 | Loss: 0.4203
Batch Number: 96 | Loss: 0.4601
Batch Number: 97 | Loss: 0.5820
Batch Number: 98 | Loss: 0.5704
Batch Number: 99 | Loss: 0.6857
Batch Number: 100 | Loss: 0.7683
Batch Number: 101 | Loss: 0.7043
Batch Number: 102 | Loss: 0.6241
Batch Number: 103 | Loss: 0.7570
Batch Number: 104 | Loss: 0.9733
Batch Number: 105 | Loss: 0.7849
Batch Number: 106 | Loss: 0.3948
Batch Number: 107 | Loss: 0.8842
Batch Number: 108 | Loss: 0.5863
Batch Number: 109 | Loss: 0.3637
Batch Number: 110 | Loss: 0.6378
Batch Number: 111 | Loss: 0.7785
Batch Number: 112 | Loss: 0.5425
Batch Number: 113 | Loss: 0.8722
Batch Number: 114 | Loss: 0.6057
Batch Number: 115 | Loss: 0.3635
Batch Number: 116 | Loss: 0.5628
Batch Number: 117 | Loss: 0.7460
Batch Number: 118 | Loss: 0.6955
Batch Number: 119 | Loss: 0.7757
Batch Number: 120 | Loss: 0.5948
Batch Number: 121 | Loss: 0.6450
Batch Number: 122 | Loss: 0.4566
Batch Number: 123 | Loss: 0.5734
Batch Number: 124 | Loss: 0.6042
Batch Number: 125 | Loss: 0.7006
Batch Number: 126 | Loss: 0.5423
Batch Number: 127 | Loss: 0.6341
Batch Number: 128 | Loss: 0.4588
Batch Number: 129 | Loss: 0.8323
Batch Number: 130 | Loss: 0.6001
Batch Number: 131 | Loss: 0.4529
Batch Number: 132 | Loss: 0.5613
Batch Number: 133 | Loss: 0.7605
Batch Number: 134 | Loss: 0.3229
Batch Number: 135 | Loss: 0.5709
Batch Number: 136 | Loss: 0.5619
Batch Number: 137 | Loss: 0.6171
Batch Number: 138 | Loss: 0.5961
Batch Number: 139 | Loss: 0.5777
Batch Number: 140 | Loss: 0.6705
Batch Number: 141 | Loss: 0.6342
Batch Number: 142 | Loss: 0.6894
Batch Number: 143 | Loss: 0.6774
Batch Number: 144 | Loss: 0.6806
Batch Number: 145 | Loss: 0.5968
Batch Number: 146 | Loss: 0.8886
Batch Number: 147 | Loss: 0.7774
Batch Number: 148 | Loss: 0.5083
Batch Number: 149 | Loss: 0.8993
Batch Number: 150 | Loss: 0.6490
Batch Number: 151 | Loss: 0.5585
Batch Number: 152 | Loss: 0.6033
Batch Number: 153 | Loss: 0.8622
Batch Number: 154 | Loss: 0.6128
Batch Number: 155 | Loss: 0.3439
Batch Number: 156 | Loss: 0.5081
Batch Number: 157 | Loss: 0.6422
Batch Number: 158 | Loss: 0.8113
Batch Number: 159 | Loss: 0.4593
Batch Number: 160 | Loss: 0.3324
Batch Number: 161 | Loss: 0.6581
Batch Number: 162 | Loss: 0.6300
Batch Number: 163 | Loss: 0.3643
Batch Number: 164 | Loss: 0.2177
Batch Number: 165 | Loss: 0.4889
Batch Number: 166 | Loss: 0.3381
Batch Number: 167 | Loss: 0.6857
Batch Number: 168 | Loss: 0.5320
Batch Number: 169 | Loss: 0.7466
Batch Number: 170 | Loss: 0.3833
Batch Number: 171 | Loss: 0.4649
Batch Number: 172 | Loss: 0.4905
Batch Number: 173 | Loss: 0.6039
Batch Number: 174 | Loss: 0.3378
Batch Number: 175 | Loss: 0.6139
Batch Number: 176 | Loss: 0.6138
Batch Number: 177 | Loss: 0.7685
Batch Number: 178 | Loss: 0.5072
Batch Number: 179 | Loss: 0.5398
Batch Number: 180 | Loss: 0.5064
Batch Number: 181 | Loss: 0.4650
Batch Number: 182 | Loss: 0.6800
Batch Number: 183 | Loss: 0.5706
Batch Number: 184 | Loss: 0.4924
Batch Number: 185 | Loss: 0.7840
Batch Number: 186 | Loss: 0.5598
Batch Number: 187 | Loss: 0.7252
Batch Number: 188 | Loss: 0.4174
Batch Number: 189 | Loss: 0.4887
Batch Number: 190 | Loss: 0.3910
Batch Number: 191 | Loss: 0.4406
Batch Number: 192 | Loss: 0.6663
Batch Number: 193 | Loss: 0.4724
Batch Number: 194 | Loss: 0.5204
Batch Number: 195 | Loss: 0.4917
Batch Number: 196 | Loss: 0.5202
Batch Number: 197 | Loss: 0.3942
Batch Number: 198 | Loss: 0.4892
Batch Number: 199 | Loss: 0.5784
Batch Number: 200 | Loss: 0.4631
Batch Number: 201 | Loss: 0.6886
Batch Number: 202 | Loss: 0.8082
Batch Number: 203 | Loss: 0.6232
Batch Number: 204 | Loss: 0.6075
Batch Number: 205 | Loss: 0.4997
Batch Number: 206 | Loss: 0.6052
Batch Number: 207 | Loss: 0.5359
Batch Number: 208 | Loss: 0.3094
Batch Number: 209 | Loss: 0.3593
Batch Number: 210 | Loss: 0.7570
Batch Number: 211 | Loss: 0.6749
Batch Number: 212 | Loss: 0.7192
Batch Number: 213 | Loss: 0.5078
Batch Number: 214 | Loss: 0.7356
Batch Number: 215 | Loss: 0.2800
Batch Number: 216 | Loss: 0.5853
Batch Number: 217 | Loss: 0.5007
Batch Number: 218 | Loss: 0.8895
Batch Number: 219 | Loss: 0.4264
Batch Number: 220 | Loss: 0.2650
Batch Number: 221 | Loss: 0.3245
Batch Number: 222 | Loss: 0.6084
Batch Number: 223 | Loss: 0.6001
Batch Number: 224 | Loss: 0.5041
Batch Number: 225 | Loss: 0.6966
Batch Number: 226 | Loss: 0.4433
Batch Number: 227 | Loss: 0.7711
Batch Number: 228 | Loss: 0.5177
Batch Number: 229 | Loss: 0.4276
Batch Number: 230 | Loss: 0.7532
Batch Number: 231 | Loss: 0.6815
Batch Number: 232 | Loss: 0.7803
Batch Number: 233 | Loss: 0.5678
Batch Number: 234 | Loss: 0.4707
Batch Number: 235 | Loss: 0.5708
Batch Number: 236 | Loss: 0.5182
Batch Number: 237 | Loss: 0.4075
Batch Number: 238 | Loss: 0.4786
Batch Number: 239 | Loss: 0.8043
Batch Number: 240 | Loss: 0.3661
Initialization complete. Training on 184005 example sentences.
Batch Number: 1 | Loss: 6.0145
Batch Number: 2 | Loss: 5.4117
Batch Number: 3 | Loss: 4.7941
Batch Number: 4 | Loss: 3.9778
Batch Number: 5 | Loss: 3.4756
Batch Number: 6 | Loss: 2.7029
Batch Number: 7 | Loss: 2.1271
Batch Number: 8 | Loss: 2.0373
Batch Number: 9 | Loss: 1.6652
Batch Number: 10 | Loss: 1.1070
Batch Number: 11 | Loss: 0.9872
Batch Number: 12 | Loss: 1.0310
Batch Number: 13 | Loss: 1.0415
Batch Number: 14 | Loss: 1.0221
Batch Number: 15 | Loss: 0.9328
Batch Number: 16 | Loss: 0.9844
Batch Number: 17 | Loss: 0.9490
Batch Number: 18 | Loss: 0.9424
Batch Number: 19 | Loss: 0.8435
Batch Number: 20 | Loss: 0.9149
Batch Number: 21 | Loss: 0.9691
Batch Number: 22 | Loss: 0.9680
Batch Number: 23 | Loss: 0.8730
Batch Number: 24 | Loss: 0.8680
Batch Number: 25 | Loss: 0.9626
Batch Number: 26 | Loss: 0.8833
Batch Number: 27 | Loss: 0.8585
Batch Number: 28 | Loss: 1.0533
Batch Number: 29 | Loss: 0.9734
Batch Number: 30 | Loss: 0.7354
Batch Number: 31 | Loss: 0.7785
Batch Number: 32 | Loss: 0.7848
Batch Number: 33 | Loss: 0.7791
Batch Number: 34 | Loss: 0.6750
Batch Number: 35 | Loss: 0.6940
Batch Number: 36 | Loss: 0.7910
Batch Number: 37 | Loss: 0.8264
Batch Number: 38 | Loss: 0.8419
Batch Number: 39 | Loss: 0.8774
Batch Number: 40 | Loss: 0.7239
Batch Number: 41 | Loss: 0.8617
Batch Number: 42 | Loss: 0.8074
Batch Number: 43 | Loss: 0.7026
Batch Number: 44 | Loss: 1.0191
Batch Number: 45 | Loss: 0.8582
Batch Number: 46 | Loss: 0.7935
Batch Number: 47 | Loss: 0.6958
Batch Number: 48 | Loss: 0.5331
Batch Number: 49 | Loss: 0.4623
Batch Number: 50 | Loss: 0.5120
Batch Number: 51 | Loss: 0.8360
Batch Number: 52 | Loss: 0.9226
Batch Number: 53 | Loss: 0.8774
Batch Number: 54 | Loss: 0.4965
Batch Number: 55 | Loss: 0.5313
Batch Number: 56 | Loss: 0.9789
Batch Number: 57 | Loss: 0.8665
Batch Number: 58 | Loss: 0.9090
Batch Number: 59 | Loss: 0.4953
Batch Number: 60 | Loss: 0.5077
Batch Number: 61 | Loss: 0.5588
Batch Number: 62 | Loss: 0.7711
Batch Number: 63 | Loss: 0.5160
Batch Number: 64 | Loss: 0.5611
Batch Number: 65 | Loss: 0.8933
Batch Number: 66 | Loss: 0.5819
Batch Number: 67 | Loss: 0.8158
Batch Number: 68 | Loss: 0.7378
Batch Number: 69 | Loss: 0.5556
Batch Number: 70 | Loss: 0.5354
Batch Number: 71 | Loss: 0.6475
Batch Number: 72 | Loss: 0.5684
Batch Number: 73 | Loss: 0.5454
Batch Number: 74 | Loss: 0.4002
Batch Number: 75 | Loss: 0.7435
Batch Number: 76 | Loss: 0.3931
Batch Number: 77 | Loss: 0.5788
Batch Number: 78 | Loss: 0.7102
Batch Number: 79 | Loss: 0.5488
Batch Number: 80 | Loss: 0.6449
Batch Number: 81 | Loss: 0.7779
Batch Number: 82 | Loss: 0.3620
Batch Number: 83 | Loss: 0.6070
Batch Number: 84 | Loss: 0.6141
Batch Number: 85 | Loss: 0.9922
Batch Number: 86 | Loss: 0.6248
Batch Number: 87 | Loss: 0.8405
Batch Number: 88 | Loss: 0.6752
Batch Number: 89 | Loss: 0.6812
Batch Number: 90 | Loss: 0.7749
Batch Number: 91 | Loss: 0.4729
Batch Number: 92 | Loss: 0.4759
Batch Number: 93 | Loss: 0.6438
Batch Number: 94 | Loss: 0.3935
Batch Number: 95 | Loss: 0.4219
Batch Number: 96 | Loss: 0.5147
Batch Number: 97 | Loss: 0.5045
Batch Number: 98 | Loss: 0.5341
Batch Number: 99 | Loss: 0.6317
Batch Number: 100 | Loss: 0.7351
Batch Number: 101 | Loss: 0.8013
Batch Number: 102 | Loss: 0.5758
Batch Number: 103 | Loss: 0.5507
Batch Number: 104 | Loss: 0.7611
Batch Number: 105 | Loss: 0.7951
Batch Number: 106 | Loss: 0.4566
Batch Number: 107 | Loss: 0.8962
Batch Number: 108 | Loss: 0.5409
Batch Number: 109 | Loss: 0.5494
Batch Number: 110 | Loss: 0.5842
Batch Number: 111 | Loss: 0.7768
Batch Number: 112 | Loss: 0.5377
Batch Number: 113 | Loss: 0.8005
Batch Number: 114 | Loss: 0.6589
Batch Number: 115 | Loss: 0.4477
Batch Number: 116 | Loss: 0.6542
Batch Number: 117 | Loss: 0.6699
Batch Number: 118 | Loss: 0.5524
Batch Number: 119 | Loss: 0.8972
Batch Number: 120 | Loss: 0.5744
Batch Number: 121 | Loss: 0.6081
Batch Number: 122 | Loss: 0.3360
Batch Number: 123 | Loss: 0.4793
Batch Number: 124 | Loss: 0.7345
Batch Number: 125 | Loss: 0.4548
Batch Number: 126 | Loss: 0.5101
Batch Number: 127 | Loss: 0.6360
Batch Number: 128 | Loss: 0.4718
Batch Number: 129 | Loss: 0.7537
Batch Number: 130 | Loss: 0.6477
Batch Number: 131 | Loss: 0.5639
Batch Number: 132 | Loss: 0.6771
Batch Number: 133 | Loss: 0.9778
Batch Number: 134 | Loss: 0.5286
Batch Number: 135 | Loss: 0.6761
Batch Number: 136 | Loss: 0.6047
Batch Number: 137 | Loss: 0.5306
Batch Number: 138 | Loss: 0.6474
Batch Number: 139 | Loss: 0.4979
Batch Number: 140 | Loss: 0.6803
Batch Number: 141 | Loss: 0.5260
Batch Number: 142 | Loss: 0.6831
Batch Number: 143 | Loss: 0.7415
Batch Number: 144 | Loss: 0.6576
Batch Number: 145 | Loss: 0.6862
Batch Number: 146 | Loss: 0.8504
Batch Number: 147 | Loss: 0.7881
Batch Number: 148 | Loss: 0.6738
Batch Number: 149 | Loss: 0.9272
Batch Number: 150 | Loss: 0.6406
Batch Number: 151 | Loss: 0.4407
Batch Number: 152 | Loss: 0.6579
Batch Number: 153 | Loss: 0.6392
Batch Number: 154 | Loss: 0.6472
Batch Number: 155 | Loss: 0.4346
Batch Number: 156 | Loss: 0.6766
Batch Number: 157 | Loss: 0.4570
Batch Number: 158 | Loss: 0.6001
Batch Number: 159 | Loss: 0.4685
Batch Number: 160 | Loss: 0.4989
Batch Number: 161 | Loss: 0.7586
Batch Number: 162 | Loss: 0.6357
Batch Number: 163 | Loss: 0.4221
Batch Number: 164 | Loss: 0.3322
Batch Number: 165 | Loss: 0.5219
Batch Number: 166 | Loss: 0.4191
Batch Number: 167 | Loss: 0.5939
Batch Number: 168 | Loss: 0.4622
Batch Number: 169 | Loss: 0.6080
Batch Number: 170 | Loss: 0.3810
Batch Number: 171 | Loss: 0.5309
Batch Number: 172 | Loss: 0.5482
Batch Number: 173 | Loss: 0.7913
Batch Number: 174 | Loss: 0.5293
Batch Number: 175 | Loss: 0.6134
Batch Number: 176 | Loss: 0.3339
Batch Number: 177 | Loss: 0.8051
Batch Number: 178 | Loss: 0.4782
Batch Number: 179 | Loss: 0.5702
Batch Number: 180 | Loss: 0.4445
Batch Number: 181 | Loss: 0.4577
Batch Number: 182 | Loss: 0.6455
Batch Number: 183 | Loss: 0.5277
Batch Number: 184 | Loss: 0.4425
Batch Number: 185 | Loss: 0.6592
Batch Number: 186 | Loss: 0.4127
Batch Number: 187 | Loss: 0.6538
Batch Number: 188 | Loss: 0.2736
Batch Number: 189 | Loss: 0.4472
Batch Number: 190 | Loss: 0.3169
Batch Number: 191 | Loss: 0.4125
Batch Number: 192 | Loss: 0.4664
Batch Number: 193 | Loss: 0.4954
Batch Number: 194 | Loss: 0.6479
Batch Number: 195 | Loss: 0.4416
Batch Number: 196 | Loss: 0.3938
Batch Number: 197 | Loss: 0.5679
Batch Number: 198 | Loss: 0.5868
Batch Number: 199 | Loss: 0.5094
Batch Number: 200 | Loss: 0.4763
Batch Number: 201 | Loss: 0.3972
Batch Number: 202 | Loss: 0.7794
Batch Number: 203 | Loss: 0.7066
Batch Number: 204 | Loss: 0.6269
Batch Number: 205 | Loss: 0.4560
Batch Number: 206 | Loss: 0.6728
Batch Number: 207 | Loss: 0.6316
Batch Number: 208 | Loss: 0.3242
Batch Number: 209 | Loss: 0.3649
Batch Number: 210 | Loss: 0.6949
Batch Number: 211 | Loss: 0.6196
Batch Number: 212 | Loss: 0.7477
Batch Number: 213 | Loss: 0.4390
Batch Number: 214 | Loss: 0.6339
Batch Number: 215 | Loss: 0.3462
Batch Number: 216 | Loss: 0.7179
Batch Number: 217 | Loss: 0.7250
Batch Number: 218 | Loss: 0.7894
Batch Number: 219 | Loss: 0.4081
Batch Number: 220 | Loss: 0.3710
Batch Number: 221 | Loss: 0.3649
Batch Number: 222 | Loss: 0.7370
Batch Number: 223 | Loss: 0.6670
Batch Number: 224 | Loss: 0.4661
Batch Number: 225 | Loss: 0.5691
Batch Number: 226 | Loss: 0.5035
Batch Number: 227 | Loss: 0.6178
Batch Number: 228 | Loss: 0.4031
Batch Number: 229 | Loss: 0.5198
Batch Number: 230 | Loss: 0.6394
Batch Number: 231 | Loss: 0.5355
Batch Number: 232 | Loss: 0.5169
Batch Number: 233 | Loss: 0.6003
Batch Number: 234 | Loss: 0.4887
Batch Number: 235 | Loss: 0.6006
Batch Number: 236 | Loss: 0.5282
Batch Number: 237 | Loss: 0.3729
Batch Number: 238 | Loss: 0.6068
Batch Number: 239 | Loss: 0.8740
Batch Number: 240 | Loss: 0.3830
Initialization complete. Training on 184005 example sentences.
Batch Number: 1 | Loss: 6.2952
Batch Number: 2 | Loss: 5.7236
Batch Number: 3 | Loss: 4.8225
Batch Number: 4 | Loss: 4.0459
Batch Number: 5 | Loss: 3.3597
Batch Number: 6 | Loss: 2.6333
Batch Number: 7 | Loss: 1.9763
Batch Number: 8 | Loss: 1.6203
Batch Number: 9 | Loss: 1.2802
Batch Number: 10 | Loss: 1.1538
Batch Number: 11 | Loss: 1.0256
Batch Number: 12 | Loss: 1.0742
Batch Number: 13 | Loss: 1.0887
Batch Number: 14 | Loss: 1.0403
Batch Number: 15 | Loss: 1.0805
Batch Number: 16 | Loss: 0.9925
Batch Number: 17 | Loss: 0.9777
Batch Number: 18 | Loss: 0.9638
Batch Number: 19 | Loss: 1.0628
Batch Number: 20 | Loss: 0.8957
Batch Number: 21 | Loss: 1.0438
Batch Number: 22 | Loss: 0.9449
Batch Number: 23 | Loss: 0.9827
Batch Number: 24 | Loss: 0.9891
Batch Number: 25 | Loss: 0.9850
Batch Number: 26 | Loss: 0.9814
Batch Number: 27 | Loss: 0.9786
Batch Number: 28 | Loss: 0.9594
Batch Number: 29 | Loss: 1.0028
Batch Number: 30 | Loss: 0.8961
Batch Number: 31 | Loss: 0.9203
Batch Number: 32 | Loss: 0.8686
Batch Number: 33 | Loss: 0.8945
Batch Number: 34 | Loss: 0.8174
Batch Number: 35 | Loss: 0.8159
Batch Number: 36 | Loss: 0.9374
Batch Number: 37 | Loss: 0.9049
Batch Number: 38 | Loss: 0.8514
Batch Number: 39 | Loss: 0.9211
Batch Number: 40 | Loss: 0.8425
Batch Number: 41 | Loss: 0.8410
Batch Number: 42 | Loss: 0.9398
Batch Number: 43 | Loss: 0.8616
Batch Number: 44 | Loss: 0.9169
Batch Number: 45 | Loss: 0.8153
Batch Number: 46 | Loss: 0.8707
Batch Number: 47 | Loss: 0.8377
Batch Number: 48 | Loss: 0.7016
Batch Number: 49 | Loss: 0.6375
Batch Number: 50 | Loss: 0.6488
Batch Number: 51 | Loss: 0.8564
Batch Number: 52 | Loss: 0.9255
Batch Number: 53 | Loss: 0.8713
Batch Number: 54 | Loss: 0.6574
Batch Number: 55 | Loss: 0.5998
Batch Number: 56 | Loss: 0.8929
Batch Number: 57 | Loss: 0.9274
Batch Number: 58 | Loss: 0.9597
Batch Number: 59 | Loss: 0.6502
Batch Number: 60 | Loss: 0.4225
Batch Number: 61 | Loss: 0.5770
Batch Number: 62 | Loss: 0.8068
Batch Number: 63 | Loss: 0.6220
Batch Number: 64 | Loss: 0.7472
Batch Number: 65 | Loss: 0.8880
Batch Number: 66 | Loss: 0.6725
Batch Number: 67 | Loss: 0.8744
Batch Number: 68 | Loss: 0.8004
Batch Number: 69 | Loss: 0.8443
Batch Number: 70 | Loss: 0.5583
Batch Number: 71 | Loss: 0.7035
Batch Number: 72 | Loss: 0.5070
Batch Number: 73 | Loss: 0.6280
Batch Number: 74 | Loss: 0.4823
Batch Number: 75 | Loss: 0.8018
Batch Number: 76 | Loss: 0.2582
Batch Number: 77 | Loss: 0.5241
Batch Number: 78 | Loss: 0.7014
Batch Number: 79 | Loss: 0.5401
Batch Number: 80 | Loss: 0.7298
Batch Number: 81 | Loss: 0.8162
Batch Number: 82 | Loss: 0.3188
Batch Number: 83 | Loss: 0.5493
Batch Number: 84 | Loss: 0.6797
Batch Number: 85 | Loss: 0.9412
Batch Number: 86 | Loss: 0.7669
Batch Number: 87 | Loss: 0.8822
Batch Number: 88 | Loss: 0.5804
Batch Number: 89 | Loss: 0.5467
Batch Number: 90 | Loss: 0.7238
Batch Number: 91 | Loss: 0.5033
Batch Number: 92 | Loss: 0.3709
Batch Number: 93 | Loss: 0.5429
Batch Number: 94 | Loss: 0.2476
Batch Number: 95 | Loss: 0.3011
Batch Number: 96 | Loss: 0.4162
Batch Number: 97 | Loss: 0.4517
Batch Number: 98 | Loss: 0.5414
Batch Number: 99 | Loss: 0.6401
Batch Number: 100 | Loss: 0.7921
Batch Number: 101 | Loss: 0.6730
Batch Number: 102 | Loss: 0.6484
Batch Number: 103 | Loss: 0.5692
Batch Number: 104 | Loss: 0.7906
Batch Number: 105 | Loss: 0.8897
Batch Number: 106 | Loss: 0.3670
Batch Number: 107 | Loss: 0.8751
Batch Number: 108 | Loss: 0.5200
Batch Number: 109 | Loss: 0.6011
Batch Number: 110 | Loss: 0.6519
Batch Number: 111 | Loss: 0.6820
Batch Number: 112 | Loss: 0.4843
Batch Number: 113 | Loss: 0.7254
Batch Number: 114 | Loss: 0.5664
Batch Number: 115 | Loss: 0.3943
Batch Number: 116 | Loss: 0.7917
Batch Number: 117 | Loss: 0.6412
Batch Number: 118 | Loss: 0.7189
Batch Number: 119 | Loss: 0.7689
Batch Number: 120 | Loss: 0.5422
Batch Number: 121 | Loss: 0.6318
Batch Number: 122 | Loss: 0.4495
Batch Number: 123 | Loss: 0.6320
Batch Number: 124 | Loss: 0.6698
Batch Number: 125 | Loss: 0.5594
Batch Number: 126 | Loss: 0.5654
Batch Number: 127 | Loss: 0.4997
Batch Number: 128 | Loss: 0.6284
Batch Number: 129 | Loss: 0.7810
Batch Number: 130 | Loss: 0.7702
Batch Number: 131 | Loss: 0.4623
Batch Number: 132 | Loss: 0.5351
Batch Number: 133 | Loss: 0.8619
Batch Number: 134 | Loss: 0.4334
Batch Number: 135 | Loss: 0.5268
Batch Number: 136 | Loss: 0.5878
Batch Number: 137 | Loss: 0.5807
Batch Number: 138 | Loss: 0.6709
Batch Number: 139 | Loss: 0.5271
Batch Number: 140 | Loss: 0.6799
Batch Number: 141 | Loss: 0.6596
Batch Number: 142 | Loss: 0.6195
Batch Number: 143 | Loss: 0.5749
Batch Number: 144 | Loss: 0.6693
Batch Number: 145 | Loss: 0.7999
Batch Number: 146 | Loss: 0.8602
Batch Number: 147 | Loss: 0.6941
Batch Number: 148 | Loss: 0.6572
Batch Number: 149 | Loss: 0.8513
Batch Number: 150 | Loss: 0.5659
Batch Number: 151 | Loss: 0.5261
Batch Number: 152 | Loss: 0.6981
Batch Number: 153 | Loss: 0.8024
Batch Number: 154 | Loss: 0.5607
Batch Number: 155 | Loss: 0.4956
Batch Number: 156 | Loss: 0.6280
Batch Number: 157 | Loss: 0.5405
Batch Number: 158 | Loss: 0.7210
Batch Number: 159 | Loss: 0.4666
Batch Number: 160 | Loss: 0.4245
Batch Number: 161 | Loss: 0.6957
Batch Number: 162 | Loss: 0.6314
Batch Number: 163 | Loss: 0.5160
Batch Number: 164 | Loss: 0.3050
Batch Number: 165 | Loss: 0.5160
Batch Number: 166 | Loss: 0.4435
Batch Number: 167 | Loss: 0.5607
Batch Number: 168 | Loss: 0.5143
Batch Number: 169 | Loss: 0.6965
Batch Number: 170 | Loss: 0.5982
Batch Number: 171 | Loss: 0.4662
Batch Number: 172 | Loss: 0.6496
Batch Number: 173 | Loss: 0.7189
Batch Number: 174 | Loss: 0.4535
Batch Number: 175 | Loss: 0.6964
Batch Number: 176 | Loss: 0.4643
Batch Number: 177 | Loss: 0.7470
Batch Number: 178 | Loss: 0.6295
Batch Number: 179 | Loss: 0.5815
Batch Number: 180 | Loss: 0.6123
Batch Number: 181 | Loss: 0.5567
Batch Number: 182 | Loss: 0.5794
Batch Number: 183 | Loss: 0.5641
Batch Number: 184 | Loss: 0.4325
Batch Number: 185 | Loss: 0.7518
Batch Number: 186 | Loss: 0.3856
Batch Number: 187 | Loss: 0.6485
Batch Number: 188 | Loss: 0.1980
Batch Number: 189 | Loss: 0.5151
Batch Number: 190 | Loss: 0.4972
Batch Number: 191 | Loss: 0.5143
Batch Number: 192 | Loss: 0.6742
Batch Number: 193 | Loss: 0.3719
Batch Number: 194 | Loss: 0.6062
Batch Number: 195 | Loss: 0.5075
Batch Number: 196 | Loss: 0.6370
Batch Number: 197 | Loss: 0.4337
Batch Number: 198 | Loss: 0.6214
Batch Number: 199 | Loss: 0.4177
Batch Number: 200 | Loss: 0.5662
Batch Number: 201 | Loss: 0.4554
Batch Number: 202 | Loss: 0.7930
Batch Number: 203 | Loss: 0.6575
Batch Number: 204 | Loss: 0.4817
Batch Number: 205 | Loss: 0.4522
Batch Number: 206 | Loss: 0.6970
Batch Number: 207 | Loss: 0.5022
Batch Number: 208 | Loss: 0.2500
Batch Number: 209 | Loss: 0.4094
Batch Number: 210 | Loss: 0.7910
Batch Number: 211 | Loss: 0.5724
Batch Number: 212 | Loss: 0.7587
Batch Number: 213 | Loss: 0.6246
Batch Number: 214 | Loss: 0.7549
Batch Number: 215 | Loss: 0.3722
Batch Number: 216 | Loss: 0.6804
Batch Number: 217 | Loss: 0.5345
Batch Number: 218 | Loss: 0.8024
Batch Number: 219 | Loss: 0.5094
Batch Number: 220 | Loss: 0.2594
Batch Number: 221 | Loss: 0.4312
Batch Number: 222 | Loss: 0.7091
Batch Number: 223 | Loss: 0.4949
Batch Number: 224 | Loss: 0.4981
Batch Number: 225 | Loss: 0.5770
Batch Number: 226 | Loss: 0.5031
Batch Number: 227 | Loss: 0.7679
Batch Number: 228 | Loss: 0.4515
Batch Number: 229 | Loss: 0.4121
Batch Number: 230 | Loss: 0.5062
Batch Number: 231 | Loss: 0.6596
Batch Number: 232 | Loss: 0.6836
Batch Number: 233 | Loss: 0.4689
Batch Number: 234 | Loss: 0.4390
Batch Number: 235 | Loss: 0.6281
Batch Number: 236 | Loss: 0.5361
Batch Number: 237 | Loss: 0.4868
Batch Number: 238 | Loss: 0.5757
Batch Number: 239 | Loss: 0.6185
Batch Number: 240 | Loss: 0.4050
Initialization complete. Training on 184005 example sentences.
Batch Number: 1 | Loss: 8.1132
Batch Number: 2 | Loss: 7.2368
Batch Number: 3 | Loss: 6.5939
Batch Number: 4 | Loss: 5.5565
Batch Number: 5 | Loss: 5.0314
Batch Number: 6 | Loss: 4.3452
Batch Number: 7 | Loss: 3.6264
Batch Number: 8 | Loss: 2.8543
Batch Number: 9 | Loss: 2.1502
Batch Number: 10 | Loss: 2.1606
Batch Number: 11 | Loss: 1.3135
Batch Number: 12 | Loss: 1.1430
Batch Number: 13 | Loss: 0.8260
Batch Number: 14 | Loss: 0.7734
Batch Number: 15 | Loss: 0.7561
Batch Number: 16 | Loss: 0.8695
Batch Number: 17 | Loss: 0.7598
Batch Number: 18 | Loss: 0.8514
Batch Number: 19 | Loss: 0.7240
Batch Number: 20 | Loss: 0.8033
Batch Number: 21 | Loss: 0.9498
Batch Number: 22 | Loss: 0.7313
Batch Number: 23 | Loss: 0.7418
Batch Number: 24 | Loss: 0.7031
Batch Number: 25 | Loss: 0.7636
Batch Number: 26 | Loss: 0.8696
Batch Number: 27 | Loss: 0.6311
Batch Number: 28 | Loss: 0.9053
Batch Number: 29 | Loss: 0.8742
Batch Number: 30 | Loss: 0.6687
Batch Number: 31 | Loss: 0.6842
Batch Number: 32 | Loss: 0.7447
Batch Number: 33 | Loss: 0.6479
Batch Number: 34 | Loss: 0.3471
Batch Number: 35 | Loss: 0.5229
Batch Number: 36 | Loss: 0.8378
Batch Number: 37 | Loss: 0.6409
Batch Number: 38 | Loss: 0.7652
Batch Number: 39 | Loss: 0.8388
Batch Number: 40 | Loss: 0.6030
Batch Number: 41 | Loss: 0.8591
Batch Number: 42 | Loss: 0.7871
Batch Number: 43 | Loss: 0.4747
Batch Number: 44 | Loss: 0.8890
Batch Number: 45 | Loss: 0.8136
Batch Number: 46 | Loss: 0.7517
Batch Number: 47 | Loss: 0.5794
Batch Number: 48 | Loss: 0.5375
Batch Number: 49 | Loss: 0.5124
Batch Number: 50 | Loss: 0.4844
Batch Number: 51 | Loss: 0.6798
Batch Number: 52 | Loss: 0.8402
Batch Number: 53 | Loss: 0.8107
Batch Number: 54 | Loss: 0.3599
Batch Number: 55 | Loss: 0.7118
Batch Number: 56 | Loss: 0.9343
Batch Number: 57 | Loss: 0.8850
Batch Number: 58 | Loss: 0.8585
Batch Number: 59 | Loss: 0.4233
Batch Number: 60 | Loss: 0.4247
Batch Number: 61 | Loss: 0.5985
Batch Number: 62 | Loss: 0.9029
Batch Number: 63 | Loss: 0.4532
Batch Number: 64 | Loss: 0.5636
Batch Number: 65 | Loss: 0.7275
Batch Number: 66 | Loss: 0.5305
Batch Number: 67 | Loss: 0.6892
Batch Number: 68 | Loss: 0.7547
Batch Number: 69 | Loss: 0.7643
Batch Number: 70 | Loss: 0.6858
Batch Number: 71 | Loss: 0.5993
Batch Number: 72 | Loss: 0.5585
Batch Number: 73 | Loss: 0.4828
Batch Number: 74 | Loss: 0.6096
Batch Number: 75 | Loss: 0.8989
Batch Number: 76 | Loss: 0.2059
Batch Number: 77 | Loss: 0.5425
Batch Number: 78 | Loss: 0.7081
Batch Number: 79 | Loss: 0.5884
Batch Number: 80 | Loss: 0.6540
Batch Number: 81 | Loss: 0.9707
Batch Number: 82 | Loss: 0.2812
Batch Number: 83 | Loss: 0.6602
Batch Number: 84 | Loss: 0.5312
Batch Number: 85 | Loss: 0.9985
Batch Number: 86 | Loss: 0.6864
Batch Number: 87 | Loss: 0.9712
Batch Number: 88 | Loss: 0.5572
Batch Number: 89 | Loss: 0.5491
Batch Number: 90 | Loss: 0.6424
Batch Number: 91 | Loss: 0.3681
Batch Number: 92 | Loss: 0.4398
Batch Number: 93 | Loss: 0.5541
Batch Number: 94 | Loss: 0.3775
Batch Number: 95 | Loss: 0.3789
Batch Number: 96 | Loss: 0.5322
Batch Number: 97 | Loss: 0.6782
Batch Number: 98 | Loss: 0.6256
Batch Number: 99 | Loss: 0.5716
Batch Number: 100 | Loss: 0.7719
Batch Number: 101 | Loss: 0.7822
Batch Number: 102 | Loss: 0.6463
Batch Number: 103 | Loss: 0.5773
Batch Number: 104 | Loss: 0.6651
Batch Number: 105 | Loss: 0.8124
Batch Number: 106 | Loss: 0.4435
Batch Number: 107 | Loss: 0.9327
Batch Number: 108 | Loss: 0.7730
Batch Number: 109 | Loss: 0.3462
Batch Number: 110 | Loss: 0.6622
Batch Number: 111 | Loss: 0.6776
Batch Number: 112 | Loss: 0.6208
Batch Number: 113 | Loss: 0.7968
Batch Number: 114 | Loss: 0.7716
Batch Number: 115 | Loss: 0.3654
Batch Number: 116 | Loss: 0.7669
Batch Number: 117 | Loss: 0.7118
Batch Number: 118 | Loss: 0.7458
Batch Number: 119 | Loss: 0.8487
Batch Number: 120 | Loss: 0.6824
Batch Number: 121 | Loss: 0.7594
Batch Number: 122 | Loss: 0.4773
Batch Number: 123 | Loss: 0.5831
Batch Number: 124 | Loss: 0.8608
Batch Number: 125 | Loss: 0.4683
Batch Number: 126 | Loss: 0.7483
Batch Number: 127 | Loss: 0.6278
Batch Number: 128 | Loss: 0.4564
Batch Number: 129 | Loss: 0.7635
Batch Number: 130 | Loss: 0.6615
Batch Number: 131 | Loss: 0.4967
Batch Number: 132 | Loss: 0.6418
Batch Number: 133 | Loss: 0.9235
Batch Number: 134 | Loss: 0.4315
Batch Number: 135 | Loss: 0.6072
Batch Number: 136 | Loss: 0.6556
Batch Number: 137 | Loss: 0.5173
Batch Number: 138 | Loss: 0.7063
Batch Number: 139 | Loss: 0.6026
Batch Number: 140 | Loss: 0.6675
Batch Number: 141 | Loss: 0.6289
Batch Number: 142 | Loss: 0.5540
Batch Number: 143 | Loss: 0.6090
Batch Number: 144 | Loss: 0.7309
Batch Number: 145 | Loss: 0.6716
Batch Number: 146 | Loss: 0.7690
Batch Number: 147 | Loss: 0.7660
Batch Number: 148 | Loss: 0.6943
Batch Number: 149 | Loss: 0.8607
Batch Number: 150 | Loss: 0.5583
Batch Number: 151 | Loss: 0.5631
Batch Number: 152 | Loss: 0.7819
Batch Number: 153 | Loss: 0.7277
Batch Number: 154 | Loss: 0.6086
Batch Number: 155 | Loss: 0.3654
Batch Number: 156 | Loss: 0.5030
Batch Number: 157 | Loss: 0.4955
Batch Number: 158 | Loss: 0.7640
Batch Number: 159 | Loss: 0.4330
Batch Number: 160 | Loss: 0.4207
Batch Number: 161 | Loss: 0.6665
Batch Number: 162 | Loss: 0.6384
Batch Number: 163 | Loss: 0.4452
Batch Number: 164 | Loss: 0.1382
Batch Number: 165 | Loss: 0.6196
Batch Number: 166 | Loss: 0.3572
Batch Number: 167 | Loss: 0.6190
Batch Number: 168 | Loss: 0.4250
Batch Number: 169 | Loss: 0.5939
Batch Number: 170 | Loss: 0.4463
Batch Number: 171 | Loss: 0.3963
Batch Number: 172 | Loss: 0.4941
Batch Number: 173 | Loss: 0.7191
Batch Number: 174 | Loss: 0.3921
Batch Number: 175 | Loss: 0.6080
Batch Number: 176 | Loss: 0.3852
Batch Number: 177 | Loss: 0.7620
Batch Number: 178 | Loss: 0.6437
Batch Number: 179 | Loss: 0.6239
Batch Number: 180 | Loss: 0.5420
Batch Number: 181 | Loss: 0.4615
Batch Number: 182 | Loss: 0.6439
Batch Number: 183 | Loss: 0.5867
Batch Number: 184 | Loss: 0.3695
Batch Number: 185 | Loss: 0.6029
Batch Number: 186 | Loss: 0.5776
Batch Number: 187 | Loss: 0.7266
Batch Number: 188 | Loss: 0.2577
Batch Number: 189 | Loss: 0.3613
Batch Number: 190 | Loss: 0.4325
Batch Number: 191 | Loss: 0.5963
Batch Number: 192 | Loss: 0.4935
Batch Number: 193 | Loss: 0.3552
Batch Number: 194 | Loss: 0.6857
Batch Number: 195 | Loss: 0.5325
Batch Number: 196 | Loss: 0.5521
Batch Number: 197 | Loss: 0.5382
Batch Number: 198 | Loss: 0.5467
Batch Number: 199 | Loss: 0.3872
Batch Number: 200 | Loss: 0.3072
Batch Number: 201 | Loss: 0.4355
Batch Number: 202 | Loss: 0.6820
Batch Number: 203 | Loss: 0.6303
Batch Number: 204 | Loss: 0.5096
Batch Number: 205 | Loss: 0.5813
Batch Number: 206 | Loss: 0.6044
Batch Number: 207 | Loss: 0.3988
Batch Number: 208 | Loss: 0.2707
Batch Number: 209 | Loss: 0.3712
Batch Number: 210 | Loss: 0.7631
Batch Number: 211 | Loss: 0.5591
Batch Number: 212 | Loss: 0.6945
Batch Number: 213 | Loss: 0.5007
Batch Number: 214 | Loss: 0.6777
Batch Number: 215 | Loss: 0.4128
Batch Number: 216 | Loss: 0.5826
Batch Number: 217 | Loss: 0.6034
Batch Number: 218 | Loss: 0.8422
Batch Number: 219 | Loss: 0.5777
Batch Number: 220 | Loss: 0.2052
Batch Number: 221 | Loss: 0.3156
Batch Number: 222 | Loss: 0.6018
Batch Number: 223 | Loss: 0.5451
Batch Number: 224 | Loss: 0.4104
Batch Number: 225 | Loss: 0.6054
Batch Number: 226 | Loss: 0.4704
Batch Number: 227 | Loss: 0.8225
Batch Number: 228 | Loss: 0.4982
Batch Number: 229 | Loss: 0.4493
Batch Number: 230 | Loss: 0.8025
Batch Number: 231 | Loss: 0.6203
Batch Number: 232 | Loss: 0.6576
Batch Number: 233 | Loss: 0.5928
Batch Number: 234 | Loss: 0.4460
Batch Number: 235 | Loss: 0.6644
Batch Number: 236 | Loss: 0.5475
Batch Number: 237 | Loss: 0.3816
Batch Number: 238 | Loss: 0.6758
Batch Number: 239 | Loss: 0.8443
Batch Number: 240 | Loss: 0.3618
Initialization complete. Training on 184005 example sentences.
Batch Number: 1 | Loss: 5.2697
Batch Number: 2 | Loss: 4.2193
Batch Number: 3 | Loss: 3.1588
Batch Number: 4 | Loss: 2.9310
Batch Number: 5 | Loss: 2.1380
Batch Number: 6 | Loss: 1.2702
Batch Number: 7 | Loss: 0.8918
Batch Number: 8 | Loss: 0.7193
Batch Number: 9 | Loss: 0.7264
Batch Number: 10 | Loss: 0.9292
Batch Number: 11 | Loss: 0.9350
Batch Number: 12 | Loss: 0.9764
Batch Number: 13 | Loss: 0.6852
Batch Number: 14 | Loss: 0.6583
Batch Number: 15 | Loss: 0.8595
Batch Number: 16 | Loss: 0.8491
Batch Number: 17 | Loss: 0.7318
Batch Number: 18 | Loss: 0.7440
Batch Number: 19 | Loss: 0.6280
Batch Number: 20 | Loss: 0.8197
Batch Number: 21 | Loss: 0.9556
Batch Number: 22 | Loss: 0.7872
Batch Number: 23 | Loss: 0.7711
Batch Number: 24 | Loss: 0.7421
Batch Number: 25 | Loss: 0.7946
Batch Number: 26 | Loss: 0.8635
Batch Number: 27 | Loss: 0.6209
Batch Number: 28 | Loss: 0.8862
Batch Number: 29 | Loss: 0.7351
Batch Number: 30 | Loss: 0.6243
Batch Number: 31 | Loss: 0.7952
Batch Number: 32 | Loss: 0.8891
Batch Number: 33 | Loss: 0.6394
Batch Number: 34 | Loss: 0.3260
Batch Number: 35 | Loss: 0.6468
Batch Number: 36 | Loss: 0.7785
Batch Number: 37 | Loss: 0.5855
Batch Number: 38 | Loss: 0.6593
Batch Number: 39 | Loss: 0.7502
Batch Number: 40 | Loss: 0.5261
Batch Number: 41 | Loss: 0.8323
Batch Number: 42 | Loss: 0.7689
Batch Number: 43 | Loss: 0.5880
Batch Number: 44 | Loss: 0.9812
Batch Number: 45 | Loss: 0.6684
Batch Number: 46 | Loss: 0.7639
Batch Number: 47 | Loss: 0.6621
Batch Number: 48 | Loss: 0.4944
Batch Number: 49 | Loss: 0.3812
Batch Number: 50 | Loss: 0.5586
Batch Number: 51 | Loss: 0.6370
Batch Number: 52 | Loss: 0.9760
Batch Number: 53 | Loss: 0.8612
Batch Number: 54 | Loss: 0.4386
Batch Number: 55 | Loss: 0.5719
Batch Number: 56 | Loss: 1.0722
Batch Number: 57 | Loss: 0.9090
Batch Number: 58 | Loss: 0.9906
Batch Number: 59 | Loss: 0.3457
Batch Number: 60 | Loss: 0.2765
Batch Number: 61 | Loss: 0.5896
Batch Number: 62 | Loss: 0.7969
Batch Number: 63 | Loss: 0.5289
Batch Number: 64 | Loss: 0.6920
Batch Number: 65 | Loss: 0.9228
Batch Number: 66 | Loss: 0.4779
Batch Number: 67 | Loss: 0.6777
Batch Number: 68 | Loss: 0.7848
Batch Number: 69 | Loss: 0.6927
Batch Number: 70 | Loss: 0.6786
Batch Number: 71 | Loss: 0.5583
Batch Number: 72 | Loss: 0.7093
Batch Number: 73 | Loss: 0.5539
Batch Number: 74 | Loss: 0.4547
Batch Number: 75 | Loss: 0.7963
Batch Number: 76 | Loss: 0.3664
Batch Number: 77 | Loss: 0.5105
Batch Number: 78 | Loss: 0.8782
Batch Number: 79 | Loss: 0.6795
Batch Number: 80 | Loss: 0.6152
Batch Number: 81 | Loss: 0.8898
Batch Number: 82 | Loss: 0.2620
Batch Number: 83 | Loss: 0.7362
Batch Number: 84 | Loss: 0.5648
Batch Number: 85 | Loss: 1.0120
Batch Number: 86 | Loss: 0.5965
Batch Number: 87 | Loss: 0.8763
Batch Number: 88 | Loss: 0.6961
Batch Number: 89 | Loss: 0.5972
Batch Number: 90 | Loss: 0.8394
Batch Number: 91 | Loss: 0.4583
Batch Number: 92 | Loss: 0.4663
Batch Number: 93 | Loss: 0.6233
Batch Number: 94 | Loss: 0.3989
Batch Number: 95 | Loss: 0.3372
Batch Number: 96 | Loss: 0.3931
Batch Number: 97 | Loss: 0.5866
Batch Number: 98 | Loss: 0.5962
Batch Number: 99 | Loss: 0.6827
Batch Number: 100 | Loss: 0.8610
Batch Number: 101 | Loss: 0.7593
Batch Number: 102 | Loss: 0.4402
Batch Number: 103 | Loss: 0.6132
Batch Number: 104 | Loss: 0.6806
Batch Number: 105 | Loss: 0.8007
Batch Number: 106 | Loss: 0.3814
Batch Number: 107 | Loss: 0.8415
Batch Number: 108 | Loss: 0.4388
Batch Number: 109 | Loss: 0.5203
Batch Number: 110 | Loss: 0.6474
Batch Number: 111 | Loss: 0.7425
Batch Number: 112 | Loss: 0.6737
Batch Number: 113 | Loss: 0.9513
Batch Number: 114 | Loss: 0.6394
Batch Number: 115 | Loss: 0.5214
Batch Number: 116 | Loss: 0.7217
Batch Number: 117 | Loss: 0.6341
Batch Number: 118 | Loss: 0.5608
Batch Number: 119 | Loss: 0.8811
Batch Number: 120 | Loss: 0.5835
Batch Number: 121 | Loss: 0.6348
Batch Number: 122 | Loss: 0.5384
Batch Number: 123 | Loss: 0.6631
Batch Number: 124 | Loss: 0.6781
Batch Number: 125 | Loss: 0.6404
Batch Number: 126 | Loss: 0.5369
Batch Number: 127 | Loss: 0.5314
Batch Number: 128 | Loss: 0.3515
Batch Number: 129 | Loss: 0.8048
Batch Number: 130 | Loss: 0.7741
Batch Number: 131 | Loss: 0.6393
Batch Number: 132 | Loss: 0.7081
Batch Number: 133 | Loss: 0.7353
Batch Number: 134 | Loss: 0.5198
Batch Number: 135 | Loss: 0.5540
Batch Number: 136 | Loss: 0.7693
Batch Number: 137 | Loss: 0.4483
Batch Number: 138 | Loss: 0.7214
Batch Number: 139 | Loss: 0.4721
Batch Number: 140 | Loss: 0.5453
Batch Number: 141 | Loss: 0.6685
Batch Number: 142 | Loss: 0.5834
Batch Number: 143 | Loss: 0.6385
Batch Number: 144 | Loss: 0.8049
Batch Number: 145 | Loss: 0.6490
Batch Number: 146 | Loss: 0.8026
Batch Number: 147 | Loss: 0.6995
Batch Number: 148 | Loss: 0.6308
Batch Number: 149 | Loss: 0.9139
Batch Number: 150 | Loss: 0.6338
Batch Number: 151 | Loss: 0.3941
Batch Number: 152 | Loss: 0.6575
Batch Number: 153 | Loss: 0.7446
Batch Number: 154 | Loss: 0.6814
Batch Number: 155 | Loss: 0.4529
Batch Number: 156 | Loss: 0.5969
Batch Number: 157 | Loss: 0.5392
Batch Number: 158 | Loss: 0.6669
Batch Number: 159 | Loss: 0.5945
Batch Number: 160 | Loss: 0.3522
Batch Number: 161 | Loss: 0.5603
Batch Number: 162 | Loss: 0.6099
Batch Number: 163 | Loss: 0.5323
Batch Number: 164 | Loss: 0.2365
Batch Number: 165 | Loss: 0.5306
Batch Number: 166 | Loss: 0.3677
Batch Number: 167 | Loss: 0.5478
Batch Number: 168 | Loss: 0.6142
Batch Number: 169 | Loss: 0.6376
Batch Number: 170 | Loss: 0.4089
Batch Number: 171 | Loss: 0.3716
Batch Number: 172 | Loss: 0.6553
Batch Number: 173 | Loss: 0.6735
Batch Number: 174 | Loss: 0.4598
Batch Number: 175 | Loss: 0.4957
Batch Number: 176 | Loss: 0.4344
Batch Number: 177 | Loss: 0.7653
Batch Number: 178 | Loss: 0.6465
Batch Number: 179 | Loss: 0.5839
Batch Number: 180 | Loss: 0.5137
Batch Number: 181 | Loss: 0.4429
Batch Number: 182 | Loss: 0.6849
Batch Number: 183 | Loss: 0.5895
Batch Number: 184 | Loss: 0.3605
Batch Number: 185 | Loss: 0.7491
Batch Number: 186 | Loss: 0.3731
Batch Number: 187 | Loss: 0.7454
Batch Number: 188 | Loss: 0.2494
Batch Number: 189 | Loss: 0.5961
Batch Number: 190 | Loss: 0.2535
Batch Number: 191 | Loss: 0.3558
Batch Number: 192 | Loss: 0.5305
Batch Number: 193 | Loss: 0.4172
Batch Number: 194 | Loss: 0.5169
Batch Number: 195 | Loss: 0.3989
Batch Number: 196 | Loss: 0.5528
Batch Number: 197 | Loss: 0.4686
Batch Number: 198 | Loss: 0.4775
Batch Number: 199 | Loss: 0.4776
Batch Number: 200 | Loss: 0.6161
Batch Number: 201 | Loss: 0.4630
Batch Number: 202 | Loss: 0.6968
Batch Number: 203 | Loss: 0.5856
Batch Number: 204 | Loss: 0.6548
Batch Number: 205 | Loss: 0.4126
Batch Number: 206 | Loss: 0.6959
Batch Number: 207 | Loss: 0.4793
Batch Number: 208 | Loss: 0.2860
Batch Number: 209 | Loss: 0.3577
Batch Number: 210 | Loss: 0.5940
Batch Number: 211 | Loss: 0.5772
Batch Number: 212 | Loss: 0.7940
Batch Number: 213 | Loss: 0.7059
Batch Number: 214 | Loss: 0.6857
Batch Number: 215 | Loss: 0.3062
Batch Number: 216 | Loss: 0.7585
Batch Number: 217 | Loss: 0.6601
Batch Number: 218 | Loss: 0.8151
Batch Number: 219 | Loss: 0.6006
Batch Number: 220 | Loss: 0.2763
Batch Number: 221 | Loss: 0.3634
Batch Number: 222 | Loss: 0.6222
Batch Number: 223 | Loss: 0.7376
Batch Number: 224 | Loss: 0.6348
Batch Number: 225 | Loss: 0.4457
Batch Number: 226 | Loss: 0.5202
Batch Number: 227 | Loss: 0.7297
Batch Number: 228 | Loss: 0.4942
Batch Number: 229 | Loss: 0.5873
Batch Number: 230 | Loss: 0.6387
Batch Number: 231 | Loss: 0.6086
Batch Number: 232 | Loss: 0.6351
Batch Number: 233 | Loss: 0.6465
Batch Number: 234 | Loss: 0.3991
Batch Number: 235 | Loss: 0.6752
Batch Number: 236 | Loss: 0.4930
Batch Number: 237 | Loss: 0.3661
Batch Number: 238 | Loss: 0.4600
Batch Number: 239 | Loss: 0.6362
Batch Number: 240 | Loss: 0.3002
paper: 0.5344142389297485
us: 0.5211313557624817
Ending: 04/21/24 22:42:23
